This is pdfTeX, Version 3.1415926-2.4-1.40.13 (TeX Live 2012/W32TeX) (format=pdflatex 2013.3.9)  7 DEC 2014 11:46
entering extended mode
 restricted \write18 enabled.
 %&-line parsing enabled.
**README.tex
(./README.tex
LaTeX2e <2011/06/27>
Babel <v3.8m> and hyphenation patterns for english, dumylang, nohyphenation, ge
rman-x-2012-05-30, ngerman-x-2012-05-30, afrikaans, ancientgreek, ibycus, arabi
c, armenian, basque, bulgarian, catalan, pinyin, coptic, croatian, czech, danis
h, dutch, ukenglish, usenglishmax, esperanto, estonian, ethiopic, farsi, finnis
h, french, friulan, galician, german, ngerman, swissgerman, monogreek, greek, h
ungarian, icelandic, assamese, bengali, gujarati, hindi, kannada, malayalam, ma
rathi, oriya, panjabi, tamil, telugu, indonesian, interlingua, irish, italian, 
kurmanji, latin, latvian, lithuanian, mongolian, mongolianlmc, bokmal, nynorsk,
 piedmontese, polish, portuguese, romanian, romansh, russian, sanskrit, serbian
, serbianc, slovak, slovenian, spanish, swedish, turkish, turkmen, ukrainian, u
ppersorbian, welsh, loaded.
(d:/usr/texlive/2012/texmf-dist/tex/latex/base/book.cls
Document Class: book 2007/10/19 v1.4h Standard LaTeX document class
(d:/usr/texlive/2012/texmf-dist/tex/latex/base/bk12.clo
File: bk12.clo 2007/10/19 v1.4h Standard LaTeX file (size option)
)
\c@part=\count79
\c@chapter=\count80
\c@section=\count81
\c@subsection=\count82
\c@subsubsection=\count83
\c@paragraph=\count84
\c@subparagraph=\count85
\c@figure=\count86
\c@table=\count87
\abovecaptionskip=\skip41
\belowcaptionskip=\skip42
\bibindent=\dimen102
)
(d:/usr/texlive/2012/texmf-dist/tex/latex/kotex/kotex.sty
Package: kotex 2012/10/27 v0.1.1 Korean TeX (ko.TeX)

(d:/usr/texlive/2012/texmf-dist/tex/latex/kotex/kotex.cfg)
(d:/usr/texlive/2012/texmf-dist/tex/latex/kotex/utf/dhucs.sty
Package: dhucs 2012/11/08 v5.3.2 typesetting UTF-8 Korean documents

(d:/usr/texlive/2012/texmf-dist/tex/latex/kotex/utf/kotexutf.sty
Package: kotexutf 2012/09/14 v1.4 typesetting UTF-8 Korean documents

(d:/usr/texlive/2012/texmf-dist/tex/latex/base/inputenc.sty
Package: inputenc 2008/03/30 v1.1d Input encoding file
\inpenc@prehook=\toks14
\inpenc@posthook=\toks15

(d:/usr/texlive/2012/texmf-dist/tex/latex/base/utf8.def
File: utf8.def 2008/04/05 v1.1m UTF-8 support for inputenc
Now handling font encoding OML ...
... no UTF-8 mapping file for font encoding OML
Now handling font encoding T1 ...
... processing UTF-8 mapping file for font encoding T1

(d:/usr/texlive/2012/texmf-dist/tex/latex/base/t1enc.dfu
File: t1enc.dfu 2008/04/05 v1.1m UTF-8 support for inputenc
   defining Unicode char U+00A1 (decimal 161)
   defining Unicode char U+00A3 (decimal 163)
   defining Unicode char U+00AB (decimal 171)
   defining Unicode char U+00BB (decimal 187)
   defining Unicode char U+00BF (decimal 191)
   defining Unicode char U+00C0 (decimal 192)
   defining Unicode char U+00C1 (decimal 193)
   defining Unicode char U+00C2 (decimal 194)
   defining Unicode char U+00C3 (decimal 195)
   defining Unicode char U+00C4 (decimal 196)
   defining Unicode char U+00C5 (decimal 197)
   defining Unicode char U+00C6 (decimal 198)
   defining Unicode char U+00C7 (decimal 199)
   defining Unicode char U+00C8 (decimal 200)
   defining Unicode char U+00C9 (decimal 201)
   defining Unicode char U+00CA (decimal 202)
   defining Unicode char U+00CB (decimal 203)
   defining Unicode char U+00CC (decimal 204)
   defining Unicode char U+00CD (decimal 205)
   defining Unicode char U+00CE (decimal 206)
   defining Unicode char U+00CF (decimal 207)
   defining Unicode char U+00D0 (decimal 208)
   defining Unicode char U+00D1 (decimal 209)
   defining Unicode char U+00D2 (decimal 210)
   defining Unicode char U+00D3 (decimal 211)
   defining Unicode char U+00D4 (decimal 212)
   defining Unicode char U+00D5 (decimal 213)
   defining Unicode char U+00D6 (decimal 214)
   defining Unicode char U+00D8 (decimal 216)
   defining Unicode char U+00D9 (decimal 217)
   defining Unicode char U+00DA (decimal 218)
   defining Unicode char U+00DB (decimal 219)
   defining Unicode char U+00DC (decimal 220)
   defining Unicode char U+00DD (decimal 221)
   defining Unicode char U+00DE (decimal 222)
   defining Unicode char U+00DF (decimal 223)
   defining Unicode char U+00E0 (decimal 224)
   defining Unicode char U+00E1 (decimal 225)
   defining Unicode char U+00E2 (decimal 226)
   defining Unicode char U+00E3 (decimal 227)
   defining Unicode char U+00E4 (decimal 228)
   defining Unicode char U+00E5 (decimal 229)
   defining Unicode char U+00E6 (decimal 230)
   defining Unicode char U+00E7 (decimal 231)
   defining Unicode char U+00E8 (decimal 232)
   defining Unicode char U+00E9 (decimal 233)
   defining Unicode char U+00EA (decimal 234)
   defining Unicode char U+00EB (decimal 235)
   defining Unicode char U+00EC (decimal 236)
   defining Unicode char U+00ED (decimal 237)
   defining Unicode char U+00EE (decimal 238)
   defining Unicode char U+00EF (decimal 239)
   defining Unicode char U+00F0 (decimal 240)
   defining Unicode char U+00F1 (decimal 241)
   defining Unicode char U+00F2 (decimal 242)
   defining Unicode char U+00F3 (decimal 243)
   defining Unicode char U+00F4 (decimal 244)
   defining Unicode char U+00F5 (decimal 245)
   defining Unicode char U+00F6 (decimal 246)
   defining Unicode char U+00F8 (decimal 248)
   defining Unicode char U+00F9 (decimal 249)
   defining Unicode char U+00FA (decimal 250)
   defining Unicode char U+00FB (decimal 251)
   defining Unicode char U+00FC (decimal 252)
   defining Unicode char U+00FD (decimal 253)
   defining Unicode char U+00FE (decimal 254)
   defining Unicode char U+00FF (decimal 255)
   defining Unicode char U+0102 (decimal 258)
   defining Unicode char U+0103 (decimal 259)
   defining Unicode char U+0104 (decimal 260)
   defining Unicode char U+0105 (decimal 261)
   defining Unicode char U+0106 (decimal 262)
   defining Unicode char U+0107 (decimal 263)
   defining Unicode char U+010C (decimal 268)
   defining Unicode char U+010D (decimal 269)
   defining Unicode char U+010E (decimal 270)
   defining Unicode char U+010F (decimal 271)
   defining Unicode char U+0110 (decimal 272)
   defining Unicode char U+0111 (decimal 273)
   defining Unicode char U+0118 (decimal 280)
   defining Unicode char U+0119 (decimal 281)
   defining Unicode char U+011A (decimal 282)
   defining Unicode char U+011B (decimal 283)
   defining Unicode char U+011E (decimal 286)
   defining Unicode char U+011F (decimal 287)
   defining Unicode char U+0130 (decimal 304)
   defining Unicode char U+0131 (decimal 305)
   defining Unicode char U+0132 (decimal 306)
   defining Unicode char U+0133 (decimal 307)
   defining Unicode char U+0139 (decimal 313)
   defining Unicode char U+013A (decimal 314)
   defining Unicode char U+013D (decimal 317)
   defining Unicode char U+013E (decimal 318)
   defining Unicode char U+0141 (decimal 321)
   defining Unicode char U+0142 (decimal 322)
   defining Unicode char U+0143 (decimal 323)
   defining Unicode char U+0144 (decimal 324)
   defining Unicode char U+0147 (decimal 327)
   defining Unicode char U+0148 (decimal 328)
   defining Unicode char U+014A (decimal 330)
   defining Unicode char U+014B (decimal 331)
   defining Unicode char U+0150 (decimal 336)
   defining Unicode char U+0151 (decimal 337)
   defining Unicode char U+0152 (decimal 338)
   defining Unicode char U+0153 (decimal 339)
   defining Unicode char U+0154 (decimal 340)
   defining Unicode char U+0155 (decimal 341)
   defining Unicode char U+0158 (decimal 344)
   defining Unicode char U+0159 (decimal 345)
   defining Unicode char U+015A (decimal 346)
   defining Unicode char U+015B (decimal 347)
   defining Unicode char U+015E (decimal 350)
   defining Unicode char U+015F (decimal 351)
   defining Unicode char U+0160 (decimal 352)
   defining Unicode char U+0161 (decimal 353)
   defining Unicode char U+0162 (decimal 354)
   defining Unicode char U+0163 (decimal 355)
   defining Unicode char U+0164 (decimal 356)
   defining Unicode char U+0165 (decimal 357)
   defining Unicode char U+016E (decimal 366)
   defining Unicode char U+016F (decimal 367)
   defining Unicode char U+0170 (decimal 368)
   defining Unicode char U+0171 (decimal 369)
   defining Unicode char U+0178 (decimal 376)
   defining Unicode char U+0179 (decimal 377)
   defining Unicode char U+017A (decimal 378)
   defining Unicode char U+017B (decimal 379)
   defining Unicode char U+017C (decimal 380)
   defining Unicode char U+017D (decimal 381)
   defining Unicode char U+017E (decimal 382)
   defining Unicode char U+200C (decimal 8204)
   defining Unicode char U+2013 (decimal 8211)
   defining Unicode char U+2014 (decimal 8212)
   defining Unicode char U+2018 (decimal 8216)
   defining Unicode char U+2019 (decimal 8217)
   defining Unicode char U+201A (decimal 8218)
   defining Unicode char U+201C (decimal 8220)
   defining Unicode char U+201D (decimal 8221)
   defining Unicode char U+201E (decimal 8222)
   defining Unicode char U+2030 (decimal 8240)
   defining Unicode char U+2031 (decimal 8241)
   defining Unicode char U+2039 (decimal 8249)
   defining Unicode char U+203A (decimal 8250)
   defining Unicode char U+2423 (decimal 9251)
)
Now handling font encoding OT1 ...
... processing UTF-8 mapping file for font encoding OT1

(d:/usr/texlive/2012/texmf-dist/tex/latex/base/ot1enc.dfu
File: ot1enc.dfu 2008/04/05 v1.1m UTF-8 support for inputenc
   defining Unicode char U+00A1 (decimal 161)
   defining Unicode char U+00A3 (decimal 163)
   defining Unicode char U+00B8 (decimal 184)
   defining Unicode char U+00BF (decimal 191)
   defining Unicode char U+00C5 (decimal 197)
   defining Unicode char U+00C6 (decimal 198)
   defining Unicode char U+00D8 (decimal 216)
   defining Unicode char U+00DF (decimal 223)
   defining Unicode char U+00E6 (decimal 230)
   defining Unicode char U+00EC (decimal 236)
   defining Unicode char U+00ED (decimal 237)
   defining Unicode char U+00EE (decimal 238)
   defining Unicode char U+00EF (decimal 239)
   defining Unicode char U+00F8 (decimal 248)
   defining Unicode char U+0131 (decimal 305)
   defining Unicode char U+0141 (decimal 321)
   defining Unicode char U+0142 (decimal 322)
   defining Unicode char U+0152 (decimal 338)
   defining Unicode char U+0153 (decimal 339)
   defining Unicode char U+2013 (decimal 8211)
   defining Unicode char U+2014 (decimal 8212)
   defining Unicode char U+2018 (decimal 8216)
   defining Unicode char U+2019 (decimal 8217)
   defining Unicode char U+201C (decimal 8220)
   defining Unicode char U+201D (decimal 8221)
)
Now handling font encoding OMS ...
... processing UTF-8 mapping file for font encoding OMS

(d:/usr/texlive/2012/texmf-dist/tex/latex/base/omsenc.dfu
File: omsenc.dfu 2008/04/05 v1.1m UTF-8 support for inputenc
   defining Unicode char U+00A7 (decimal 167)
   defining Unicode char U+00B6 (decimal 182)
   defining Unicode char U+00B7 (decimal 183)
   defining Unicode char U+2020 (decimal 8224)
   defining Unicode char U+2021 (decimal 8225)
   defining Unicode char U+2022 (decimal 8226)
)
Now handling font encoding OMX ...
... no UTF-8 mapping file for font encoding OMX
Now handling font encoding U ...
... no UTF-8 mapping file for font encoding U
   defining Unicode char U+00A9 (decimal 169)
   defining Unicode char U+00AA (decimal 170)
   defining Unicode char U+00AE (decimal 174)
   defining Unicode char U+00BA (decimal 186)
   defining Unicode char U+02C6 (decimal 710)
   defining Unicode char U+02DC (decimal 732)
   defining Unicode char U+200C (decimal 8204)
   defining Unicode char U+2026 (decimal 8230)
   defining Unicode char U+2122 (decimal 8482)
   defining Unicode char U+2423 (decimal 9251)
))
(d:/usr/texlive/2012/texmf-dist/tex/plain/kotex/utf/kotexutf-core.tex
\unih@ngulpoint=\count88
\dhucs@emph@raise=\dimen103
)
Now handling font encoding LUC ...
... processing UTF-8 mapping file for font encoding LUC

(d:/usr/texlive/2012/texmf-dist/tex/latex/kotex/utf/lucenc.dfu
File: lucenc.dfu 2007/09/05 UTF-8 support for hangul-ucs
   defining Unicode char U+00B7 (decimal 183)
   defining Unicode char U+2018 (decimal 8216)
   defining Unicode char U+2019 (decimal 8217)
   defining Unicode char U+201C (decimal 8220)
   defining Unicode char U+201D (decimal 8221)
   defining Unicode char U+3001 (decimal 12289)
   defining Unicode char U+3002 (decimal 12290)
   defining Unicode char U+3008 (decimal 12296)
   defining Unicode char U+3009 (decimal 12297)
   defining Unicode char U+300A (decimal 12298)
   defining Unicode char U+300B (decimal 12299)
   defining Unicode char U+300C (decimal 12300)
   defining Unicode char U+300D (decimal 12301)
   defining Unicode char U+300E (decimal 12302)
   defining Unicode char U+300F (decimal 12303)
   defining Unicode char U+3010 (decimal 12304)
   defining Unicode char U+3011 (decimal 12305)
   defining Unicode char U+3014 (decimal 12308)
   defining Unicode char U+3015 (decimal 12309)
   defining Unicode char U+3016 (decimal 12310)
   defining Unicode char U+3017 (decimal 12311)
   defining Unicode char U+3018 (decimal 12312)
   defining Unicode char U+3019 (decimal 12313)
   defining Unicode char U+301A (decimal 12314)
   defining Unicode char U+301B (decimal 12315)
   defining Unicode char U+FF01 (decimal 65281)
   defining Unicode char U+FF08 (decimal 65288)
   defining Unicode char U+FF09 (decimal 65289)
   defining Unicode char U+FF0C (decimal 65292)
   defining Unicode char U+FF0E (decimal 65294)
   defining Unicode char U+FF1A (decimal 65306)
   defining Unicode char U+FF1B (decimal 65307)
   defining Unicode char U+FF1C (decimal 65308)
   defining Unicode char U+FF1D (decimal 65309)
   defining Unicode char U+FF1E (decimal 65310)
   defining Unicode char U+FF1F (decimal 65311)
   defining Unicode char U+FF3B (decimal 65339)
   defining Unicode char U+FF3D (decimal 65341)
   defining Unicode char U+FF5B (decimal 65371)
   defining Unicode char U+FF5D (decimal 65373)
   defining Unicode char U+FF61 (decimal 65377)
   defining Unicode char U+FF62 (decimal 65378)
   defining Unicode char U+FF63 (decimal 65379)
   defining Unicode char U+FF64 (decimal 65380)
   defining Unicode char U+FF65 (decimal 65381)
)
\@josa=\count89
\josatoks=\toks16

(d:/usr/texlive/2012/texmf-dist/tex/latex/kotex/utf/kolabels-utf.tex))))
(d:/usr/texlive/2012/texmf-dist/tex/latex/graphics/graphicx.sty
Package: graphicx 1999/02/16 v1.0f Enhanced LaTeX Graphics (DPC,SPQR)

(d:/usr/texlive/2012/texmf-dist/tex/latex/graphics/keyval.sty
Package: keyval 1999/03/16 v1.13 key=value parser (DPC)
\KV@toks@=\toks17
)
(d:/usr/texlive/2012/texmf-dist/tex/latex/graphics/graphics.sty
Package: graphics 2009/02/05 v1.0o Standard LaTeX Graphics (DPC,SPQR)

(d:/usr/texlive/2012/texmf-dist/tex/latex/graphics/trig.sty
Package: trig 1999/03/16 v1.09 sin cos tan (DPC)
)
(d:/usr/texlive/2012/texmf-dist/tex/latex/latexconfig/graphics.cfg
File: graphics.cfg 2010/04/23 v1.9 graphics configuration of TeX Live
)
Package graphics Info: Driver file: pdftex.def on input line 91.

(d:/usr/texlive/2012/texmf-dist/tex/latex/pdftex-def/pdftex.def
File: pdftex.def 2011/05/27 v0.06d Graphics/color for pdfTeX

(d:/usr/texlive/2012/texmf-dist/tex/generic/oberdiek/infwarerr.sty
Package: infwarerr 2010/04/08 v1.3 Providing info/warning/error messages (HO)
)
(d:/usr/texlive/2012/texmf-dist/tex/generic/oberdiek/ltxcmds.sty
Package: ltxcmds 2011/11/09 v1.22 LaTeX kernel commands for general use (HO)
)
\Gread@gobject=\count90
))
\Gin@req@height=\dimen104
\Gin@req@width=\dimen105
)
(d:/usr/texlive/2012/texmf-dist/tex/latex/oberdiek/epstopdf.sty
Package: epstopdf 2010/02/09 v2.5 Conversion with epstopdf on the fly (HO)

(d:/usr/texlive/2012/texmf-dist/tex/latex/oberdiek/epstopdf-base.sty
Package: epstopdf-base 2010/02/09 v2.5 Base part for package epstopdf

(d:/usr/texlive/2012/texmf-dist/tex/latex/oberdiek/grfext.sty
Package: grfext 2010/08/19 v1.1 Manage graphics extensions (HO)

(d:/usr/texlive/2012/texmf-dist/tex/generic/oberdiek/kvdefinekeys.sty
Package: kvdefinekeys 2011/04/07 v1.3 Define keys (HO)
))
(d:/usr/texlive/2012/texmf-dist/tex/latex/oberdiek/kvoptions.sty
Package: kvoptions 2011/06/30 v3.11 Key value format for package options (HO)

(d:/usr/texlive/2012/texmf-dist/tex/generic/oberdiek/kvsetkeys.sty
Package: kvsetkeys 2012/04/25 v1.16 Key value parser (HO)

(d:/usr/texlive/2012/texmf-dist/tex/generic/oberdiek/etexcmds.sty
Package: etexcmds 2011/02/16 v1.5 Avoid name clashes with e-TeX commands (HO)

(d:/usr/texlive/2012/texmf-dist/tex/generic/oberdiek/ifluatex.sty
Package: ifluatex 2010/03/01 v1.3 Provides the ifluatex switch (HO)
Package ifluatex Info: LuaTeX not detected.
)
Package etexcmds Info: Could not find \expanded.
(etexcmds)             That can mean that you are not using pdfTeX 1.50 or
(etexcmds)             that some package has redefined \expanded.
(etexcmds)             In the latter case, load this package earlier.
)))
(d:/usr/texlive/2012/texmf-dist/tex/generic/oberdiek/pdftexcmds.sty
Package: pdftexcmds 2011/11/29 v0.20 Utility functions of pdfTeX for LuaTeX (HO
)

(d:/usr/texlive/2012/texmf-dist/tex/generic/oberdiek/ifpdf.sty
Package: ifpdf 2011/01/30 v2.3 Provides the ifpdf switch (HO)
Package ifpdf Info: pdfTeX in PDF mode is detected.
)
Package pdftexcmds Info: LuaTeX not detected.
Package pdftexcmds Info: \pdf@primitive is available.
Package pdftexcmds Info: \pdf@ifprimitive is available.
Package pdftexcmds Info: \pdfdraftmode found.
)
Package grfext Info: Graphics extension search list:
(grfext)             [.png,.pdf,.jpg,.mps,.jpeg,.jbig2,.jb2,.PNG,.PDF,.JPG,.JPE
G,.JBIG2,.JB2,.eps]
(grfext)             \AppendGraphicsExtensions on input line 452.

(d:/usr/texlive/2012/texmf-dist/tex/latex/latexconfig/epstopdf-sys.cfg
File: epstopdf-sys.cfg 2010/07/13 v1.3 Configuration of (r)epstopdf for TeX Liv
e
)))
(d:/usr/texlive/2012/texmf-dist/tex/latex/amscls/amsthm.sty
Package: amsthm 2004/08/06 v2.20
\thm@style=\toks18
\thm@bodyfont=\toks19
\thm@headfont=\toks20
\thm@notefont=\toks21
\thm@headpunct=\toks22
\thm@preskip=\skip43
\thm@postskip=\skip44
\thm@headsep=\skip45
\dth@everypar=\toks23
)
(d:/usr/texlive/2012/texmf-dist/tex/latex/amsmath/amsmath.sty
Package: amsmath 2000/07/18 v2.13 AMS math features
\@mathmargin=\skip46

For additional information on amsmath, use the `?' option.
(d:/usr/texlive/2012/texmf-dist/tex/latex/amsmath/amstext.sty
Package: amstext 2000/06/29 v2.01

(d:/usr/texlive/2012/texmf-dist/tex/latex/amsmath/amsgen.sty
File: amsgen.sty 1999/11/30 v2.0
\@emptytoks=\toks24
\ex@=\dimen106
))
(d:/usr/texlive/2012/texmf-dist/tex/latex/amsmath/amsbsy.sty
Package: amsbsy 1999/11/29 v1.2d
\pmbraise@=\dimen107
)
(d:/usr/texlive/2012/texmf-dist/tex/latex/amsmath/amsopn.sty
Package: amsopn 1999/12/14 v2.01 operator names
)
\inf@bad=\count91
LaTeX Info: Redefining \frac on input line 211.
\uproot@=\count92
\leftroot@=\count93
LaTeX Info: Redefining \overline on input line 307.
\classnum@=\count94
\DOTSCASE@=\count95
LaTeX Info: Redefining \ldots on input line 379.
LaTeX Info: Redefining \dots on input line 382.
LaTeX Info: Redefining \cdots on input line 467.
\Mathstrutbox@=\box26
\strutbox@=\box27
\big@size=\dimen108
LaTeX Font Info:    Redeclaring font encoding OML on input line 567.
LaTeX Font Info:    Redeclaring font encoding OMS on input line 568.
\macc@depth=\count96
\c@MaxMatrixCols=\count97
\dotsspace@=\muskip10
\c@parentequation=\count98
\dspbrk@lvl=\count99
\tag@help=\toks25
\row@=\count100
\column@=\count101
\maxfields@=\count102
\andhelp@=\toks26
\eqnshift@=\dimen109
\alignsep@=\dimen110
\tagshift@=\dimen111
\tagwidth@=\dimen112
\totwidth@=\dimen113
\lineht@=\dimen114
\@envbody=\toks27
\multlinegap=\skip47
\multlinetaggap=\skip48
\mathdisplay@stack=\toks28
LaTeX Info: Redefining \[ on input line 2666.
LaTeX Info: Redefining \] on input line 2667.
)
(d:/usr/texlive/2012/texmf-dist/tex/latex/multirow/multirow.sty
\bigstrutjot=\dimen115
)
(d:/usr/texlive/2012/texmf-dist/tex/latex/amsfonts/amssymb.sty
Package: amssymb 2013/01/14 v3.01 AMS font symbols

(d:/usr/texlive/2012/texmf-dist/tex/latex/amsfonts/amsfonts.sty
Package: amsfonts 2013/01/14 v3.01 Basic AMSFonts support
\symAMSa=\mathgroup4
\symAMSb=\mathgroup5
LaTeX Font Info:    Overwriting math alphabet `\mathfrak' in version `bold'
(Font)                  U/euf/m/n --> U/euf/b/n on input line 106.
))
\defbaselineskip=\skip49
\c@thm=\count103
\c@defn=\count104
\c@rem=\count105
\c@exam=\count106
 (./README.aux

LaTeX Warning: Label `ref1' multiply defined.


LaTeX Warning: Label `ref1' multiply defined.


LaTeX Warning: Label `ref1' multiply defined.


LaTeX Warning: Label `ref1' multiply defined.


LaTeX Warning: Label `ref1' multiply defined.


LaTeX Warning: Label `ref1' multiply defined.


LaTeX Warning: Label `ref1' multiply defined.


LaTeX Warning: Label `ref1' multiply defined.


LaTeX Warning: Label `ref1' multiply defined.


LaTeX Warning: Label `ref1' multiply defined.


LaTeX Warning: Label `ref1' multiply defined.


LaTeX Warning: Label `ref1' multiply defined.


LaTeX Warning: Label `ref1' multiply defined.


LaTeX Warning: Label `ref1' multiply defined.


LaTeX Warning: Label `ref1' multiply defined.


LaTeX Warning: Label `ref1' multiply defined.


LaTeX Warning: Label `ref1' multiply defined.


LaTeX Warning: Label `ref1' multiply defined.


LaTeX Warning: Label `ref1' multiply defined.


LaTeX Warning: Label `ref1' multiply defined.


LaTeX Warning: Label `ref1' multiply defined.


LaTeX Warning: Label `ref1' multiply defined.

)
\openout1 = `README.aux'.

LaTeX Font Info:    Checking defaults for OML/cmm/m/it on input line 70.
LaTeX Font Info:    ... okay on input line 70.
LaTeX Font Info:    Checking defaults for T1/cmr/m/n on input line 70.
LaTeX Font Info:    ... okay on input line 70.
LaTeX Font Info:    Checking defaults for OT1/cmr/m/n on input line 70.
LaTeX Font Info:    ... okay on input line 70.
LaTeX Font Info:    Checking defaults for OMS/cmsy/m/n on input line 70.
LaTeX Font Info:    ... okay on input line 70.
LaTeX Font Info:    Checking defaults for OMX/cmex/m/n on input line 70.
LaTeX Font Info:    ... okay on input line 70.
LaTeX Font Info:    Checking defaults for U/cmr/m/n on input line 70.
LaTeX Font Info:    ... okay on input line 70.
LaTeX Font Info:    Checking defaults for LUC/utbt/m/n on input line 70.
LaTeX Font Info:    Try loading font information for LUC+utbt on input line 70.

 (d:/usr/texlive/2012/texmf-dist/tex/latex/kotex-base/utf/lucutbt.fd)
LaTeX Font Info:    ... okay on input line 70.

(d:/usr/texlive/2012/texmf-dist/tex/context/base/supp-pdf.mkii
[Loading MPS to PDF converter (version 2006.09.02).]
\scratchcounter=\count107
\scratchdimen=\dimen116
\scratchbox=\box28
\nofMPsegments=\count108
\nofMParguments=\count109
\everyMPshowfont=\toks29
\MPscratchCnt=\count110
\MPscratchDim=\dimen117
\MPnumerator=\count111
\makeMPintoPDFobject=\count112
\everyMPtoPDFconversion=\toks30
) [1

{d:/usr/texlive/2012/texmf-var/fonts/map/pdftex/updmap/pdftex.map}]
[2]
LaTeX Font Info:    Try loading font information for U+msa on input line 166.
 (d:/usr/texlive/2012/texmf-dist/tex/latex/amsfonts/umsa.fd
File: umsa.fd 2013/01/14 v3.01 AMS symbols A
)
LaTeX Font Info:    Try loading font information for U+msb on input line 166.

(d:/usr/texlive/2012/texmf-dist/tex/latex/amsfonts/umsb.fd
File: umsb.fd 2013/01/14 v3.01 AMS symbols B
) [3]
Abstract
(./abstract_Korean.tex) [1]
Abstract
(./abstract_English.tex) [1] (./README.toc [2

] [3])
\tf@toc=\write3
\openout3 = `README.toc'.

 [4] (./README.lot [5

])
\tf@lot=\write4
\openout4 = `README.lot'.


[6] (./README.lof [7

])
\tf@lof=\write5
\openout5 = `README.lof'.

 [8] (./notations.tex [1

]) [2]
Chapter 1.
(./1.1.tex
LaTeX Font Info:    Try loading font information for OMS+cmr on input line 7.
 (d:/usr/texlive/2012/texmf-dist/tex/latex/base/omscmr.fd
File: omscmr.fd 1999/05/25 v2.5h Standard LaTeX font definitions
)
LaTeX Font Info:    Font shape `OMS/cmr/m/n' in size <12> not available
(Font)              Font shape `OMS/cmsy/m/n' tried instead on input line 7.

Overfull \hbox (16.31894pt too wide) in paragraph at lines 9--10
[]$\OML/cmm/m/it/12 G \OT1/cmr/m/n/12 = (\OML/cmm/m/it/12 N; E\OT1/cmr/m/n/12 )
$ is a di-rected acyclic graph (DAG) with nodes $\OML/cmm/m/it/12 N \OT1/cmr/m/
n/12 = \OMS/cmsy/m/n/12 f\OML/cmm/m/it/12 X[]; []  ; X[]\OMS/cmsy/m/n/12 g$
 []

[3

] <image01.jpg, id=124, 1003.75pt x 1379.1525pt>
File: image01.jpg Graphic file (type jpg)
 <use image01.jpg>
Package pdftex.def Info: image01.jpg used on input line 19.
(pdftex.def)             Requested size: 109.15692pt x 150.0pt.
)
(./1.2.tex [4 <./image01.jpg>] [5]
<DAG_Operators.jpg, id=131, 743.77875pt x 254.9525pt>
File: DAG_Operators.jpg Graphic file (type jpg)
 <use DAG_Operators.jpg>
Package pdftex.def Info: DAG_Operators.jpg used on input line 20.
(pdftex.def)             Requested size: 291.72952pt x 100.0pt.
)
[6 <./DAG_Operators.jpg>]
Chapter 2.
(./2.tex) (./2.1.1.tex [7

]) [8] (./2.1.2.tex [9]) [10] (./2.2.1.tex) [11]
(./2.2.2.tex [12]) (./2.3.1.tex) [13]
Overfull \hbox (13.89105pt too wide) in paragraph at lines 255--255
[]\OT1/cmr/bx/n/14.4 More gen-eral 2-phase Re-stricted Max-i-miza-tion (RS-
 []

(./2.3.2.tex) [14]
Chapter 3.
(./3.1.tex [15

]) (./3.2.tex) (./3.2.1.tex) (./3.2.1.1.tex [16]
Overfull \hbox (1.31177pt too wide) in paragraph at lines 8--9
[]\OT1/cmr/m/n/12 For any com-plete $\OML/cmm/m/it/12 G$\OT1/cmr/m/n/12 , we ha
ve that $\OML/cmm/m/it/12 P\OT1/cmr/m/n/12 (\OML/cmm/m/it/12 G\OT1/cmr/m/n/12 )
 \OML/cmm/m/it/12 > \OT1/cmr/m/n/12 0$. Then $\OML/cmm/m/it/12 ^^Z\OT1/cmr/m/n/
12 (\OML/cmm/m/it/12 ^^B[]\OMS/cmsy/m/n/12 j\OML/cmm/m/it/12 G\OT1/cmr/m/n/12 )
 = [][] \OML/cmm/m/it/12 ^^Z\OT1/cmr/m/n/12 (\OML/cmm/m/it/12 ^^B[]\OMS/cmsy/m/
n/12 j\OML/cmm/m/it/12 G\OT1/cmr/m/n/12 )$
 []

) (./3.2.2.1.tex [17]) (./3.2.2.2.tex) [18]
Chapter 4.
(./4.tex) (./4.1.tex [19

]) (./4.2.tex
<Real_Asia.jpg, id=179, 1056.94875pt x 947.54pt>
File: Real_Asia.jpg Graphic file (type jpg)
 <use Real_Asia.jpg>
Package pdftex.def Info: Real_Asia.jpg used on input line 5.
(pdftex.def)             Requested size: 278.86438pt x 250.0pt.
 [20]
[21 <./Real_Asia.jpg>] [22] <image23.jpg, id=189, 1445.4pt x 873.2625pt>
File: image23.jpg Graphic file (type jpg)

<use image23.jpg>
Package pdftex.def Info: image23.jpg used on input line 91.
(pdftex.def)             Requested size: 413.7959pt x 250.0pt.

Overfull \hbox (15.45732pt too wide) in paragraph at lines 91--92
 [][] 
 []

) [23 <./image23.jpg>]
Chapter 5.
(./5.tex) (./5.1.1.tex [24

]
Overfull \hbox (16.31424pt too wide) in paragraph at lines 18--49
 [][] 
 []

<Real_1_Asia.jpeg, id=196, 1285.80376pt x 667.49374pt>
File: Real_1_Asia.jpeg Graphic file (type jpg)
 <use Real_1_Asia.jpeg>
Package pdftex.def Info: Real_1_Asia.jpeg used on input line 53.
(pdftex.def)             Requested size: 423.78682pt x 220.0pt.

Overfull \hbox (25.44824pt too wide) in paragraph at lines 53--54
 [][] 
 []

) [25] [26 <./Real_1_Asia.jpeg>] (./5.1.2.tex
<Real_Insurance.jpg, id=204, 1003.75pt x 1003.75pt>
File: Real_Insurance.jpg Graphic file (type jpg)
 <use Real_Insurance.jpg>
Package pdftex.def Info: Real_Insurance.jpg used on input line 3.
(pdftex.def)             Requested size: 199.99596pt x 200.0pt.

Overfull \hbox (23.64746pt too wide) in paragraph at lines 22--53
 [][] 
 []

<Real_2_Insurance.jpeg, id=205, 1285.80376pt x 669.50125pt>
File: Real_2_Insurance.jpeg Graphic file (type jpg)

<use Real_2_Insurance.jpeg>
Package pdftex.def Info: Real_2_Insurance.jpeg used on input line 57.
(pdftex.def)             Requested size: 422.51154pt x 220.0pt.

Overfull \hbox (24.17296pt too wide) in paragraph at lines 57--58
 [][] 
 []

) [27 <./Real_Insurance.jpg>] [28 <./Real_2_Insurance.jpeg>] (./5.1.3.tex
<Real_Alarm.jpg, id=212, 1003.75pt x 1003.75pt>
File: Real_Alarm.jpg Graphic file (type jpg)
 <use Real_Alarm.jpg>
Package pdftex.def Info: Real_Alarm.jpg used on input line 3.
(pdftex.def)             Requested size: 199.99596pt x 200.0pt.

Overfull \hbox (23.64746pt too wide) in paragraph at lines 23--54
 [][] 
 []

<Real_3_Alarm.jpeg, id=213, 1288.815pt x 667.49374pt>
File: Real_3_Alarm.jpeg Graphic file (type jpg)
 <use Real_3_Alarm.jpeg>
Package pdftex.def Info: Real_3_Alarm.jpeg used on input line 58.
(pdftex.def)             Requested size: 424.7793pt x 220.0pt.

Overfull \hbox (26.44072pt too wide) in paragraph at lines 58--59
 [][] 
 []

) [29 <./Real_Alarm.jpg>] [30 <./Real_3_Alarm.jpeg>] (./5.1.4.tex
<Real_Halifinder.jpg, id=220, 1003.75pt x 1003.75pt>
File: Real_Halifinder.jpg Graphic file (type jpg)
 <use Real_Halifinder.jpg>
Package pdftex.def Info: Real_Halifinder.jpg used on input line 3.
(pdftex.def)             Requested size: 199.99596pt x 200.0pt.

Overfull \hbox (30.98068pt too wide) in paragraph at lines 23--54
 [][] 
 []

<Real_4_Halifinder.jpeg, id=221, 1289.81876pt x 668.4975pt>
File: Real_4_Halifinder.jpeg Graphic file (type jpg)

<use Real_4_Halifinder.jpeg>
Package pdftex.def Info: Real_4_Halifinder.jpeg used on input line 58.
(pdftex.def)             Requested size: 424.48033pt x 220.0pt.

Overfull \hbox (26.14175pt too wide) in paragraph at lines 58--59
 [][] 
 []

) [31 <./Real_Halifinder.jpg>] [32 <./Real_4_Halifinder.jpeg>] (./5.1.5.tex
<Real_Result.jpg, id=229, 2007.5pt x 842.14626pt>
File: Real_Result.jpg Graphic file (type jpg)
 <use Real_Result.jpg>
Package pdftex.def Info: Real_Result.jpg used on input line 3.
(pdftex.def)             Requested size: 405.22998pt x 170.0pt.

Overfull \hbox (6.8914pt too wide) in paragraph at lines 3--4
 [][] 
 []

[33 <./Real_Result.jpg>]) [34] (./5.2.1.tex
<Topologies.jpg, id=236, 1003.75pt x 755.82375pt>
File: Topologies.jpg Graphic file (type jpg)
 <use Topologies.jpg>
Package pdftex.def Info: Topologies.jpg used on input line 3.
(pdftex.def)             Requested size: 239.03638pt x 180.0pt.
)
[35 <./Topologies.jpg>] (./5.2.2.tex
<Topologies_Collapse.jpg, id=240, 849.1725pt x 132.495pt>
File: Topologies_Collapse.jpg Graphic file (type jpg)

<use Topologies_Collapse.jpg>
Package pdftex.def Info: Topologies_Collapse.jpg used on input line 3.
(pdftex.def)             Requested size: 320.46024pt x 50.0pt.

<Result_Collapse.jpg, id=241, 2007.5pt x 961.5925pt>
File: Result_Collapse.jpg Graphic file (type jpg)
 <use Result_Collapse.jpg>
Package pdftex.def Info: Result_Collapse.jpg used on input line 12.
(pdftex.def)             Requested size: 323.56522pt x 155.0pt.

<01_Collapse_Score.jpeg, id=242, 1505.625pt x 1816.7875pt>
File: 01_Collapse_Score.jpeg Graphic file (type jpg)

<use 01_Collapse_Score.jpeg>
Package pdftex.def Info: 01_Collapse_Score.jpeg used on input line 30.
(pdftex.def)             Requested size: 414.3583pt x 500.0pt.

Overfull \hbox (16.01973pt too wide) in paragraph at lines 30--31
 [][] 
 []

<01_Collapse_Arcs.jpeg, id=243, 1505.625pt x 1823.81375pt>
File: 01_Collapse_Arcs.jpeg Graphic file (type jpg)

<use 01_Collapse_Arcs.jpeg>
Package pdftex.def Info: 01_Collapse_Arcs.jpeg used on input line 36.
(pdftex.def)             Requested size: 412.7731pt x 500.0pt.

Overfull \hbox (14.43452pt too wide) in paragraph at lines 36--37
 [][] 
 []

[36 <./Topologies_Collapse.jpg> <./Result_Collapse.jpg>] [37 <./01_Collapse_Sco
re.jpeg>] [38 <./01_Collapse_Arcs.jpeg>]) (./5.2.3.tex
<Topologies_Line.jpg, id=254, 849.1725pt x 132.495pt>
File: Topologies_Line.jpg Graphic file (type jpg)

<use Topologies_Line.jpg>
Package pdftex.def Info: Topologies_Line.jpg used on input line 3.
(pdftex.def)             Requested size: 320.46024pt x 50.0pt.
 <Result_Line.jpg, id=255, 2007.5pt x 961.5925pt>
File: Result_Line.jpg Graphic file (type jpg)

<use Result_Line.jpg>
Package pdftex.def Info: Result_Line.jpg used on input line 12.
(pdftex.def)             Requested size: 323.56522pt x 155.0pt.
 <02_Line_Score.jpeg, id=256, 1505.625pt x 1816.7875pt>
File: 02_Line_Score.jpeg Graphic file (type jpg)

<use 02_Line_Score.jpeg>
Package pdftex.def Info: 02_Line_Score.jpeg used on input line 27.
(pdftex.def)             Requested size: 414.3583pt x 500.0pt.

Overfull \hbox (16.01973pt too wide) in paragraph at lines 27--28
 [][] 
 []

<02_Line_Arcs.jpeg, id=257, 1505.625pt x 1816.7875pt>
File: 02_Line_Arcs.jpeg Graphic file (type jpg)
 <use 02_Line_Arcs.jpeg>
Package pdftex.def Info: 02_Line_Arcs.jpeg used on input line 33.
(pdftex.def)             Requested size: 414.3583pt x 500.0pt.

Overfull \hbox (16.01973pt too wide) in paragraph at lines 33--34
 [][] 
 []

) [39 <./Topologies_Line.jpg> <./Result_Line.jpg>] [40 <./02_Line_Score.jpeg>]
[41 <./02_Line_Arcs.jpeg>] (./5.2.4.tex
<Topologies_Star.jpg, id=268, 849.1725pt x 132.495pt>
File: Topologies_Star.jpg Graphic file (type jpg)

<use Topologies_Star.jpg>
Package pdftex.def Info: Topologies_Star.jpg used on input line 3.
(pdftex.def)             Requested size: 320.46024pt x 50.0pt.
 <Result_Star.jpg, id=269, 2007.5pt x 961.5925pt>
File: Result_Star.jpg Graphic file (type jpg)

<use Result_Star.jpg>
Package pdftex.def Info: Result_Star.jpg used on input line 12.
(pdftex.def)             Requested size: 323.56522pt x 155.0pt.
 [42 <./Topologies_Star.jpg> <./Result_Star.jpg>]
<03_Star_Score.jpeg, id=273, 1505.625pt x 1816.7875pt>
File: 03_Star_Score.jpeg Graphic file (type jpg)

<use 03_Star_Score.jpeg>
Package pdftex.def Info: 03_Star_Score.jpeg used on input line 33.
(pdftex.def)             Requested size: 414.3583pt x 500.0pt.

Overfull \hbox (16.01973pt too wide) in paragraph at lines 33--34
 [][] 
 []

<03_Star_Arcs.jpeg, id=274, 1505.625pt x 1815.78375pt>
File: 03_Star_Arcs.jpeg Graphic file (type jpg)
 <use 03_Star_Arcs.jpeg>
Package pdftex.def Info: 03_Star_Arcs.jpeg used on input line 39.
(pdftex.def)             Requested size: 414.58804pt x 500.0pt.

Overfull \hbox (16.24947pt too wide) in paragraph at lines 39--40
 [][] 
 []

) [43] [44 <./03_Star_Score.jpeg>] [45 <./03_Star_Arcs.jpeg>] (./5.2.5.tex
<Topologies_PseudoLoop.jpg, id=285, 849.1725pt x 132.495pt>
File: Topologies_PseudoLoop.jpg Graphic file (type jpg)

<use Topologies_PseudoLoop.jpg>
Package pdftex.def Info: Topologies_PseudoLoop.jpg used on input line 3.
(pdftex.def)             Requested size: 320.46024pt x 50.0pt.

<Result_PseudoLoop.jpg, id=286, 2007.5pt x 961.5925pt>
File: Result_PseudoLoop.jpg Graphic file (type jpg)

<use Result_PseudoLoop.jpg>
Package pdftex.def Info: Result_PseudoLoop.jpg used on input line 12.
(pdftex.def)             Requested size: 323.56522pt x 155.0pt.
 [46 <./Topologies_PseudoLoop.jpg> <./Result_PseudoLoop.jpg>] <04_PseudoLoop_Sc
ore.jpeg, id=290, 1505.625pt x 1815.78375pt>
File: 04_PseudoLoop_Score.jpeg Graphic file (type jpg)

<use 04_PseudoLoop_Score.jpeg>
Package pdftex.def Info: 04_PseudoLoop_Score.jpeg used on input line 27.
(pdftex.def)             Requested size: 414.58804pt x 500.0pt.

Overfull \hbox (16.24947pt too wide) in paragraph at lines 27--28
 [][] 
 []

<04_PseudoLoop_Arcs.jpeg, id=291, 1505.625pt x 1816.7875pt>
File: 04_PseudoLoop_Arcs.jpeg Graphic file (type jpg)

<use 04_PseudoLoop_Arcs.jpeg>
Package pdftex.def Info: 04_PseudoLoop_Arcs.jpeg used on input line 33.
(pdftex.def)             Requested size: 414.3583pt x 500.0pt.

Overfull \hbox (16.01973pt too wide) in paragraph at lines 33--34
 [][] 
 []

) [47] [48 <./04_PseudoLoop_Score.jpeg>] [49 <./04_PseudoLoop_Arcs.jpeg>]
(./5.2.6.tex <Topologies_Diamond.jpg, id=302, 849.1725pt x 132.495pt>
File: Topologies_Diamond.jpg Graphic file (type jpg)

<use Topologies_Diamond.jpg>
Package pdftex.def Info: Topologies_Diamond.jpg used on input line 3.
(pdftex.def)             Requested size: 320.46024pt x 50.0pt.

<Result_Diamond.jpg, id=303, 2007.5pt x 842.14626pt>
File: Result_Diamond.jpg Graphic file (type jpg)
 <use Result_Diamond.jpg>
Package pdftex.def Info: Result_Diamond.jpg used on input line 12.
(pdftex.def)             Requested size: 369.48251pt x 155.0pt.

<05_Diamond_Score.jpeg, id=304, 1505.625pt x 1815.78375pt>
File: 05_Diamond_Score.jpeg Graphic file (type jpg)

<use 05_Diamond_Score.jpeg>
Package pdftex.def Info: 05_Diamond_Score.jpeg used on input line 27.
(pdftex.def)             Requested size: 414.58804pt x 500.0pt.

Overfull \hbox (16.24947pt too wide) in paragraph at lines 27--28
 [][] 
 []

<05_Diamond_Arcs.jpeg, id=305, 1505.625pt x 1815.78375pt>
File: 05_Diamond_Arcs.jpeg Graphic file (type jpg)

<use 05_Diamond_Arcs.jpeg>
Package pdftex.def Info: 05_Diamond_Arcs.jpeg used on input line 33.
(pdftex.def)             Requested size: 414.58804pt x 500.0pt.

Overfull \hbox (16.24947pt too wide) in paragraph at lines 33--34
 [][] 
 []

) [50 <./Topologies_Diamond.jpg> <./Result_Diamond.jpg>] [51 <./05_Diamond_Scor
e.jpeg>] [52 <./05_Diamond_Arcs.jpeg>] (./5.2.7.tex
<Topologies_Rhombus.jpg, id=315, 849.1725pt x 132.495pt>
File: Topologies_Rhombus.jpg Graphic file (type jpg)

<use Topologies_Rhombus.jpg>
Package pdftex.def Info: Topologies_Rhombus.jpg used on input line 3.
(pdftex.def)             Requested size: 320.46024pt x 50.0pt.

<Result_Rhombus.jpg, id=316, 2007.5pt x 842.14626pt>
File: Result_Rhombus.jpg Graphic file (type jpg)
 <use Result_Rhombus.jpg>
Package pdftex.def Info: Result_Rhombus.jpg used on input line 12.
(pdftex.def)             Requested size: 369.48251pt x 155.0pt.

<06_Rhombus_Score.jpeg, id=317, 1505.625pt x 1814.78pt>
File: 06_Rhombus_Score.jpeg Graphic file (type jpg)

<use 06_Rhombus_Score.jpeg>
Package pdftex.def Info: 06_Rhombus_Score.jpeg used on input line 27.
(pdftex.def)             Requested size: 414.81778pt x 500.0pt.

Overfull \hbox (16.4792pt too wide) in paragraph at lines 27--28
 [][] 
 []

<06_Rhombus_Arcs.jpeg, id=318, 1506.62875pt x 1815.78375pt>
File: 06_Rhombus_Arcs.jpeg Graphic file (type jpg)

<use 06_Rhombus_Arcs.jpeg>
Package pdftex.def Info: 06_Rhombus_Arcs.jpeg used on input line 33.
(pdftex.def)             Requested size: 414.86444pt x 500.0pt.

Overfull \hbox (16.52586pt too wide) in paragraph at lines 33--34
 [][] 
 []

) [53 <./Topologies_Rhombus.jpg> <./Result_Rhombus.jpg>] [54 <./06_Rhombus_Scor
e.jpeg>] [55 <./06_Rhombus_Arcs.jpeg>]
Chapter 6.
(./6.tex [56

]) [57] (./appendix01_Collapse.tex
Overfull \hbox (12.64763pt too wide) in paragraph at lines 4--35
 [][] 
 []


Overfull \hbox (12.64763pt too wide) in paragraph at lines 41--72
 [][] 
 []


Overfull \hbox (12.64763pt too wide) in paragraph at lines 78--109
 [][] 
 []


Overfull \hbox (16.31424pt too wide) in paragraph at lines 115--146
 [][] 
 []


Overfull \hbox (16.31424pt too wide) in paragraph at lines 152--183
 [][] 
 []

) [58

] [59] [60] (./appendix02_Line.tex
Overfull \hbox (12.64763pt too wide) in paragraph at lines 4--35
 [][] 
 []


Overfull \hbox (12.64763pt too wide) in paragraph at lines 41--72
 [][] 
 []


Overfull \hbox (12.64763pt too wide) in paragraph at lines 78--109
 [][] 
 []


Overfull \hbox (16.31424pt too wide) in paragraph at lines 116--147
 [][] 
 []


Overfull \hbox (16.31424pt too wide) in paragraph at lines 153--184
 [][] 
 []

) [61] [62] [63] (./appendix03_Star.tex
Overfull \hbox (12.64763pt too wide) in paragraph at lines 4--35
 [][] 
 []


Overfull \hbox (12.64763pt too wide) in paragraph at lines 41--72
 [][] 
 []


Overfull \hbox (12.64763pt too wide) in paragraph at lines 78--109
 [][] 
 []


Overfull \hbox (16.31424pt too wide) in paragraph at lines 115--146
 [][] 
 []


Overfull \hbox (16.31424pt too wide) in paragraph at lines 152--183
 [][] 
 []

) [64] [65] [66] (./appendix04_PseudoLoop.tex
Overfull \hbox (12.64763pt too wide) in paragraph at lines 4--35
 [][] 
 []


Overfull \hbox (12.64763pt too wide) in paragraph at lines 41--72
 [][] 
 []


Overfull \hbox (12.64763pt too wide) in paragraph at lines 78--109
 [][] 
 []


Overfull \hbox (16.31424pt too wide) in paragraph at lines 115--146
 [][] 
 []


Overfull \hbox (16.31424pt too wide) in paragraph at lines 152--183
 [][] 
 []

) [67] [68] [69] (./appendix05_Diamond.tex
Overfull \hbox (12.64763pt too wide) in paragraph at lines 4--35
 [][] 
 []


Overfull \hbox (16.31424pt too wide) in paragraph at lines 41--72
 [][] 
 []


Overfull \hbox (16.31424pt too wide) in paragraph at lines 78--109
 [][] 
 []


Overfull \hbox (16.31424pt too wide) in paragraph at lines 116--147
 [][] 
 []

) [70] [71] (./appendix06_Rhombus.tex
Overfull \hbox (12.64763pt too wide) in paragraph at lines 4--35
 [][] 
 []


Overfull \hbox (16.31424pt too wide) in paragraph at lines 41--72
 [][] 
 []


Overfull \hbox (16.31424pt too wide) in paragraph at lines 78--109
 [][] 
 []


Overfull \hbox (16.31424pt too wide) in paragraph at lines 115--146
 [][] 
 []


LaTeX Warning: `h' float specifier changed to `ht'.

) [72] [73] [74] (./references.tex
No file README.bbl.
[75

]
Overfull \hbox (4.38507pt too wide) in paragraph at lines 19--20
[]\OT1/cmr/m/n/12 D. Heck-er-man, D. Geiger and D. M. Chick-er-ing, (1995), Lea
rn-ing Bayesian
 []

[76] [77]) [78] (./README.aux)

LaTeX Warning: There were multiply-defined labels.

 ) 
Here is how much of TeX's memory you used:
 3609 strings out of 493481
 48832 string characters out of 3134960
 175969 words of memory out of 3000000
 6592 multiletter control sequences out of 15000+200000
 40905 words of font info for 147 fonts, out of 3000000 for 9000
 957 hyphenation exceptions out of 8191
 44i,9n,26p,1022b,235s stack positions out of 5000i,500n,10000p,200000b,50000s
<d:/usr/texlive/2012/texmf-dist/fonts/type1/public/amsfonts/cm/cmbx10.pfb><d:
/usr/texlive/2012/texmf-dist/fonts/type1/public/amsfonts/cm/cmbx12.pfb><d:/usr/
texlive/2012/texmf-dist/fonts/type1/public/amsfonts/cm/cmex10.pfb><d:/usr/texli
ve/2012/texmf-dist/fonts/type1/public/amsfonts/cmextra/cmex7.pfb><d:/usr/texliv
e/2012/texmf-dist/fonts/type1/public/amsfonts/cmextra/cmex8.pfb><d:/usr/texlive
/2012/texmf-dist/fonts/type1/public/amsfonts/cm/cmmi12.pfb><d:/usr/texlive/2012
/texmf-dist/fonts/type1/public/amsfonts/cm/cmmi6.pfb><d:/usr/texlive/2012/texmf
-dist/fonts/type1/public/amsfonts/cm/cmmi8.pfb><d:/usr/texlive/2012/texmf-dist/
fonts/type1/public/amsfonts/cm/cmr10.pfb><d:/usr/texlive/2012/texmf-dist/fonts/
type1/public/amsfonts/cm/cmr12.pfb><d:/usr/texlive/2012/texmf-dist/fonts/type1/
public/amsfonts/cm/cmr17.pfb><d:/usr/texlive/2012/texmf-dist/fonts/type1/public
/amsfonts/cm/cmr6.pfb><d:/usr/texlive/2012/texmf-dist/fonts/type1/public/amsfon
ts/cm/cmr8.pfb><d:/usr/texlive/2012/texmf-dist/fonts/type1/public/amsfonts/cm/c
msy10.pfb><d:/usr/texlive/2012/texmf-dist/fonts/type1/public/amsfonts/cm/cmsy8.
pfb><d:/usr/texlive/2012/texmf-dist/fonts/type1/public/amsfonts/cm/cmti12.pfb><
d:/usr/texlive/2012/texmf-dist/fonts/type1/kotex-base/myoungjo/outbtm4e.pfb><d:
/usr/texlive/2012/texmf-dist/fonts/type1/kotex-base/myoungjo/outbtm4f.pfb><d:/u
sr/texlive/2012/texmf-dist/fonts/type1/kotex-base/myoungjo/outbtm51.pfb><d:/usr
/texlive/2012/texmf-dist/fonts/type1/kotex-base/myoungjo/outbtm53.pfb><d:/usr/t
exlive/2012/texmf-dist/fonts/type1/kotex-base/myoungjo/outbtm54.pfb><d:/usr/tex
live/2012/texmf-dist/fonts/type1/kotex-base/myoungjo/outbtm57.pfb><d:/usr/texli
ve/2012/texmf-dist/fonts/type1/kotex-base/myoungjo/outbtm58.pfb><d:/usr/texlive
/2012/texmf-dist/fonts/type1/kotex-base/myoungjo/outbtm59.pfb><d:/usr/texlive/2
012/texmf-dist/fonts/type1/kotex-base/myoungjo/outbtm5b.pfb><d:/usr/texlive/201
2/texmf-dist/fonts/type1/kotex-base/myoungjo/outbtm5c.pfb><d:/usr/texlive/2012/
texmf-dist/fonts/type1/kotex-base/myoungjo/outbtm5d.pfb><d:/usr/texlive/2012/te
xmf-dist/fonts/type1/kotex-base/myoungjo/outbtm5e.pfb><d:/usr/texlive/2012/texm
f-dist/fonts/type1/kotex-base/myoungjo/outbtm62.pfb><d:/usr/texlive/2012/texmf-
dist/fonts/type1/kotex-base/myoungjo/outbtm63.pfb><d:/usr/texlive/2012/texmf-di
st/fonts/type1/kotex-base/myoungjo/outbtm65.pfb><d:/usr/texlive/2012/texmf-dist
/fonts/type1/kotex-base/myoungjo/outbtm67.pfb><d:/usr/texlive/2012/texmf-dist/f
onts/type1/kotex-base/myoungjo/outbtm68.pfb><d:/usr/texlive/2012/texmf-dist/fon
ts/type1/kotex-base/myoungjo/outbtm78.pfb><d:/usr/texlive/2012/texmf-dist/fonts
/type1/kotex-base/myoungjo/outbtm79.pfb><d:/usr/texlive/2012/texmf-dist/fonts/t
ype1/kotex-base/myoungjo/outbtm7d.pfb><d:/usr/texlive/2012/texmf-dist/fonts/typ
e1/kotex-base/myoungjo/outbtm8a.pfb><d:/usr/texlive/2012/texmf-dist/fonts/type1
/kotex-base/myoungjo/outbtm90.pfb><d:/usr/texlive/2012/texmf-dist/fonts/type1/k
otex-base/myoungjo/outbtm95.pfb><d:/usr/texlive/2012/texmf-dist/fonts/type1/kot
ex-base/myoungjo/outbtm96.pfb><d:/usr/texlive/2012/texmf-dist/fonts/type1/kotex
-base/myoungjo/outbtm9a.pfb><d:/usr/texlive/2012/texmf-dist/fonts/type1/kotex-b
ase/myoungjo/outbtm9e.pfb><d:/usr/texlive/2012/texmf-dist/fonts/type1/kotex-bas
e/myoungjo/outbtmac.pfb><d:/usr/texlive/2012/texmf-dist/fonts/type1/kotex-base/
myoungjo/outbtmad.pfb><d:/usr/texlive/2012/texmf-dist/fonts/type1/kotex-base/my
oungjo/outbtmae.pfb><d:/usr/texlive/2012/texmf-dist/fonts/type1/kotex-base/myou
ngjo/outbtmb0.pfb><d:/usr/texlive/2012/texmf-dist/fonts/type1/kotex-base/myoung
jo/outbtmb1.pfb><d:/usr/texlive/2012/texmf-dist/fonts/type1/kotex-base/myoungjo
/outbtmb2.pfb><d:/usr/texlive/2012/texmf-dist/fonts/type1/kotex-base/myoungjo/o
utbtmb3.pfb><d:/usr/texlive/2012/texmf-dist/fonts/type1/kotex-base/myoungjo/out
btmb4.pfb><d:/usr/texlive/2012/texmf-dist/fonts/type1/kotex-base/myoungjo/outbt
mb5.pfb><d:/usr/texlive/2012/texmf-dist/fonts/type1/kotex-base/myoungjo/outbtmb
7.pfb><d:/usr/texlive/2012/texmf-dist/fonts/type1/kotex-base/myoungjo/outbtmb8.
pfb><d:/usr/texlive/2012/texmf-dist/fonts/type1/kotex-base/myoungjo/outbtmb9.pf
b><d:/usr/texlive/2012/texmf-dist/fonts/type1/kotex-base/myoungjo/outbtmba.pfb>
<d:/usr/texlive/2012/texmf-dist/fonts/type1/kotex-base/myoungjo/outbtmbb.pfb><d
:/usr/texlive/2012/texmf-dist/fonts/type1/kotex-base/myoungjo/outbtmbc.pfb><d:/
usr/texlive/2012/texmf-dist/fonts/type1/kotex-base/myoungjo/outbtmbd.pfb><d:/us
r/texlive/2012/texmf-dist/fonts/type1/kotex-base/myoungjo/outbtmbe.pfb><d:/usr/
texlive/2012/texmf-dist/fonts/type1/kotex-base/myoungjo/outbtmc0.pfb><d:/usr/te
xlive/2012/texmf-dist/fonts/type1/kotex-base/myoungjo/outbtmc1.pfb><d:/usr/texl
ive/2012/texmf-dist/fonts/type1/kotex-base/myoungjo/outbtmc2.pfb><d:/usr/texliv
e/2012/texmf-dist/fonts/type1/kotex-base/myoungjo/outbtmc5.pfb><d:/usr/texlive/
2012/texmf-dist/fonts/type1/kotex-base/myoungjo/outbtmc6.pfb><d:/usr/texlive/20
12/texmf-dist/fonts/type1/kotex-base/myoungjo/outbtmc7.pfb><d:/usr/texlive/2012
/texmf-dist/fonts/type1/kotex-base/myoungjo/outbtmc8.pfb><d:/usr/texlive/2012/t
exmf-dist/fonts/type1/kotex-base/myoungjo/outbtmc9.pfb><d:/usr/texlive/2012/tex
mf-dist/fonts/type1/kotex-base/myoungjo/outbtmcd.pfb><d:/usr/texlive/2012/texmf
-dist/fonts/type1/kotex-base/myoungjo/outbtmd0.pfb><d:/usr/texlive/2012/texmf-d
ist/fonts/type1/kotex-base/myoungjo/outbtmd1.pfb><d:/usr/texlive/2012/texmf-dis
t/fonts/type1/kotex-base/myoungjo/outbtmd2.pfb><d:/usr/texlive/2012/texmf-dist/
fonts/type1/kotex-base/myoungjo/outbtmd3.pfb><d:/usr/texlive/2012/texmf-dist/fo
nts/type1/kotex-base/myoungjo/outbtmd4.pfb><d:/usr/texlive/2012/texmf-dist/font
s/type1/kotex-base/myoungjo/outbtmd5.pfb><d:/usr/texlive/2012/texmf-dist/fonts/
type1/kotex-base/myoungjo/outbtmd6.pfb><d:/usr/texlive/2012/texmf-dist/fonts/ty
pe1/kotex-base/myoungjo/outbtmf9.pfb>
Output written on README.pdf (90 pages, 19638983 bytes).
PDF statistics:
 638 PDF objects out of 1000 (max. 8388607)
 428 compressed objects within 5 object streams
 0 named destinations out of 1000 (max. 500000)
 186 words of extra memory for PDF output out of 10000 (max. 10000000)

