Hmm ... looks like a package
This is pdfTeX, Version 3.1415926-2.5-1.40.14 (MiKTeX 2.9 64-bit)
entering extended mode
(C:\Users\JAESEO~1\AppData\Local\Temp\RtmpGmyCk9\Rd2pdf190840a94c0c\Rd2.tex
LaTeX2e <2011/06/27>
Babel <3.9l> and hyphenation patterns for 68 languages loaded.

("C:\Program Files\MiKTeX 2.9\tex\latex\base\book.cls"
Document Class: book 2007/10/19 v1.4h Standard LaTeX document class
("C:\Program Files\MiKTeX 2.9\tex\latex\base\bk10.clo"))
(C:/PROGRA~1/R/R-31~1.2/share/texmf/tex/latex\Rd.sty
("C:\Program Files\MiKTeX 2.9\tex\latex\base\ifthen.sty")
("C:\Program Files\MiKTeX 2.9\tex\latex\tools\longtable.sty")
("C:\Program Files\MiKTeX 2.9\tex\latex\tools\bm.sty")
("C:\Program Files\MiKTeX 2.9\tex\latex\base\alltt.sty")
("C:\Program Files\MiKTeX 2.9\tex\latex\tools\verbatim.sty")
("C:\Program Files\MiKTeX 2.9\tex\latex\url\url.sty")
("C:\Program Files\MiKTeX 2.9\tex\latex\base\textcomp.sty"
("C:\Program Files\MiKTeX 2.9\tex\latex\base\ts1enc.def"))
("C:\Program Files\MiKTeX 2.9\tex\latex\base\fontenc.sty"
("C:\Program Files\MiKTeX 2.9\tex\latex\base\t1enc.def"))
("C:\Program Files\MiKTeX 2.9\tex\latex\psnfss\times.sty"))
("C:\Program Files\MiKTeX 2.9\tex\latex\base\inputenc.sty"
("C:\Program Files\MiKTeX 2.9\tex\latex\base\utf8.def"
("C:\Program Files\MiKTeX 2.9\tex\latex\base\t1enc.dfu")
("C:\Program Files\MiKTeX 2.9\tex\latex\base\ot1enc.dfu")
("C:\Program Files\MiKTeX 2.9\tex\latex\base\omsenc.dfu")
("C:\Program Files\MiKTeX 2.9\tex\latex\base\ts1enc.dfu"))
("C:\Program Files\MiKTeX 2.9\tex\latex\base\latin1.def"))
No file Rd2.aux.
("C:\Program Files\MiKTeX 2.9\tex\latex\base\ts1cmr.fd")
("C:\Program Files\MiKTeX 2.9\tex\latex\psnfss\t1ptm.fd")
("C:\Program Files\MiKTeX 2.9\tex\latex\psnfss\t1pcr.fd")
("C:\Program Files\MiKTeX 2.9\tex\latex\psnfss\t1phv.fd")
No file Rd2.toc.
("C:\Program Files\MiKTeX 2.9\tex\latex\base\utf8.def") [1{C:/Users/JaeseongYoo
/AppData/Local/MiKTeX/2.9/pdftex/config/pdftex.map}]
("C:\Program Files\MiKTeX 2.9\tex\latex\base\utf8.def")
("C:\Program Files\MiKTeX 2.9\tex\latex\base\utf8.def")
Overfull \hbox (120.78088pt too wide) in paragraph at lines 80--80
 []\T1/pcr/m/n/10 BN_Data_Generator(arcs_mat, input_Probs, n,// node_names = NU
LL, cardinalities = NULL)[] 
[2] ("C:\Program Files\MiKTeX 2.9\tex\latex\base\utf8.def")
Overfull \hbox (24.78088pt too wide) in paragraph at lines 110--110
 []\T1/pcr/m/n/10 check_cardinalities(arcs_mat, node_names = NULL, cardinalitie
s = NULL)[] 
("C:\Program Files\MiKTeX 2.9\tex\latex\base\utf8.def") [3]
("C:\Program Files\MiKTeX 2.9\tex\latex\base\utf8.def")
("C:\Program Files\MiKTeX 2.9\tex\latex\base\utf8.def") [4]
("C:\Program Files\MiKTeX 2.9\tex\latex\base\utf8.def") [5]
("C:\Program Files\MiKTeX 2.9\tex\latex\base\utf8.def") [6]
("C:\Program Files\MiKTeX 2.9\tex\latex\base\utf8.def")
Overfull \hbox (228.78088pt too wide) in paragraph at lines 296--296
 []\T1/pcr/m/n/10 make_topology(nodes, topology = "Collapse", input_Probs = NUL
L, node_names = NULL, cardinalities = NULL)[] 
("C:\Program Files\MiKTeX 2.9\tex\latex\base\utf8.def") [7]
("C:\Program Files\MiKTeX 2.9\tex\latex\base\utf8.def") [8] [9]
(C:\Users\JAESEO~1\AppData\Local\Temp\RtmpGmyCk9\Rd2pdf190840a94c0c\Rd2.aux) )
(see the transcript file for additional information){C:/Program Files/MiKTeX 2.
9/fonts/enc/dvips/fontname/8r.enc}<C:/Program Files/MiKTeX 2.9/fonts/type1/urw/
courier/ucrr8a.pfb><C:/Program Files/MiKTeX 2.9/fonts/type1/urw/helvetic/uhvr8a
.pfb><C:/Program Files/MiKTeX 2.9/fonts/type1/urw/times/utmb8a.pfb><C:/Program 
Files/MiKTeX 2.9/fonts/type1/urw/times/utmr8a.pfb><C:/Program Files/MiKTeX 2.9/
fonts/type1/urw/times/utmr8a.pfb><C:/Program Files/MiKTeX 2.9/fonts/type1/urw/t
imes/utmri8a.pfb>
Output written on Rd2.pdf (9 pages, 88976 bytes).
Transcript written on Rd2.log.
This is pdfTeX, Version 3.1415926-2.5-1.40.14 (MiKTeX 2.9 64-bit)
entering extended mode
(C:\Users\JAESEO~1\AppData\Local\Temp\RtmpGmyCk9\Rd2pdf190840a94c0c\Rd2.tex
LaTeX2e <2011/06/27>
Babel <3.9l> and hyphenation patterns for 68 languages loaded.

("C:\Program Files\MiKTeX 2.9\tex\latex\base\book.cls"
Document Class: book 2007/10/19 v1.4h Standard LaTeX document class
("C:\Program Files\MiKTeX 2.9\tex\latex\base\bk10.clo"))
(C:/PROGRA~1/R/R-31~1.2/share/texmf/tex/latex\Rd.sty
("C:\Program Files\MiKTeX 2.9\tex\latex\base\ifthen.sty")
("C:\Program Files\MiKTeX 2.9\tex\latex\tools\longtable.sty")
("C:\Program Files\MiKTeX 2.9\tex\latex\tools\bm.sty")
("C:\Program Files\MiKTeX 2.9\tex\latex\base\alltt.sty")
("C:\Program Files\MiKTeX 2.9\tex\latex\tools\verbatim.sty")
("C:\Program Files\MiKTeX 2.9\tex\latex\url\url.sty")
("C:\Program Files\MiKTeX 2.9\tex\latex\base\textcomp.sty"
("C:\Program Files\MiKTeX 2.9\tex\latex\base\ts1enc.def"))
("C:\Program Files\MiKTeX 2.9\tex\latex\base\fontenc.sty"
("C:\Program Files\MiKTeX 2.9\tex\latex\base\t1enc.def"))
("C:\Program Files\MiKTeX 2.9\tex\latex\psnfss\times.sty"))
("C:\Program Files\MiKTeX 2.9\tex\latex\base\inputenc.sty"
("C:\Program Files\MiKTeX 2.9\tex\latex\base\utf8.def"
("C:\Program Files\MiKTeX 2.9\tex\latex\base\t1enc.dfu")
("C:\Program Files\MiKTeX 2.9\tex\latex\base\ot1enc.dfu")
("C:\Program Files\MiKTeX 2.9\tex\latex\base\omsenc.dfu")
("C:\Program Files\MiKTeX 2.9\tex\latex\base\ts1enc.dfu"))
("C:\Program Files\MiKTeX 2.9\tex\latex\base\latin1.def"))
(C:\Users\JAESEO~1\AppData\Local\Temp\RtmpGmyCk9\Rd2pdf190840a94c0c\Rd2.aux)
("C:\Program Files\MiKTeX 2.9\tex\latex\base\ts1cmr.fd")
("C:\Program Files\MiKTeX 2.9\tex\latex\psnfss\t1ptm.fd")
("C:\Program Files\MiKTeX 2.9\tex\latex\psnfss\t1pcr.fd")
("C:\Program Files\MiKTeX 2.9\tex\latex\psnfss\t1phv.fd")
(C:\Users\JAESEO~1\AppData\Local\Temp\RtmpGmyCk9\Rd2pdf190840a94c0c\Rd2.toc)
("C:\Program Files\MiKTeX 2.9\tex\latex\base\utf8.def") [1{C:/Users/JaeseongYoo
/AppData/Local/MiKTeX/2.9/pdftex/config/pdftex.map}]
("C:\Program Files\MiKTeX 2.9\tex\latex\base\utf8.def")
("C:\Program Files\MiKTeX 2.9\tex\latex\base\utf8.def")
Overfull \hbox (120.78088pt too wide) in paragraph at lines 80--80
 []\T1/pcr/m/n/10 BN_Data_Generator(arcs_mat, input_Probs, n,// node_names = NU
LL, cardinalities = NULL)[] 
[2] ("C:\Program Files\MiKTeX 2.9\tex\latex\base\utf8.def")
Overfull \hbox (24.78088pt too wide) in paragraph at lines 110--110
 []\T1/pcr/m/n/10 check_cardinalities(arcs_mat, node_names = NULL, cardinalitie
s = NULL)[] 
("C:\Program Files\MiKTeX 2.9\tex\latex\base\utf8.def") [3]
("C:\Program Files\MiKTeX 2.9\tex\latex\base\utf8.def") [4]
("C:\Program Files\MiKTeX 2.9\tex\latex\base\utf8.def") [5]
("C:\Program Files\MiKTeX 2.9\tex\latex\base\utf8.def")
("C:\Program Files\MiKTeX 2.9\tex\latex\base\utf8.def") [6]
("C:\Program Files\MiKTeX 2.9\tex\latex\base\utf8.def")
Overfull \hbox (228.78088pt too wide) in paragraph at lines 296--296
 []\T1/pcr/m/n/10 make_topology(nodes, topology = "Collapse", input_Probs = NUL
L, node_names = NULL, cardinalities = NULL)[] 
[7] ("C:\Program Files\MiKTeX 2.9\tex\latex\base\utf8.def")
("C:\Program Files\MiKTeX 2.9\tex\latex\base\utf8.def") [8] [9]
(C:\Users\JAESEO~1\AppData\Local\Temp\RtmpGmyCk9\Rd2pdf190840a94c0c\Rd2.aux) )
(see the transcript file for additional information){C:/Program Files/MiKTeX 2.
9/fonts/enc/dvips/fontname/8r.enc}<C:/Program Files/MiKTeX 2.9/fonts/type1/urw/
courier/ucrr8a.pfb><C:/Program Files/MiKTeX 2.9/fonts/type1/urw/helvetic/uhvr8a
.pfb><C:/Program Files/MiKTeX 2.9/fonts/type1/urw/times/utmb8a.pfb><C:/Program 
Files/MiKTeX 2.9/fonts/type1/urw/times/utmr8a.pfb><C:/Program Files/MiKTeX 2.9/
fonts/type1/urw/times/utmr8a.pfb><C:/Program Files/MiKTeX 2.9/fonts/type1/urw/t
imes/utmri8a.pfb>
Output written on Rd2.pdf (9 pages, 89501 bytes).
Transcript written on Rd2.log.
Saving output to 'BNDataGenerator-manual.pdf' ...
Done
You may want to clean up by 'rm -rf C:/Users/JAESEO~1/AppData/Local/Temp/RtmpGmyCk9/Rd2pdf190840a94c0c'
