This is pdfTeX, Version 3.1415926-2.4-1.40.13 (TeX Live 2012/W32TeX) (format=pdflatex 2013.3.9)  7 DEC 2014 11:45
entering extended mode
 restricted \write18 enabled.
 %&-line parsing enabled.
**README_Slide.tex
(./README_Slide.tex
LaTeX2e <2011/06/27>
Babel <v3.8m> and hyphenation patterns for english, dumylang, nohyphenation, ge
rman-x-2012-05-30, ngerman-x-2012-05-30, afrikaans, ancientgreek, ibycus, arabi
c, armenian, basque, bulgarian, catalan, pinyin, coptic, croatian, czech, danis
h, dutch, ukenglish, usenglishmax, esperanto, estonian, ethiopic, farsi, finnis
h, french, friulan, galician, german, ngerman, swissgerman, monogreek, greek, h
ungarian, icelandic, assamese, bengali, gujarati, hindi, kannada, malayalam, ma
rathi, oriya, panjabi, tamil, telugu, indonesian, interlingua, irish, italian, 
kurmanji, latin, latvian, lithuanian, mongolian, mongolianlmc, bokmal, nynorsk,
 piedmontese, polish, portuguese, romanian, romansh, russian, sanskrit, serbian
, serbianc, slovak, slovenian, spanish, swedish, turkish, turkmen, ukrainian, u
ppersorbian, welsh, loaded.
(d:/usr/texlive/2012/texmf-dist/tex/latex/beamer/beamer.cls
(d:/usr/texlive/2012/texmf-dist/tex/latex/beamer/beamerbasercs.sty
Package: beamerbasercs 2013/01/04 (rcs-revision 9a97a4eee358)
)
Document Class: beamer 2013/01/04 3.26 A class for typesetting presentations (r
cs-revision e81e0c94bcc6)
(d:/usr/texlive/2012/texmf-dist/tex/latex/beamer/beamerbasemodes.sty
Package: beamerbasemodes 2012/04/15 (rcs-revision cc6557182d97)
\beamer@tempbox=\box26
\beamer@tempcount=\count79
\c@beamerpauses=\count80

(d:/usr/texlive/2012/texmf-dist/tex/latex/beamer/beamerbasedecode.sty
Package: beamerbasedecode 2010/05/01 (rcs-revision efa082c6111d)
\beamer@slideinframe=\count81
\beamer@minimum=\count82
)
\beamer@commentbox=\box27
\beamer@modecount=\count83
)
(d:/usr/texlive/2012/texmf-dist/tex/generic/oberdiek/ifpdf.sty
Package: ifpdf 2011/01/30 v2.3 Provides the ifpdf switch (HO)
Package ifpdf Info: pdfTeX in PDF mode is detected.
)
\headheight=\dimen102
\headdp=\dimen103
\footheight=\dimen104
\sidebarheight=\dimen105
\beamer@tempdim=\dimen106
\beamer@finalheight=\dimen107
\beamer@animht=\dimen108
\beamer@animdp=\dimen109
\beamer@animwd=\dimen110
\beamer@leftmargin=\dimen111
\beamer@rightmargin=\dimen112
\beamer@leftsidebar=\dimen113
\beamer@rightsidebar=\dimen114
\beamer@boxsize=\dimen115
\beamer@vboxoffset=\dimen116
\beamer@descdefault=\dimen117
\beamer@descriptionwidth=\dimen118
\beamer@lastskip=\skip41
\beamer@areabox=\box28
\beamer@animcurrent=\box29
\beamer@animshowbox=\box30
\beamer@sectionbox=\box31
\beamer@logobox=\box32
\beamer@linebox=\box33
\beamer@sectioncount=\count84
\beamer@subsubsectionmax=\count85
\beamer@subsectionmax=\count86
\beamer@sectionmax=\count87
\beamer@totalheads=\count88
\beamer@headcounter=\count89
\beamer@partstartpage=\count90
\beamer@sectionstartpage=\count91
\beamer@subsectionstartpage=\count92
\beamer@animationtempa=\count93
\beamer@animationtempb=\count94
\beamer@xpos=\count95
\beamer@ypos=\count96
\beamer@showpartnumber=\count97
\beamer@currentsubsection=\count98
\beamer@coveringdepth=\count99
\beamer@sectionadjust=\count100
\beamer@tocsectionnumber=\count101

(d:/usr/texlive/2012/texmf-dist/tex/latex/beamer/beamerbaseoptions.sty
Package: beamerbaseoptions 2010/04/27 (rcs-revision 982469101dd6)

(d:/usr/texlive/2012/texmf-dist/tex/latex/graphics/keyval.sty
Package: keyval 1999/03/16 v1.13 key=value parser (DPC)
\KV@toks@=\toks14
))
\beamer@paperwidth=\skip42
\beamer@paperheight=\skip43

(d:/usr/texlive/2012/texmf-dist/tex/latex/geometry/geometry.sty
Package: geometry 2010/09/12 v5.6 Page Geometry

(d:/usr/texlive/2012/texmf-dist/tex/generic/oberdiek/ifvtex.sty
Package: ifvtex 2010/03/01 v1.5 Detect VTeX and its facilities (HO)
Package ifvtex Info: VTeX not detected.
)
(d:/usr/texlive/2012/texmf-dist/tex/generic/ifxetex/ifxetex.sty
Package: ifxetex 2010/09/12 v0.6 Provides ifxetex conditional
)
\Gm@cnth=\count102
\Gm@cntv=\count103
\c@Gm@tempcnt=\count104
\Gm@bindingoffset=\dimen119
\Gm@wd@mp=\dimen120
\Gm@odd@mp=\dimen121
\Gm@even@mp=\dimen122
\Gm@layoutwidth=\dimen123
\Gm@layoutheight=\dimen124
\Gm@layouthoffset=\dimen125
\Gm@layoutvoffset=\dimen126
\Gm@dimlist=\toks15
)
(d:/usr/texlive/2012/texmf-dist/tex/latex/base/size11.clo
File: size11.clo 2007/10/19 v1.4h Standard LaTeX file (size option)
)
(d:/usr/texlive/2012/texmf-dist/tex/latex/pgf/basiclayer/pgfcore.sty
(d:/usr/texlive/2012/texmf-dist/tex/latex/graphics/graphicx.sty
Package: graphicx 1999/02/16 v1.0f Enhanced LaTeX Graphics (DPC,SPQR)

(d:/usr/texlive/2012/texmf-dist/tex/latex/graphics/graphics.sty
Package: graphics 2009/02/05 v1.0o Standard LaTeX Graphics (DPC,SPQR)

(d:/usr/texlive/2012/texmf-dist/tex/latex/graphics/trig.sty
Package: trig 1999/03/16 v1.09 sin cos tan (DPC)
)
(d:/usr/texlive/2012/texmf-dist/tex/latex/latexconfig/graphics.cfg
File: graphics.cfg 2010/04/23 v1.9 graphics configuration of TeX Live
)
Package graphics Info: Driver file: pdftex.def on input line 91.

(d:/usr/texlive/2012/texmf-dist/tex/latex/pdftex-def/pdftex.def
File: pdftex.def 2011/05/27 v0.06d Graphics/color for pdfTeX

(d:/usr/texlive/2012/texmf-dist/tex/generic/oberdiek/infwarerr.sty
Package: infwarerr 2010/04/08 v1.3 Providing info/warning/error messages (HO)
)
(d:/usr/texlive/2012/texmf-dist/tex/generic/oberdiek/ltxcmds.sty
Package: ltxcmds 2011/11/09 v1.22 LaTeX kernel commands for general use (HO)
)
\Gread@gobject=\count105
))
\Gin@req@height=\dimen127
\Gin@req@width=\dimen128
)
(d:/usr/texlive/2012/texmf-dist/tex/latex/pgf/systemlayer/pgfsys.sty
(d:/usr/texlive/2012/texmf-dist/tex/latex/pgf/utilities/pgfrcs.sty
(d:/usr/texlive/2012/texmf-dist/tex/generic/pgf/utilities/pgfutil-common.tex
\pgfutil@everybye=\toks16
)
(d:/usr/texlive/2012/texmf-dist/tex/generic/pgf/utilities/pgfutil-latex.def
\pgfutil@abb=\box34

(d:/usr/texlive/2012/texmf-dist/tex/latex/ms/everyshi.sty
Package: everyshi 2001/05/15 v3.00 EveryShipout Package (MS)
))
(d:/usr/texlive/2012/texmf-dist/tex/generic/pgf/utilities/pgfrcs.code.tex
Package: pgfrcs 2010/10/25 v2.10 (rcs-revision 1.24)
))
(d:/usr/texlive/2012/texmf-dist/tex/generic/pgf/systemlayer/pgfsys.code.tex
Package: pgfsys 2010/06/30 v2.10 (rcs-revision 1.37)

(d:/usr/texlive/2012/texmf-dist/tex/generic/pgf/utilities/pgfkeys.code.tex
\pgfkeys@pathtoks=\toks17
\pgfkeys@temptoks=\toks18

(d:/usr/texlive/2012/texmf-dist/tex/generic/pgf/utilities/pgfkeysfiltered.code.
tex
\pgfkeys@tmptoks=\toks19
))
\pgf@x=\dimen129
\pgf@y=\dimen130
\pgf@xa=\dimen131
\pgf@ya=\dimen132
\pgf@xb=\dimen133
\pgf@yb=\dimen134
\pgf@xc=\dimen135
\pgf@yc=\dimen136
\w@pgf@writea=\write3
\r@pgf@reada=\read1
\c@pgf@counta=\count106
\c@pgf@countb=\count107
\c@pgf@countc=\count108
\c@pgf@countd=\count109
 (d:/usr/texlive/2012/texmf-dist/tex/generic/pgf/systemlayer/pgf.cfg
File: pgf.cfg 2008/05/14  (rcs-revision 1.7)
)
Package pgfsys Info: Driver file for pgf: pgfsys-pdftex.def on input line 900.

(d:/usr/texlive/2012/texmf-dist/tex/generic/pgf/systemlayer/pgfsys-pdftex.def
File: pgfsys-pdftex.def 2009/05/22  (rcs-revision 1.26)

(d:/usr/texlive/2012/texmf-dist/tex/generic/pgf/systemlayer/pgfsys-common-pdf.d
ef
File: pgfsys-common-pdf.def 2008/05/19  (rcs-revision 1.10)
)))
(d:/usr/texlive/2012/texmf-dist/tex/generic/pgf/systemlayer/pgfsyssoftpath.code
.tex
File: pgfsyssoftpath.code.tex 2008/07/18  (rcs-revision 1.7)
\pgfsyssoftpath@smallbuffer@items=\count110
\pgfsyssoftpath@bigbuffer@items=\count111
)
(d:/usr/texlive/2012/texmf-dist/tex/generic/pgf/systemlayer/pgfsysprotocol.code
.tex
File: pgfsysprotocol.code.tex 2006/10/16  (rcs-revision 1.4)
)) (d:/usr/texlive/2012/texmf-dist/tex/latex/xcolor/xcolor.sty
Package: xcolor 2007/01/21 v2.11 LaTeX color extensions (UK)

(d:/usr/texlive/2012/texmf-dist/tex/latex/latexconfig/color.cfg
File: color.cfg 2007/01/18 v1.5 color configuration of teTeX/TeXLive
)
Package xcolor Info: Driver file: pdftex.def on input line 225.
Package xcolor Info: Model `cmy' substituted by `cmy0' on input line 1337.
Package xcolor Info: Model `hsb' substituted by `rgb' on input line 1341.
Package xcolor Info: Model `RGB' extended on input line 1353.
Package xcolor Info: Model `HTML' substituted by `rgb' on input line 1355.
Package xcolor Info: Model `Hsb' substituted by `hsb' on input line 1356.
Package xcolor Info: Model `tHsb' substituted by `hsb' on input line 1357.
Package xcolor Info: Model `HSB' substituted by `hsb' on input line 1358.
Package xcolor Info: Model `Gray' substituted by `gray' on input line 1359.
Package xcolor Info: Model `wave' substituted by `hsb' on input line 1360.
)
(d:/usr/texlive/2012/texmf-dist/tex/generic/pgf/basiclayer/pgfcore.code.tex
Package: pgfcore 2010/04/11 v2.10 (rcs-revision 1.7)

(d:/usr/texlive/2012/texmf-dist/tex/generic/pgf/math/pgfmath.code.tex
(d:/usr/texlive/2012/texmf-dist/tex/generic/pgf/math/pgfmathcalc.code.tex
(d:/usr/texlive/2012/texmf-dist/tex/generic/pgf/math/pgfmathutil.code.tex)
(d:/usr/texlive/2012/texmf-dist/tex/generic/pgf/math/pgfmathparser.code.tex
\pgfmath@dimen=\dimen137
\pgfmath@count=\count112
\pgfmath@box=\box35
\pgfmath@toks=\toks20
\pgfmath@stack@operand=\toks21
\pgfmath@stack@operation=\toks22
)
(d:/usr/texlive/2012/texmf-dist/tex/generic/pgf/math/pgfmathfunctions.code.tex
(d:/usr/texlive/2012/texmf-dist/tex/generic/pgf/math/pgfmathfunctions.basic.cod
e.tex)
(d:/usr/texlive/2012/texmf-dist/tex/generic/pgf/math/pgfmathfunctions.trigonome
tric.code.tex)
(d:/usr/texlive/2012/texmf-dist/tex/generic/pgf/math/pgfmathfunctions.random.co
de.tex)
(d:/usr/texlive/2012/texmf-dist/tex/generic/pgf/math/pgfmathfunctions.compariso
n.code.tex)
(d:/usr/texlive/2012/texmf-dist/tex/generic/pgf/math/pgfmathfunctions.base.code
.tex)
(d:/usr/texlive/2012/texmf-dist/tex/generic/pgf/math/pgfmathfunctions.round.cod
e.tex)
(d:/usr/texlive/2012/texmf-dist/tex/generic/pgf/math/pgfmathfunctions.misc.code
.tex)))
(d:/usr/texlive/2012/texmf-dist/tex/generic/pgf/math/pgfmathfloat.code.tex
\c@pgfmathroundto@lastzeros=\count113
))
(d:/usr/texlive/2012/texmf-dist/tex/generic/pgf/basiclayer/pgfcorepoints.code.t
ex
File: pgfcorepoints.code.tex 2010/04/09  (rcs-revision 1.20)
\pgf@picminx=\dimen138
\pgf@picmaxx=\dimen139
\pgf@picminy=\dimen140
\pgf@picmaxy=\dimen141
\pgf@pathminx=\dimen142
\pgf@pathmaxx=\dimen143
\pgf@pathminy=\dimen144
\pgf@pathmaxy=\dimen145
\pgf@xx=\dimen146
\pgf@xy=\dimen147
\pgf@yx=\dimen148
\pgf@yy=\dimen149
\pgf@zx=\dimen150
\pgf@zy=\dimen151
)
(d:/usr/texlive/2012/texmf-dist/tex/generic/pgf/basiclayer/pgfcorepathconstruct
.code.tex
File: pgfcorepathconstruct.code.tex 2010/08/03  (rcs-revision 1.24)
\pgf@path@lastx=\dimen152
\pgf@path@lasty=\dimen153
)
(d:/usr/texlive/2012/texmf-dist/tex/generic/pgf/basiclayer/pgfcorepathusage.cod
e.tex
File: pgfcorepathusage.code.tex 2008/04/22  (rcs-revision 1.12)
\pgf@shorten@end@additional=\dimen154
\pgf@shorten@start@additional=\dimen155
)
(d:/usr/texlive/2012/texmf-dist/tex/generic/pgf/basiclayer/pgfcorescopes.code.t
ex
File: pgfcorescopes.code.tex 2010/09/08  (rcs-revision 1.34)
\pgfpic=\box36
\pgf@hbox=\box37
\pgf@layerbox@main=\box38
\pgf@picture@serial@count=\count114
)
(d:/usr/texlive/2012/texmf-dist/tex/generic/pgf/basiclayer/pgfcoregraphicstate.
code.tex
File: pgfcoregraphicstate.code.tex 2008/04/22  (rcs-revision 1.9)
\pgflinewidth=\dimen156
)
(d:/usr/texlive/2012/texmf-dist/tex/generic/pgf/basiclayer/pgfcoretransformatio
ns.code.tex
File: pgfcoretransformations.code.tex 2009/06/10  (rcs-revision 1.11)
\pgf@pt@x=\dimen157
\pgf@pt@y=\dimen158
\pgf@pt@temp=\dimen159
)
(d:/usr/texlive/2012/texmf-dist/tex/generic/pgf/basiclayer/pgfcorequick.code.te
x
File: pgfcorequick.code.tex 2008/10/09  (rcs-revision 1.3)
)
(d:/usr/texlive/2012/texmf-dist/tex/generic/pgf/basiclayer/pgfcoreobjects.code.
tex
File: pgfcoreobjects.code.tex 2006/10/11  (rcs-revision 1.2)
)
(d:/usr/texlive/2012/texmf-dist/tex/generic/pgf/basiclayer/pgfcorepathprocessin
g.code.tex
File: pgfcorepathprocessing.code.tex 2008/10/09  (rcs-revision 1.8)
)
(d:/usr/texlive/2012/texmf-dist/tex/generic/pgf/basiclayer/pgfcorearrows.code.t
ex
File: pgfcorearrows.code.tex 2008/04/23  (rcs-revision 1.11)
)
(d:/usr/texlive/2012/texmf-dist/tex/generic/pgf/basiclayer/pgfcoreshade.code.te
x
File: pgfcoreshade.code.tex 2008/11/23  (rcs-revision 1.13)
\pgf@max=\dimen160
\pgf@sys@shading@range@num=\count115
)
(d:/usr/texlive/2012/texmf-dist/tex/generic/pgf/basiclayer/pgfcoreimage.code.te
x
File: pgfcoreimage.code.tex 2010/03/25  (rcs-revision 1.16)

(d:/usr/texlive/2012/texmf-dist/tex/generic/pgf/basiclayer/pgfcoreexternal.code
.tex
File: pgfcoreexternal.code.tex 2010/09/01  (rcs-revision 1.17)
\pgfexternal@startupbox=\box39
))
(d:/usr/texlive/2012/texmf-dist/tex/generic/pgf/basiclayer/pgfcorelayers.code.t
ex
File: pgfcorelayers.code.tex 2010/08/27  (rcs-revision 1.2)
)
(d:/usr/texlive/2012/texmf-dist/tex/generic/pgf/basiclayer/pgfcoretransparency.
code.tex
File: pgfcoretransparency.code.tex 2008/01/17  (rcs-revision 1.2)
)
(d:/usr/texlive/2012/texmf-dist/tex/generic/pgf/basiclayer/pgfcorepatterns.code
.tex
File: pgfcorepatterns.code.tex 2009/07/02  (rcs-revision 1.3)
))) (d:/usr/texlive/2012/texmf-dist/tex/latex/pgf/utilities/xxcolor.sty
Package: xxcolor 2003/10/24 ver 0.1
\XC@nummixins=\count116
\XC@countmixins=\count117
)
(d:/usr/texlive/2012/texmf-dist/tex/latex/hyperref/hyperref.sty
Package: hyperref 2012/11/06 v6.83m Hypertext links for LaTeX

(d:/usr/texlive/2012/texmf-dist/tex/generic/oberdiek/hobsub-hyperref.sty
Package: hobsub-hyperref 2012/05/28 v1.13 Bundle oberdiek, subset hyperref (HO)


(d:/usr/texlive/2012/texmf-dist/tex/generic/oberdiek/hobsub-generic.sty
Package: hobsub-generic 2012/05/28 v1.13 Bundle oberdiek, subset generic (HO)
Package: hobsub 2012/05/28 v1.13 Construct package bundles (HO)
Package hobsub Info: Skipping package `infwarerr' (already loaded).
Package hobsub Info: Skipping package `ltxcmds' (already loaded).
Package: ifluatex 2010/03/01 v1.3 Provides the ifluatex switch (HO)
Package ifluatex Info: LuaTeX not detected.
Package hobsub Info: Skipping package `ifvtex' (already loaded).
Package: intcalc 2007/09/27 v1.1 Expandable calculations with integers (HO)
Package hobsub Info: Skipping package `ifpdf' (already loaded).
Package: etexcmds 2011/02/16 v1.5 Avoid name clashes with e-TeX commands (HO)
Package etexcmds Info: Could not find \expanded.
(etexcmds)             That can mean that you are not using pdfTeX 1.50 or
(etexcmds)             that some package has redefined \expanded.
(etexcmds)             In the latter case, load this package earlier.
Package: kvsetkeys 2012/04/25 v1.16 Key value parser (HO)
Package: kvdefinekeys 2011/04/07 v1.3 Define keys (HO)
Package: pdftexcmds 2011/11/29 v0.20 Utility functions of pdfTeX for LuaTeX (HO
)
Package pdftexcmds Info: LuaTeX not detected.
Package pdftexcmds Info: \pdf@primitive is available.
Package pdftexcmds Info: \pdf@ifprimitive is available.
Package pdftexcmds Info: \pdfdraftmode found.
Package: pdfescape 2011/11/25 v1.13 Implements pdfTeX's escape features (HO)
Package: bigintcalc 2012/04/08 v1.3 Expandable calculations on big integers (HO
)
Package: bitset 2011/01/30 v1.1 Handle bit-vector datatype (HO)
Package: uniquecounter 2011/01/30 v1.2 Provide unlimited unique counter (HO)
)
Package hobsub Info: Skipping package `hobsub' (already loaded).
Package: letltxmacro 2010/09/02 v1.4 Let assignment for LaTeX macros (HO)
Package: hopatch 2012/05/28 v1.2 Wrapper for package hooks (HO)
Package: xcolor-patch 2011/01/30 xcolor patch
Package: atveryend 2011/06/30 v1.8 Hooks at the very end of document (HO)
Package atveryend Info: \enddocument detected (standard20110627).
Package: atbegshi 2011/10/05 v1.16 At begin shipout hook (HO)
Package: refcount 2011/10/16 v3.4 Data extraction from label references (HO)
Package: hycolor 2011/01/30 v1.7 Color options for hyperref/bookmark (HO)
)
(d:/usr/texlive/2012/texmf-dist/tex/latex/oberdiek/auxhook.sty
Package: auxhook 2011/03/04 v1.3 Hooks for auxiliary files (HO)
)
(d:/usr/texlive/2012/texmf-dist/tex/latex/oberdiek/kvoptions.sty
Package: kvoptions 2011/06/30 v3.11 Key value format for package options (HO)
)
\@linkdim=\dimen161
\Hy@linkcounter=\count118
\Hy@pagecounter=\count119

(d:/usr/texlive/2012/texmf-dist/tex/latex/hyperref/pd1enc.def
File: pd1enc.def 2012/11/06 v6.83m Hyperref: PDFDocEncoding definition (HO)
)
\Hy@SavedSpaceFactor=\count120

(d:/usr/texlive/2012/texmf-dist/tex/latex/latexconfig/hyperref.cfg
File: hyperref.cfg 2002/06/06 v1.2 hyperref configuration of TeXLive
)
Package hyperref Info: Option `bookmarks' set `true' on input line 4319.
Package hyperref Info: Option `bookmarksopen' set `true' on input line 4319.
Package hyperref Info: Option `implicit' set `false' on input line 4319.
Package hyperref Info: Hyper figures OFF on input line 4443.
Package hyperref Info: Link nesting OFF on input line 4448.
Package hyperref Info: Hyper index ON on input line 4451.
Package hyperref Info: Plain pages OFF on input line 4458.
Package hyperref Info: Backreferencing OFF on input line 4463.
Package hyperref Info: Implicit mode OFF; no redefinition of LaTeX internals.
Package hyperref Info: Bookmarks ON on input line 4688.
\c@Hy@tempcnt=\count121

(d:/usr/texlive/2012/texmf-dist/tex/latex/url/url.sty
\Urlmuskip=\muskip10
Package: url 2006/04/12  ver 3.3  Verb mode for urls, etc.
)
LaTeX Info: Redefining \url on input line 5041.
\XeTeXLinkMargin=\dimen162
\Fld@menulength=\count122
\Field@Width=\dimen163
\Fld@charsize=\dimen164
Package hyperref Info: Hyper figures OFF on input line 6295.
Package hyperref Info: Link nesting OFF on input line 6300.
Package hyperref Info: Hyper index ON on input line 6303.
Package hyperref Info: backreferencing OFF on input line 6310.
Package hyperref Info: Link coloring OFF on input line 6315.
Package hyperref Info: Link coloring with OCG OFF on input line 6320.
Package hyperref Info: PDF/A mode OFF on input line 6325.
LaTeX Info: Redefining \ref on input line 6365.
LaTeX Info: Redefining \pageref on input line 6369.
\Hy@abspage=\count123


Package hyperref Message: Stopped early.

)

Package hyperref Message: Driver (autodetected): hpdftex.

(d:/usr/texlive/2012/texmf-dist/tex/latex/hyperref/hpdftex.def
File: hpdftex.def 2012/11/06 v6.83m Hyperref driver for pdfTeX
\Fld@listcount=\count124
\c@bookmark@seq@number=\count125

(d:/usr/texlive/2012/texmf-dist/tex/latex/oberdiek/rerunfilecheck.sty
Package: rerunfilecheck 2011/04/15 v1.7 Rerun checks for auxiliary files (HO)
Package uniquecounter Info: New unique counter `rerunfilecheck' on input line 2
82.
))
(d:/usr/texlive/2012/texmf-dist/tex/latex/beamer/beamerbaserequires.sty
Package: beamerbaserequires 2010/05/01  (rcs-revision efa082c6111d)

(d:/usr/texlive/2012/texmf-dist/tex/latex/beamer/beamerbasecompatibility.sty
Package: beamerbasecompatibility 2012/05/01  (rcs-revision 67c48b3b652d)
)
(d:/usr/texlive/2012/texmf-dist/tex/latex/beamer/beamerbasefont.sty
Package: beamerbasefont 2012/09/19  (rcs-revision 733629cd0c6c)

(d:/usr/texlive/2012/texmf-dist/tex/latex/amsfonts/amssymb.sty
Package: amssymb 2013/01/14 v3.01 AMS font symbols

(d:/usr/texlive/2012/texmf-dist/tex/latex/amsfonts/amsfonts.sty
Package: amsfonts 2013/01/14 v3.01 Basic AMSFonts support
\@emptytoks=\toks23
\symAMSa=\mathgroup4
\symAMSb=\mathgroup5
LaTeX Font Info:    Overwriting math alphabet `\mathfrak' in version `bold'
(Font)                  U/euf/m/n --> U/euf/b/n on input line 106.
)))
(d:/usr/texlive/2012/texmf-dist/tex/latex/beamer/beamerbasetranslator.sty
Package: beamerbasetranslator 2010/06/11  (rcs-revision 85fd1cc7fc42)

(d:/usr/texlive/2012/texmf-dist/tex/latex/beamer/translator/translator.sty
Package: translator 2010/06/12 ver 1.10

(d:/usr/texlive/2012/texmf-dist/tex/latex/beamer/translator/translator-language
-mappings.tex)))
(d:/usr/texlive/2012/texmf-dist/tex/latex/beamer/beamerbasemisc.sty
Package: beamerbasemisc 2012/02/24  (rcs-revision 2ff5461be705)
)
(d:/usr/texlive/2012/texmf-dist/tex/latex/beamer/beamerbasetwoscreens.sty
Package: beamerbasetwoscreens 2010/05/01  (rcs-revision efa082c6111d)
)
(d:/usr/texlive/2012/texmf-dist/tex/latex/beamer/beamerbaseoverlay.sty
Package: beamerbaseoverlay 2012/11/11  (rcs-revision 6afbc49b1109)
\beamer@argscount=\count126
\beamer@lastskipcover=\skip44
\beamer@trivlistdepth=\count127
)
(d:/usr/texlive/2012/texmf-dist/tex/latex/beamer/beamerbasetitle.sty
Package: beamerbasetitle 2010/09/21  (rcs-revision f0446ed0b6ae)
)
(d:/usr/texlive/2012/texmf-dist/tex/latex/beamer/beamerbasesection.sty
Package: beamerbasesection 2013/01/04  (rcs-revision 54309ceef997)
\c@lecture=\count128
\c@part=\count129
\c@section=\count130
\c@subsection=\count131
\c@subsubsection=\count132
)
(d:/usr/texlive/2012/texmf-dist/tex/latex/beamer/beamerbaseframe.sty
Package: beamerbaseframe 2012/12/26  (rcs-revision 1443917db2cf)
\beamer@framebox=\box40
\beamer@frametitlebox=\box41
\beamer@zoombox=\box42
\beamer@zoomcount=\count133
\beamer@zoomframecount=\count134
\beamer@frametextheight=\dimen165
\c@subsectionslide=\count135
\beamer@frametopskip=\skip45
\beamer@framebottomskip=\skip46
\beamer@frametopskipautobreak=\skip47
\beamer@framebottomskipautobreak=\skip48
\beamer@envbody=\toks24
\framewidth=\dimen166
\c@framenumber=\count136
)
(d:/usr/texlive/2012/texmf-dist/tex/latex/beamer/beamerbaseverbatim.sty
Package: beamerbaseverbatim 2012/08/30  (rcs-revision dfdb135076b3)
\beamer@verbatimfileout=\write4
)
(d:/usr/texlive/2012/texmf-dist/tex/latex/beamer/beamerbaseframesize.sty
Package: beamerbaseframesize 2011/09/12  (rcs-revision 70f9d8411e54)
\beamer@splitbox=\box43
\beamer@autobreakcount=\count137
\beamer@autobreaklastheight=\dimen167
\beamer@frametitletoks=\toks25
\beamer@framesubtitletoks=\toks26
)
(d:/usr/texlive/2012/texmf-dist/tex/latex/beamer/beamerbaseframecomponents.sty
Package: beamerbaseframecomponents 2012/09/13  (rcs-revision dcd846607320)
\beamer@footins=\box44
) (d:/usr/texlive/2012/texmf-dist/tex/latex/beamer/beamerbasecolor.sty
Package: beamerbasecolor 2010/06/06  (rcs-revision d1a9b48be06d)
)
(d:/usr/texlive/2012/texmf-dist/tex/latex/beamer/beamerbasenotes.sty
Package: beamerbasenotes 2012/12/19  (rcs-revision 1686da3db3c9)
\beamer@frameboxcopy=\box45
)
(d:/usr/texlive/2012/texmf-dist/tex/latex/beamer/beamerbasetoc.sty
Package: beamerbasetoc 2012/10/02  (rcs-revision 5ed0f4010e8a)
)
(d:/usr/texlive/2012/texmf-dist/tex/latex/beamer/beamerbasetemplates.sty
Package: beamerbasetemplates 2010/05/01  (rcs-revision efa082c6111d)
\beamer@sbttoks=\toks27

(d:/usr/texlive/2012/texmf-dist/tex/latex/beamer/beamerbaseauxtemplates.sty
Package: beamerbaseauxtemplates 2012/05/01  (rcs-revision 67c48b3b652d)

(d:/usr/texlive/2012/texmf-dist/tex/latex/beamer/beamerbaseboxes.sty
Package: beamerbaseboxes 2012/05/13  (rcs-revision 56972908a390)
\bmb@box=\box46
\bmb@colorbox=\box47
\bmb@boxshadow=\box48
\bmb@boxshadowball=\box49
\bmb@boxshadowballlarge=\box50
\bmb@temp=\dimen168
\bmb@dima=\dimen169
\bmb@dimb=\dimen170
\bmb@prevheight=\dimen171
)
\beamer@blockheadheight=\dimen172
))
(d:/usr/texlive/2012/texmf-dist/tex/latex/beamer/beamerbaselocalstructure.sty
Package: beamerbaselocalstructure 2012/11/13  (rcs-revision ddfba79dac19)

(d:/usr/texlive/2012/texmf-dist/tex/latex/tools/enumerate.sty
Package: enumerate 1999/03/05 v3.00 enumerate extensions (DPC)
\@enLab=\toks28
)
\c@figure=\count138
\c@table=\count139
\abovecaptionskip=\skip49
\belowcaptionskip=\skip50
)
(d:/usr/texlive/2012/texmf-dist/tex/latex/beamer/beamerbasenavigation.sty
Package: beamerbasenavigation 2012/04/03  (rcs-revision 42a0f21a412d)
\beamer@section@min@dim=\dimen173
)
(d:/usr/texlive/2012/texmf-dist/tex/latex/beamer/beamerbasetheorems.sty
Package: beamerbasetheorems 2010/06/06  (rcs-revision 7e7cc5e53e9d)

(d:/usr/texlive/2012/texmf-dist/tex/latex/amsmath/amsmath.sty
Package: amsmath 2000/07/18 v2.13 AMS math features
\@mathmargin=\skip51

For additional information on amsmath, use the `?' option.
(d:/usr/texlive/2012/texmf-dist/tex/latex/amsmath/amstext.sty
Package: amstext 2000/06/29 v2.01

(d:/usr/texlive/2012/texmf-dist/tex/latex/amsmath/amsgen.sty
File: amsgen.sty 1999/11/30 v2.0
\@emptytoks=\toks29
\ex@=\dimen174
))
(d:/usr/texlive/2012/texmf-dist/tex/latex/amsmath/amsbsy.sty
Package: amsbsy 1999/11/29 v1.2d
\pmbraise@=\dimen175
)
(d:/usr/texlive/2012/texmf-dist/tex/latex/amsmath/amsopn.sty
Package: amsopn 1999/12/14 v2.01 operator names
)
\inf@bad=\count140
LaTeX Info: Redefining \frac on input line 211.
\uproot@=\count141
\leftroot@=\count142
LaTeX Info: Redefining \overline on input line 307.
\classnum@=\count143
\DOTSCASE@=\count144
LaTeX Info: Redefining \ldots on input line 379.
LaTeX Info: Redefining \dots on input line 382.
LaTeX Info: Redefining \cdots on input line 467.
\Mathstrutbox@=\box51
\strutbox@=\box52
\big@size=\dimen176
LaTeX Font Info:    Redeclaring font encoding OML on input line 567.
LaTeX Font Info:    Redeclaring font encoding OMS on input line 568.
\macc@depth=\count145
\c@MaxMatrixCols=\count146
\dotsspace@=\muskip11
\c@parentequation=\count147
\dspbrk@lvl=\count148
\tag@help=\toks30
\row@=\count149
\column@=\count150
\maxfields@=\count151
\andhelp@=\toks31
\eqnshift@=\dimen177
\alignsep@=\dimen178
\tagshift@=\dimen179
\tagwidth@=\dimen180
\totwidth@=\dimen181
\lineht@=\dimen182
\@envbody=\toks32
\multlinegap=\skip52
\multlinetaggap=\skip53
\mathdisplay@stack=\toks33
LaTeX Info: Redefining \[ on input line 2666.
LaTeX Info: Redefining \] on input line 2667.
)
(d:/usr/texlive/2012/texmf-dist/tex/latex/amscls/amsthm.sty
Package: amsthm 2004/08/06 v2.20
\thm@style=\toks34
\thm@bodyfont=\toks35
\thm@headfont=\toks36
\thm@notefont=\toks37
\thm@headpunct=\toks38
\thm@preskip=\skip54
\thm@postskip=\skip55
\thm@headsep=\skip56
\dth@everypar=\toks39
)
\c@theorem=\count152
)
(d:/usr/texlive/2012/texmf-dist/tex/latex/beamer/beamerbasethemes.sty
Package: beamerbasethemes 2010/05/01  (rcs-revision efa082c6111d)
))
(d:/usr/texlive/2012/texmf-dist/tex/latex/beamer/themes/theme/beamerthemedefaul
t.sty
Package: beamerthemedefault 2010/06/17  (rcs-revision d02a7cf4d8ae)

(d:/usr/texlive/2012/texmf-dist/tex/latex/beamer/themes/font/beamerfontthemedef
ault.sty
Package: beamerfontthemedefault 2012/12/19  (rcs-revision 1686da3db3c9)
)
(d:/usr/texlive/2012/texmf-dist/tex/latex/beamer/themes/color/beamercolorthemed
efault.sty
Package: beamercolorthemedefault 2012/12/19  (rcs-revision 1686da3db3c9)
)
(d:/usr/texlive/2012/texmf-dist/tex/latex/beamer/themes/inner/beamerinnerthemed
efault.sty
Package: beamerinnerthemedefault 2012/05/01  (rcs-revision 67c48b3b652d)
\beamer@dima=\dimen183
\beamer@dimb=\dimen184
)
(d:/usr/texlive/2012/texmf-dist/tex/latex/beamer/themes/outer/beamerouterthemed
efault.sty
Package: beamerouterthemedefault 2012/12/19  (rcs-revision 1686da3db3c9)
))) (d:/usr/texlive/2012/texmf-dist/tex/latex/psnfss/mathpazo.sty
Package: mathpazo 2005/04/12 PSNFSS-v9.2a Palatino w/ Pazo Math (D.Puga, WaS) 
\symupright=\mathgroup6
)
(d:/usr/texlive/2012/texmf-dist/tex/generic/babel/babel.sty
Package: babel 2008/07/08 v3.8m The Babel package

(d:/usr/texlive/2012/texmf-dist/tex/generic/babel/english.ldf
Language: english 2005/03/30 v3.3o English support from the babel system

(d:/usr/texlive/2012/texmf-dist/tex/generic/babel/babel.def
File: babel.def 2008/07/08 v3.8m Babel common definitions
LaTeX Info: Redefining \textlatin on input line 82.
\babel@savecnt=\count153
\U@D=\dimen185
)
\l@canadian = a dialect from \language\l@american 
\l@australian = a dialect from \language\l@british 
\l@newzealand = a dialect from \language\l@british 
))
(d:/usr/texlive/2012/texmf-dist/tex/latex/kotex/kotex.sty
Package: kotex 2012/10/27 v0.1.1 Korean TeX (ko.TeX)

(d:/usr/texlive/2012/texmf-dist/tex/latex/kotex/kotex.cfg)
(d:/usr/texlive/2012/texmf-dist/tex/latex/kotex/utf/dhucs.sty
Package: dhucs 2012/11/08 v5.3.2 typesetting UTF-8 Korean documents

(d:/usr/texlive/2012/texmf-dist/tex/latex/kotex/utf/kotexutf.sty
Package: kotexutf 2012/09/14 v1.4 typesetting UTF-8 Korean documents

(d:/usr/texlive/2012/texmf-dist/tex/latex/base/inputenc.sty
Package: inputenc 2008/03/30 v1.1d Input encoding file
\inpenc@prehook=\toks40
\inpenc@posthook=\toks41

(d:/usr/texlive/2012/texmf-dist/tex/latex/base/utf8.def
File: utf8.def 2008/04/05 v1.1m UTF-8 support for inputenc
Now handling font encoding OML ...
... no UTF-8 mapping file for font encoding OML
Now handling font encoding T1 ...
... processing UTF-8 mapping file for font encoding T1

(d:/usr/texlive/2012/texmf-dist/tex/latex/base/t1enc.dfu
File: t1enc.dfu 2008/04/05 v1.1m UTF-8 support for inputenc
   defining Unicode char U+00A1 (decimal 161)
   defining Unicode char U+00A3 (decimal 163)
   defining Unicode char U+00AB (decimal 171)
   defining Unicode char U+00BB (decimal 187)
   defining Unicode char U+00BF (decimal 191)
   defining Unicode char U+00C0 (decimal 192)
   defining Unicode char U+00C1 (decimal 193)
   defining Unicode char U+00C2 (decimal 194)
   defining Unicode char U+00C3 (decimal 195)
   defining Unicode char U+00C4 (decimal 196)
   defining Unicode char U+00C5 (decimal 197)
   defining Unicode char U+00C6 (decimal 198)
   defining Unicode char U+00C7 (decimal 199)
   defining Unicode char U+00C8 (decimal 200)
   defining Unicode char U+00C9 (decimal 201)
   defining Unicode char U+00CA (decimal 202)
   defining Unicode char U+00CB (decimal 203)
   defining Unicode char U+00CC (decimal 204)
   defining Unicode char U+00CD (decimal 205)
   defining Unicode char U+00CE (decimal 206)
   defining Unicode char U+00CF (decimal 207)
   defining Unicode char U+00D0 (decimal 208)
   defining Unicode char U+00D1 (decimal 209)
   defining Unicode char U+00D2 (decimal 210)
   defining Unicode char U+00D3 (decimal 211)
   defining Unicode char U+00D4 (decimal 212)
   defining Unicode char U+00D5 (decimal 213)
   defining Unicode char U+00D6 (decimal 214)
   defining Unicode char U+00D8 (decimal 216)
   defining Unicode char U+00D9 (decimal 217)
   defining Unicode char U+00DA (decimal 218)
   defining Unicode char U+00DB (decimal 219)
   defining Unicode char U+00DC (decimal 220)
   defining Unicode char U+00DD (decimal 221)
   defining Unicode char U+00DE (decimal 222)
   defining Unicode char U+00DF (decimal 223)
   defining Unicode char U+00E0 (decimal 224)
   defining Unicode char U+00E1 (decimal 225)
   defining Unicode char U+00E2 (decimal 226)
   defining Unicode char U+00E3 (decimal 227)
   defining Unicode char U+00E4 (decimal 228)
   defining Unicode char U+00E5 (decimal 229)
   defining Unicode char U+00E6 (decimal 230)
   defining Unicode char U+00E7 (decimal 231)
   defining Unicode char U+00E8 (decimal 232)
   defining Unicode char U+00E9 (decimal 233)
   defining Unicode char U+00EA (decimal 234)
   defining Unicode char U+00EB (decimal 235)
   defining Unicode char U+00EC (decimal 236)
   defining Unicode char U+00ED (decimal 237)
   defining Unicode char U+00EE (decimal 238)
   defining Unicode char U+00EF (decimal 239)
   defining Unicode char U+00F0 (decimal 240)
   defining Unicode char U+00F1 (decimal 241)
   defining Unicode char U+00F2 (decimal 242)
   defining Unicode char U+00F3 (decimal 243)
   defining Unicode char U+00F4 (decimal 244)
   defining Unicode char U+00F5 (decimal 245)
   defining Unicode char U+00F6 (decimal 246)
   defining Unicode char U+00F8 (decimal 248)
   defining Unicode char U+00F9 (decimal 249)
   defining Unicode char U+00FA (decimal 250)
   defining Unicode char U+00FB (decimal 251)
   defining Unicode char U+00FC (decimal 252)
   defining Unicode char U+00FD (decimal 253)
   defining Unicode char U+00FE (decimal 254)
   defining Unicode char U+00FF (decimal 255)
   defining Unicode char U+0102 (decimal 258)
   defining Unicode char U+0103 (decimal 259)
   defining Unicode char U+0104 (decimal 260)
   defining Unicode char U+0105 (decimal 261)
   defining Unicode char U+0106 (decimal 262)
   defining Unicode char U+0107 (decimal 263)
   defining Unicode char U+010C (decimal 268)
   defining Unicode char U+010D (decimal 269)
   defining Unicode char U+010E (decimal 270)
   defining Unicode char U+010F (decimal 271)
   defining Unicode char U+0110 (decimal 272)
   defining Unicode char U+0111 (decimal 273)
   defining Unicode char U+0118 (decimal 280)
   defining Unicode char U+0119 (decimal 281)
   defining Unicode char U+011A (decimal 282)
   defining Unicode char U+011B (decimal 283)
   defining Unicode char U+011E (decimal 286)
   defining Unicode char U+011F (decimal 287)
   defining Unicode char U+0130 (decimal 304)
   defining Unicode char U+0131 (decimal 305)
   defining Unicode char U+0132 (decimal 306)
   defining Unicode char U+0133 (decimal 307)
   defining Unicode char U+0139 (decimal 313)
   defining Unicode char U+013A (decimal 314)
   defining Unicode char U+013D (decimal 317)
   defining Unicode char U+013E (decimal 318)
   defining Unicode char U+0141 (decimal 321)
   defining Unicode char U+0142 (decimal 322)
   defining Unicode char U+0143 (decimal 323)
   defining Unicode char U+0144 (decimal 324)
   defining Unicode char U+0147 (decimal 327)
   defining Unicode char U+0148 (decimal 328)
   defining Unicode char U+014A (decimal 330)
   defining Unicode char U+014B (decimal 331)
   defining Unicode char U+0150 (decimal 336)
   defining Unicode char U+0151 (decimal 337)
   defining Unicode char U+0152 (decimal 338)
   defining Unicode char U+0153 (decimal 339)
   defining Unicode char U+0154 (decimal 340)
   defining Unicode char U+0155 (decimal 341)
   defining Unicode char U+0158 (decimal 344)
   defining Unicode char U+0159 (decimal 345)
   defining Unicode char U+015A (decimal 346)
   defining Unicode char U+015B (decimal 347)
   defining Unicode char U+015E (decimal 350)
   defining Unicode char U+015F (decimal 351)
   defining Unicode char U+0160 (decimal 352)
   defining Unicode char U+0161 (decimal 353)
   defining Unicode char U+0162 (decimal 354)
   defining Unicode char U+0163 (decimal 355)
   defining Unicode char U+0164 (decimal 356)
   defining Unicode char U+0165 (decimal 357)
   defining Unicode char U+016E (decimal 366)
   defining Unicode char U+016F (decimal 367)
   defining Unicode char U+0170 (decimal 368)
   defining Unicode char U+0171 (decimal 369)
   defining Unicode char U+0178 (decimal 376)
   defining Unicode char U+0179 (decimal 377)
   defining Unicode char U+017A (decimal 378)
   defining Unicode char U+017B (decimal 379)
   defining Unicode char U+017C (decimal 380)
   defining Unicode char U+017D (decimal 381)
   defining Unicode char U+017E (decimal 382)
   defining Unicode char U+200C (decimal 8204)
   defining Unicode char U+2013 (decimal 8211)
   defining Unicode char U+2014 (decimal 8212)
   defining Unicode char U+2018 (decimal 8216)
   defining Unicode char U+2019 (decimal 8217)
   defining Unicode char U+201A (decimal 8218)
   defining Unicode char U+201C (decimal 8220)
   defining Unicode char U+201D (decimal 8221)
   defining Unicode char U+201E (decimal 8222)
   defining Unicode char U+2030 (decimal 8240)
   defining Unicode char U+2031 (decimal 8241)
   defining Unicode char U+2039 (decimal 8249)
   defining Unicode char U+203A (decimal 8250)
   defining Unicode char U+2423 (decimal 9251)
)
Now handling font encoding OT1 ...
... processing UTF-8 mapping file for font encoding OT1

(d:/usr/texlive/2012/texmf-dist/tex/latex/base/ot1enc.dfu
File: ot1enc.dfu 2008/04/05 v1.1m UTF-8 support for inputenc
   defining Unicode char U+00A1 (decimal 161)
   defining Unicode char U+00A3 (decimal 163)
   defining Unicode char U+00B8 (decimal 184)
   defining Unicode char U+00BF (decimal 191)
   defining Unicode char U+00C5 (decimal 197)
   defining Unicode char U+00C6 (decimal 198)
   defining Unicode char U+00D8 (decimal 216)
   defining Unicode char U+00DF (decimal 223)
   defining Unicode char U+00E6 (decimal 230)
   defining Unicode char U+00EC (decimal 236)
   defining Unicode char U+00ED (decimal 237)
   defining Unicode char U+00EE (decimal 238)
   defining Unicode char U+00EF (decimal 239)
   defining Unicode char U+00F8 (decimal 248)
   defining Unicode char U+0131 (decimal 305)
   defining Unicode char U+0141 (decimal 321)
   defining Unicode char U+0142 (decimal 322)
   defining Unicode char U+0152 (decimal 338)
   defining Unicode char U+0153 (decimal 339)
   defining Unicode char U+2013 (decimal 8211)
   defining Unicode char U+2014 (decimal 8212)
   defining Unicode char U+2018 (decimal 8216)
   defining Unicode char U+2019 (decimal 8217)
   defining Unicode char U+201C (decimal 8220)
   defining Unicode char U+201D (decimal 8221)
)
Now handling font encoding OMS ...
... processing UTF-8 mapping file for font encoding OMS

(d:/usr/texlive/2012/texmf-dist/tex/latex/base/omsenc.dfu
File: omsenc.dfu 2008/04/05 v1.1m UTF-8 support for inputenc
   defining Unicode char U+00A7 (decimal 167)
   defining Unicode char U+00B6 (decimal 182)
   defining Unicode char U+00B7 (decimal 183)
   defining Unicode char U+2020 (decimal 8224)
   defining Unicode char U+2021 (decimal 8225)
   defining Unicode char U+2022 (decimal 8226)
)
Now handling font encoding OMX ...
... no UTF-8 mapping file for font encoding OMX
Now handling font encoding U ...
... no UTF-8 mapping file for font encoding U
Now handling font encoding PD1 ...
... no UTF-8 mapping file for font encoding PD1
   defining Unicode char U+00A9 (decimal 169)
   defining Unicode char U+00AA (decimal 170)
   defining Unicode char U+00AE (decimal 174)
   defining Unicode char U+00BA (decimal 186)
   defining Unicode char U+02C6 (decimal 710)
   defining Unicode char U+02DC (decimal 732)
   defining Unicode char U+200C (decimal 8204)
   defining Unicode char U+2026 (decimal 8230)
   defining Unicode char U+2122 (decimal 8482)
   defining Unicode char U+2423 (decimal 9251)
))
(d:/usr/texlive/2012/texmf-dist/tex/plain/kotex/utf/kotexutf-core.tex
\unih@ngulpoint=\count154
\dhucs@emph@raise=\dimen186
)
Now handling font encoding LUC ...
... processing UTF-8 mapping file for font encoding LUC

(d:/usr/texlive/2012/texmf-dist/tex/latex/kotex/utf/lucenc.dfu
File: lucenc.dfu 2007/09/05 UTF-8 support for hangul-ucs
   defining Unicode char U+00B7 (decimal 183)
   defining Unicode char U+2018 (decimal 8216)
   defining Unicode char U+2019 (decimal 8217)
   defining Unicode char U+201C (decimal 8220)
   defining Unicode char U+201D (decimal 8221)
   defining Unicode char U+3001 (decimal 12289)
   defining Unicode char U+3002 (decimal 12290)
   defining Unicode char U+3008 (decimal 12296)
   defining Unicode char U+3009 (decimal 12297)
   defining Unicode char U+300A (decimal 12298)
   defining Unicode char U+300B (decimal 12299)
   defining Unicode char U+300C (decimal 12300)
   defining Unicode char U+300D (decimal 12301)
   defining Unicode char U+300E (decimal 12302)
   defining Unicode char U+300F (decimal 12303)
   defining Unicode char U+3010 (decimal 12304)
   defining Unicode char U+3011 (decimal 12305)
   defining Unicode char U+3014 (decimal 12308)
   defining Unicode char U+3015 (decimal 12309)
   defining Unicode char U+3016 (decimal 12310)
   defining Unicode char U+3017 (decimal 12311)
   defining Unicode char U+3018 (decimal 12312)
   defining Unicode char U+3019 (decimal 12313)
   defining Unicode char U+301A (decimal 12314)
   defining Unicode char U+301B (decimal 12315)
   defining Unicode char U+FF01 (decimal 65281)
   defining Unicode char U+FF08 (decimal 65288)
   defining Unicode char U+FF09 (decimal 65289)
   defining Unicode char U+FF0C (decimal 65292)
   defining Unicode char U+FF0E (decimal 65294)
   defining Unicode char U+FF1A (decimal 65306)
   defining Unicode char U+FF1B (decimal 65307)
   defining Unicode char U+FF1C (decimal 65308)
   defining Unicode char U+FF1D (decimal 65309)
   defining Unicode char U+FF1E (decimal 65310)
   defining Unicode char U+FF1F (decimal 65311)
   defining Unicode char U+FF3B (decimal 65339)
   defining Unicode char U+FF3D (decimal 65341)
   defining Unicode char U+FF5B (decimal 65371)
   defining Unicode char U+FF5D (decimal 65373)
   defining Unicode char U+FF61 (decimal 65377)
   defining Unicode char U+FF62 (decimal 65378)
   defining Unicode char U+FF63 (decimal 65379)
   defining Unicode char U+FF64 (decimal 65380)
   defining Unicode char U+FF65 (decimal 65381)
)
\@josa=\count155
\josatoks=\toks42

(d:/usr/texlive/2012/texmf-dist/tex/latex/kotex/utf/kolabels-utf.tex))))
(d:/usr/texlive/2012/texmf-dist/tex/latex/oberdiek/epstopdf.sty
Package: epstopdf 2010/02/09 v2.5 Conversion with epstopdf on the fly (HO)

(d:/usr/texlive/2012/texmf-dist/tex/latex/oberdiek/epstopdf-base.sty
Package: epstopdf-base 2010/02/09 v2.5 Base part for package epstopdf

(d:/usr/texlive/2012/texmf-dist/tex/latex/oberdiek/grfext.sty
Package: grfext 2010/08/19 v1.1 Manage graphics extensions (HO)
)
Package grfext Info: Graphics extension search list:
(grfext)             [.png,.pdf,.jpg,.mps,.jpeg,.jbig2,.jb2,.PNG,.PDF,.JPG,.JPE
G,.JBIG2,.JB2,.eps]
(grfext)             \AppendGraphicsExtensions on input line 452.

(d:/usr/texlive/2012/texmf-dist/tex/latex/latexconfig/epstopdf-sys.cfg
File: epstopdf-sys.cfg 2010/07/13 v1.3 Configuration of (r)epstopdf for TeX Liv
e
)))
(d:/usr/texlive/2012/texmf-dist/tex/latex/wallpaper/wallpaper.sty
Package: wallpaper 2005/01/18, v1.01 easy wallpaper formatting (MHFW)

(d:/usr/texlive/2012/texmf-dist/tex/latex/base/ifthen.sty
Package: ifthen 2001/05/26 v1.1c Standard LaTeX ifthen package (DPC)
)
(d:/usr/texlive/2012/texmf-dist/tex/latex/tools/calc.sty
Package: calc 2007/08/22 v4.3 Infix arithmetic (KKT,FJ)
\calc@Acount=\count156
\calc@Bcount=\count157
\calc@Adimen=\dimen187
\calc@Bdimen=\dimen188
\calc@Askip=\skip57
\calc@Bskip=\skip58
LaTeX Info: Redefining \setlength on input line 76.
LaTeX Info: Redefining \addtolength on input line 77.
\calc@Ccount=\count158
\calc@Cskip=\skip59
)
(d:/usr/texlive/2012/texmf-dist/tex/latex/eso-pic/eso-pic.sty
Package: eso-pic 2010/10/06 v2.0c eso-pic (RN)
)
\wpXoffset=\skip60
\wpYoffset=\skip61
\tileXoffset=\skip62
\tileYoffset=\skip63
\tilewidth=\skip64
\tileheight=\skip65
\tileX=\skip66
\tileY=\skip67
)
(d:/usr/texlive/2012/texmf-dist/tex/latex/mdframed/mdframed.sty
Package: mdframed 2012/09/21\ 1.6d: mdframed

(d:/usr/texlive/2012/texmf-dist/tex/latex/l3packages/xparse/xparse.sty
(d:/usr/texlive/2012/texmf-dist/tex/latex/l3kernel/expl3.sty
(d:/usr/texlive/2012/texmf-dist/tex/latex/l3kernel/l3names.sty
(d:/usr/texlive/2012/texmf-dist/tex/latex/l3kernel/l3bootstrap.sty
Package: l3bootstrap 2012/07/16 v3991 L3 Experimental bootstrap code
)
Package: l3names 2012/12/07 v4346 L3 Namespace for primitives
)
(d:/usr/texlive/2012/texmf-dist/tex/latex/etex-pkg/etex.sty
Package: etex 1998/03/26 v2.0 eTeX basic definition package (PEB)
\et@xins=\count159
)
Package: expl3 2012/12/21 v4390 L3 Experimental code bundle wrapper

(d:/usr/texlive/2012/texmf-dist/tex/latex/l3kernel/l3basics.sty
Package: l3basics 2012/11/24 v4339 L3 Basic definitions
)
(d:/usr/texlive/2012/texmf-dist/tex/latex/l3kernel/l3expan.sty
Package: l3expan 2012/08/28 v4149 L3 Argument expansion
)
(d:/usr/texlive/2012/texmf-dist/tex/latex/l3kernel/l3tl.sty
Package: l3tl 2012/11/24 v4339 L3 Token lists
)
(d:/usr/texlive/2012/texmf-dist/tex/latex/l3kernel/l3seq.sty
Package: l3seq 2012/11/24 v4339 L3 Sequences and stacks
)
(d:/usr/texlive/2012/texmf-dist/tex/latex/l3kernel/l3int.sty
Package: l3int 2012/09/26 v4237 L3 Integers
\c_max_int=\count160
\l_tmpa_int=\count161
\l_tmpb_int=\count162
\g_tmpa_int=\count163
\g_tmpb_int=\count164
\l_tmpc_int=\count165
)
(d:/usr/texlive/2012/texmf-dist/tex/latex/l3kernel/l3quark.sty
Package: l3quark 2012/11/04 v4268 L3 Quarks
)
(d:/usr/texlive/2012/texmf-dist/tex/latex/l3kernel/l3prg.sty
Package: l3prg 2012/11/24 v4339 L3 Control structures
\g__prg_map_int=\count166
)
(d:/usr/texlive/2012/texmf-dist/tex/latex/l3kernel/l3clist.sty
Package: l3clist 2012/11/24 v4339 L3 Comma separated lists
)
(d:/usr/texlive/2012/texmf-dist/tex/latex/l3kernel/l3token.sty
Package: l3token 2012/12/20 v4384 L3 Experimental token manipulation
)
(d:/usr/texlive/2012/texmf-dist/tex/latex/l3kernel/l3prop.sty
Package: l3prop 2012/09/09 v4212 L3 Property lists
)
(d:/usr/texlive/2012/texmf-dist/tex/latex/l3kernel/l3msg.sty
Package: l3msg 2012/09/09 v4212 L3 Messages
)
(d:/usr/texlive/2012/texmf-dist/tex/latex/l3kernel/l3file.sty
Package: l3file 2012/12/20 v4377 L3 File and I/O operations
\l__ior_stream_int=\count167
\l_iow_line_count_int=\count168
\l__iow_target_count_int=\count169
\l__iow_current_line_int=\count170
\l__iow_current_word_int=\count171
\l__iow_current_indentation_int=\count172
)
(d:/usr/texlive/2012/texmf-dist/tex/latex/l3kernel/l3skip.sty
Package: l3skip 2012/11/04 v4260 L3 Dimensions and skips
\c_zero_dim=\dimen189
\c_max_dim=\dimen190
\l_tmpa_dim=\dimen191
\l_tmpb_dim=\dimen192
\g_tmpa_dim=\dimen193
\g_tmpb_dim=\dimen194
\c_zero_skip=\skip68
\c_max_skip=\skip69
\l_tmpa_skip=\skip70
\l_tmpb_skip=\skip71
\g_tmpa_skip=\skip72
\g_tmpb_skip=\skip73
\c_zero_muskip=\muskip12
\c_max_muskip=\muskip13
\l_tmpa_muskip=\muskip14
\l_tmpb_muskip=\muskip15
\g_tmpa_muskip=\muskip16
\g_tmpb_muskip=\muskip17
)
(d:/usr/texlive/2012/texmf-dist/tex/latex/l3kernel/l3keys.sty
Package: l3keys 2012/11/02 v4256 L3 Experimental key-value interfaces
\g__keyval_level_int=\count173
\l_keys_choice_int=\count174
)
(d:/usr/texlive/2012/texmf-dist/tex/latex/l3kernel/l3fp.sty
Package: l3fp 2012/11/10 v4305 L3 Floating points
\c__fp_leading_shift_int=\count175
\c__fp_middle_shift_int=\count176
\c__fp_trailing_shift_int=\count177
\c__fp_big_leading_shift_int=\count178
\c__fp_big_middle_shift_int=\count179
\c__fp_big_trailing_shift_int=\count180
\c__fp_Bigg_leading_shift_int=\count181
\c__fp_Bigg_middle_shift_int=\count182
\c__fp_Bigg_trailing_shift_int=\count183
)
(d:/usr/texlive/2012/texmf-dist/tex/latex/l3kernel/l3box.sty
Package: l3box 2012/12/08 v4347 L3 Experimental boxes
\c_empty_box=\box53
\l_tmpa_box=\box54
\l_tmpb_box=\box55
\g_tmpa_box=\box56
\g_tmpb_box=\box57
)
(d:/usr/texlive/2012/texmf-dist/tex/latex/l3kernel/l3coffins.sty
Package: l3coffins 2012/09/09 v4212 L3 Coffin code layer
\l__coffin_internal_box=\box58
\l__coffin_internal_dim=\dimen195
\l__coffin_offset_x_dim=\dimen196
\l__coffin_offset_y_dim=\dimen197
\l__coffin_x_dim=\dimen198
\l__coffin_y_dim=\dimen199
\l__coffin_x_prime_dim=\dimen200
\l__coffin_y_prime_dim=\dimen201
\c_empty_coffin=\box59
\l__coffin_aligned_coffin=\box60
\l__coffin_aligned_internal_coffin=\box61
\l_tmpa_coffin=\box62
\l_tmpb_coffin=\box63
\l__coffin_display_coffin=\box64
\l__coffin_display_coord_coffin=\box65
\l__coffin_display_pole_coffin=\box66
Normal \dimen register pool exhausted, switching to extended pool.
\l__coffin_display_offset_dim=\dimen256
\l__coffin_display_x_dim=\dimen257
\l__coffin_display_y_dim=\dimen258
)
(d:/usr/texlive/2012/texmf-dist/tex/latex/l3kernel/l3color.sty
Package: l3color 2012/08/29 v4156 L3 Experimental color support
)
(d:/usr/texlive/2012/texmf-dist/tex/latex/l3kernel/l3luatex.sty
Package: l3luatex 2012/08/03 v4049 L3 Experimental LuaTeX-specific functions
\g__cctab_allocate_int=\count184
\g__cctab_stack_int=\count185
)
(d:/usr/texlive/2012/texmf-dist/tex/latex/l3kernel/l3candidates.sty
Package: l3candidates 2012/12/20 v4383 L3 Experimental additions to l3kernel
\l__box_top_dim=\dimen259
\l__box_bottom_dim=\dimen260
\l__box_left_dim=\dimen261
\l__box_right_dim=\dimen262
\l__box_top_new_dim=\dimen263
\l__box_bottom_new_dim=\dimen264
\l__box_left_new_dim=\dimen265
\l__box_right_new_dim=\dimen266
\l__box_internal_box=\box67
\l__coffin_bounding_shift_dim=\dimen267
\l__coffin_left_corner_dim=\dimen268
\l__coffin_right_corner_dim=\dimen269
\l__coffin_bottom_corner_dim=\dimen270
\l__coffin_top_corner_dim=\dimen271
\l__coffin_scaled_total_height_dim=\dimen272
\l__coffin_scaled_width_dim=\dimen273
))
Package: xparse 2012/12/21 v4390 L3 Experimental document command parser
\l__xparse_current_arg_int=\count186
\l__xparse_m_args_int=\count187
\l__xparse_mandatory_args_int=\count188
\l__xparse_processor_int=\count189
\l__xparse_v_nesting_int=\count190
)
(d:/usr/texlive/2012/texmf-dist/tex/latex/etoolbox/etoolbox.sty
Package: etoolbox 2011/01/03 v2.1 e-TeX tools for LaTeX
\etb@tempcnta=\count191
)
(d:/usr/texlive/2012/texmf-dist/tex/latex/oberdiek/zref-abspage.sty
Package: zref-abspage 2012/04/04 v2.24 Module abspage for zref (HO)

(d:/usr/texlive/2012/texmf-dist/tex/latex/oberdiek/zref-base.sty
Package: zref-base 2012/04/04 v2.24 Module base for zref (HO)
Package zref Info: New property list: main on input line 759.
Package zref Info: New property: default on input line 760.
Package zref Info: New property: page on input line 761.
)
\c@abspage=\count192
Package zref Info: New property: abspage on input line 62.
)
\mdf@templength=\skip74
\c@mdf@globalstyle@cnt=\count193
\mdf@skipabove@length=\skip75
\mdf@skipbelow@length=\skip76
\mdf@leftmargin@length=\skip77
\mdf@rightmargin@length=\skip78
\mdf@innerleftmargin@length=\skip79
\mdf@innerrightmargin@length=\skip80
\mdf@innertopmargin@length=\skip81
\mdf@innerbottommargin@length=\skip82
\mdf@splittopskip@length=\skip83
\mdf@splitbottomskip@length=\skip84
\mdf@outermargin@length=\skip85
\mdf@innermargin@length=\skip86
\mdf@linewidth@length=\skip87
\mdf@innerlinewidth@length=\skip88
\mdf@middlelinewidth@length=\skip89
\mdf@outerlinewidth@length=\skip90
\mdf@roundcorner@length=\skip91
\mdf@footenotedistance@length=\skip92
\mdf@userdefinedwidth@length=\skip93
\mdf@frametitleaboveskip@length=\skip94
\mdf@frametitlebelowskip@length=\skip95
\mdf@frametitlerulewidth@length=\skip96
\mdf@frametitleleftmargin@length=\skip97
\mdf@frametitlerightmargin@length=\skip98
\mdf@shadowsize@length=\skip99
\mdf@extratopheight@length=\skip100
\mdf@subtitleabovelinewidth@length=\skip101
\mdf@subtitlebelowlinewidth@length=\skip102
\mdf@subtitleaboveskip@length=\skip103
\mdf@subtitlebelowskip@length=\skip104
\mdf@subtitleinneraboveskip@length=\skip105
\mdf@subtitleinnerbelowskip@length=\skip106
\mdf@subsubtitleabovelinewidth@length=\skip107
\mdf@subsubtitlebelowlinewidth@length=\skip108
\mdf@subsubtitleaboveskip@length=\skip109
\mdf@subsubtitlebelowskip@length=\skip110
\mdf@subsubtitleinneraboveskip@length=\skip111
\mdf@subsubtitleinnerbelowskip@length=\skip112
\mdf@frametitlebox=\box68
\mdf@footnotebox=\box69
\mdf@splitbox@one=\box70
\mdf@splitbox@two=\box71
\mdf@splitbox@save=\box72
\mdfsplitboxwidth=\skip113
\mdfsplitboxtotalwidth=\skip114
\mdfsplitboxheight=\skip115
\mdfsplitboxdepth=\skip116
\mdfsplitboxtotalheight=\skip117
\mdfframetitleboxwidth=\skip118
\mdfframetitleboxtotalwidth=\skip119
\mdfframetitleboxheight=\skip120
\mdfframetitleboxdepth=\skip121
\mdfframetitleboxtotalheight=\skip122
\mdffootnoteboxwidth=\skip123
\mdffootnoteboxtotalwidth=\skip124
\mdffootnoteboxheight=\skip125
\mdffootnoteboxdepth=\skip126
\mdffootnoteboxtotalheight=\skip127
\mdftotallinewidth=\skip128
\mdfboundingboxwidth=\skip129
\mdfboundingboxtotalwidth=\skip130
\mdfboundingboxheight=\skip131
\mdfboundingboxdepth=\skip132
\mdfboundingboxtotalheight=\skip133
\mdf@freevspace@length=\skip134
\mdf@horizontalwidthofbox@length=\skip135
\mdf@verticalmarginwhole@length=\skip136


****** mdframed patching \endmdf@trivlist

****** -- failed******

.................................................
. LaTeX info: "xparse/define-command"
. 
. Defining document command \newmdtheoremenv with arg. spec. 'O{} m o m o ' on
. line 546.
.................................................
.................................................
. LaTeX info: "xparse/define-command"
. 
. Defining document command \mdtheorem with arg. spec. ' O{} m o m o ' on line
. 637.
.................................................
(d:/usr/texlive/2012/texmf-dist/tex/latex/mdframed/md-frame-0.mdf
File: md-frame-0.mdf 2012/09/21\ 1.6d: md-frame-0
)
\c@mdf@zref@counter=\count194
Package zref Info: New property: mdf@pagevalue on input line 830.
\mdf@horizontalspaceofbox=\skip137
){d:/usr/texlive/2012/texmf-var/fonts/map/pdftex/updmap/pdftex.map}{d:/usr/texl
ive/2012/texmf-dist/fonts/map/dvips/sansmathaccent/sansmathaccent.map

pdfTeX warning: pdflatex.exe (file d:/usr/texlive/2012/texmf-dist/fonts/map/dvi
ps/sansmathaccent/sansmathaccent.map): fontmap entry for `mathkerncmssi8' alrea
dy exists, duplicates ignored


pdfTeX warning: pdflatex.exe (file d:/usr/texlive/2012/texmf-dist/fonts/map/dvi
ps/sansmathaccent/sansmathaccent.map): fontmap entry for `mathkerncmssi9' alrea
dy exists, duplicates ignored


pdfTeX warning: pdflatex.exe (file d:/usr/texlive/2012/texmf-dist/fonts/map/dvi
ps/sansmathaccent/sansmathaccent.map): fontmap entry for `mathkerncmssi10' alre
ady exists, duplicates ignored


pdfTeX warning: pdflatex.exe (file d:/usr/texlive/2012/texmf-dist/fonts/map/dvi
ps/sansmathaccent/sansmathaccent.map): fontmap entry for `mathkerncmssi12' alre
ady exists, duplicates ignored


pdfTeX warning: pdflatex.exe (file d:/usr/texlive/2012/texmf-dist/fonts/map/dvi
ps/sansmathaccent/sansmathaccent.map): fontmap entry for `mathkerncmssi17' alre
ady exists, duplicates ignored
} (./beamerthemeENSLyon.sty
Package: beamerthemeENSLyon 2010/06/12  (rcs-revision 0.1)

(d:/usr/texlive/2012/texmf-dist/tex/latex/beamer/themes/inner/beamerinnerthemer
ounded.sty
Package: beamerinnerthemerounded 2010/06/17  (rcs-revision d02a7cf4d8ae)
) (./beamerouterthemeENSLyon.sty
Package: beamerouterthemeENSLyon 2010/06/12  (rcs-revision 0.1)
 (./beamerouterthemeENSLyon_2.sty
Package: beamerouterthemeENSLyon_2 2007/01/28  (rcs-revision 1.5)
)))
(./beamercolorthemeENSLyon_blue.sty
Package: beamercolorthemeENSLyon_blue 2007/01/28  (rcs-revision 1.3)

(d:/usr/texlive/2012/texmf-dist/tex/latex/beamer/themes/color/beamercolorthemes
tructure.sty
Package: beamercolorthemestructure 2010/06/17  (rcs-revision d02a7cf4d8ae)
)) (./README_Slide.aux)
\openout1 = `README_Slide.aux'.

LaTeX Font Info:    Checking defaults for OML/cmm/m/it on input line 32.
LaTeX Font Info:    ... okay on input line 32.
LaTeX Font Info:    Checking defaults for T1/cmr/m/n on input line 32.
LaTeX Font Info:    ... okay on input line 32.
LaTeX Font Info:    Checking defaults for OT1/cmr/m/n on input line 32.
LaTeX Font Info:    ... okay on input line 32.
LaTeX Font Info:    Checking defaults for OMS/cmsy/m/n on input line 32.
LaTeX Font Info:    ... okay on input line 32.
LaTeX Font Info:    Checking defaults for OMX/cmex/m/n on input line 32.
LaTeX Font Info:    ... okay on input line 32.
LaTeX Font Info:    Checking defaults for U/cmr/m/n on input line 32.
LaTeX Font Info:    ... okay on input line 32.
LaTeX Font Info:    Checking defaults for PD1/pdf/m/n on input line 32.
LaTeX Font Info:    ... okay on input line 32.
LaTeX Font Info:    Checking defaults for LUC/utbt/m/n on input line 32.
LaTeX Font Info:    Try loading font information for LUC+utbt on input line 32.


(d:/usr/texlive/2012/texmf-dist/tex/latex/kotex-base/utf/lucutbt.fd)
LaTeX Font Info:    ... okay on input line 32.

*geometry* driver: auto-detecting
*geometry* detected driver: pdftex
*geometry* verbose mode - [ preamble ] result:
* driver: pdftex
* paper: custom
* layout: <same size as paper>
* layoutoffset:(h,v)=(0.0pt,0.0pt)
* modes: includehead includefoot 
* h-part:(L,W,R)=(14.22636pt, 335.74263pt, 14.22636pt)
* v-part:(T,H,B)=(0.0pt, 273.14662pt, 0.0pt)
* \paperwidth=364.19536pt
* \paperheight=273.14662pt
* \textwidth=335.74263pt
* \textheight=244.6939pt
* \oddsidemargin=-58.04362pt
* \evensidemargin=-58.04362pt
* \topmargin=-72.26999pt
* \headheight=14.22636pt
* \headsep=0.0pt
* \topskip=11.0pt
* \footskip=14.22636pt
* \marginparwidth=4.0pt
* \marginparsep=10.0pt
* \columnsep=10.0pt
* \skip\footins=10.0pt plus 4.0pt minus 2.0pt
* \hoffset=0.0pt
* \voffset=0.0pt
* \mag=1000
* \@twocolumnfalse
* \@twosidefalse
* \@mparswitchfalse
* \@reversemarginfalse
* (1in=72.27pt=25.4mm, 1cm=28.453pt)

(d:/usr/texlive/2012/texmf-dist/tex/context/base/supp-pdf.mkii
[Loading MPS to PDF converter (version 2006.09.02).]
\scratchcounter=\count195
\scratchdimen=\dimen274
\scratchbox=\box73
\nofMPsegments=\count196
\nofMParguments=\count197
\everyMPshowfont=\toks43
\MPscratchCnt=\count198
\MPscratchDim=\dimen275
\MPnumerator=\count199
\makeMPintoPDFobject=\count200
\everyMPtoPDFconversion=\toks44
) ABD: EveryShipout initializing macros
\AtBeginShipoutBox=\box74
Package hyperref Info: Link coloring OFF on input line 32.

(d:/usr/texlive/2012/texmf-dist/tex/latex/hyperref/nameref.sty
Package: nameref 2012/10/27 v2.43 Cross-referencing by name of section

(d:/usr/texlive/2012/texmf-dist/tex/generic/oberdiek/gettitlestring.sty
Package: gettitlestring 2010/12/03 v1.4 Cleanup title references (HO)
)
\c@section@level=\count201
)
LaTeX Info: Redefining \ref on input line 32.
LaTeX Info: Redefining \pageref on input line 32.
LaTeX Info: Redefining \nameref on input line 32.

(./README_Slide.out) (./README_Slide.out)
\@outlinefile=\write5
\openout5 = `README_Slide.out'.

LaTeX Font Info:    Overwriting symbol font `operators' in version `normal'
(Font)                  OT1/ppl/m/n --> OT1/cmss/m/n on input line 32.
LaTeX Font Info:    Overwriting symbol font `operators' in version `bold'
(Font)                  OT1/ppl/b/n --> OT1/cmss/bx/n on input line 32.
\symnumbers=\mathgroup7
\sympureletters=\mathgroup8
LaTeX Font Info:    Overwriting math alphabet `\mathrm' in version `normal'
(Font)                  OT1/cmss/m/n --> OT1/ppl/m/n on input line 32.
LaTeX Font Info:    Redeclaring math alphabet \mathbf on input line 32.
LaTeX Font Info:    Overwriting math alphabet `\mathbf' in version `normal'
(Font)                  OT1/zplm/b/n --> OT1/cmss/bx/n on input line 32.
LaTeX Font Info:    Overwriting math alphabet `\mathbf' in version `bold'
(Font)                  OT1/zplm/b/n --> OT1/cmss/bx/n on input line 32.
LaTeX Font Info:    Redeclaring math alphabet \mathsf on input line 32.
LaTeX Font Info:    Overwriting math alphabet `\mathsf' in version `normal'
(Font)                  OT1/cmss/m/n --> OT1/cmss/m/n on input line 32.
LaTeX Font Info:    Overwriting math alphabet `\mathsf' in version `bold'
(Font)                  OT1/cmss/bx/n --> OT1/cmss/m/n on input line 32.
LaTeX Font Info:    Redeclaring math alphabet \mathit on input line 32.
LaTeX Font Info:    Overwriting math alphabet `\mathit' in version `normal'
(Font)                  OT1/ppl/m/it --> OT1/cmss/m/it on input line 32.
LaTeX Font Info:    Overwriting math alphabet `\mathit' in version `bold'
(Font)                  OT1/ppl/b/it --> OT1/cmss/m/it on input line 32.
LaTeX Font Info:    Redeclaring math alphabet \mathtt on input line 32.
LaTeX Font Info:    Overwriting math alphabet `\mathtt' in version `normal'
(Font)                  OT1/cmtt/m/n --> OT1/cmtt/m/n on input line 32.
LaTeX Font Info:    Overwriting math alphabet `\mathtt' in version `bold'
(Font)                  OT1/cmtt/m/n --> OT1/cmtt/m/n on input line 32.
LaTeX Font Info:    Overwriting symbol font `numbers' in version `bold'
(Font)                  OT1/cmss/m/n --> OT1/cmss/bx/n on input line 32.
LaTeX Font Info:    Overwriting symbol font `pureletters' in version `bold'
(Font)                  OT1/cmss/m/it --> OT1/cmss/bx/it on input line 32.
LaTeX Font Info:    Overwriting math alphabet `\mathrm' in version `bold'
(Font)                  OT1/cmss/bx/n --> OT1/ppl/bx/n on input line 32.
LaTeX Font Info:    Overwriting math alphabet `\mathbf' in version `bold'
(Font)                  OT1/cmss/bx/n --> OT1/cmss/bx/n on input line 32.
LaTeX Font Info:    Overwriting math alphabet `\mathsf' in version `bold'
(Font)                  OT1/cmss/m/n --> OT1/cmss/bx/n on input line 32.
LaTeX Font Info:    Overwriting math alphabet `\mathit' in version `bold'
(Font)                  OT1/cmss/m/it --> OT1/cmss/bx/it on input line 32.
LaTeX Font Info:    Overwriting math alphabet `\mathtt' in version `bold'
(Font)                  OT1/cmtt/m/n --> OT1/cmtt/bx/n on input line 32.

(d:/usr/texlive/2012/texmf-dist/tex/latex/beamer/translator/dicts/translator-ba
sic-dictionary/translator-basic-dictionary-English.dict
Dictionary: translator-basic-dictionary, Language: English 
)
(d:/usr/texlive/2012/texmf-dist/tex/latex/beamer/translator/dicts/translator-bi
bliography-dictionary/translator-bibliography-dictionary-English.dict
Dictionary: translator-bibliography-dictionary, Language: English 
)
(d:/usr/texlive/2012/texmf-dist/tex/latex/beamer/translator/dicts/translator-en
vironment-dictionary/translator-environment-dictionary-English.dict
Dictionary: translator-environment-dictionary, Language: English 
)
(d:/usr/texlive/2012/texmf-dist/tex/latex/beamer/translator/dicts/translator-mo
nths-dictionary/translator-months-dictionary-English.dict
Dictionary: translator-months-dictionary, Language: English 
)
(d:/usr/texlive/2012/texmf-dist/tex/latex/beamer/translator/dicts/translator-nu
mbers-dictionary/translator-numbers-dictionary-English.dict
Dictionary: translator-numbers-dictionary, Language: English 
)
(d:/usr/texlive/2012/texmf-dist/tex/latex/beamer/translator/dicts/translator-th
eorem-dictionary/translator-theorem-dictionary-English.dict
Dictionary: translator-theorem-dictionary, Language: English 
)
LaTeX Info: Redefining \includegraphics on input line 32.

(./README_Slide.nav)

pdfTeX warning: pdflatex.exe (file ./frise_blue.pdf): PDF inclusion: found PDF 
version <1.6>, but at most version <1.5> allowed
<frise_blue.pdf, id=78, 789.54973pt x 72.27pt>
File: frise_blue.pdf Graphic file (type pdf)
 <use frise_blue.pdf>
Package pdftex.def Info: frise_blue.pdf used on input line 32.
(pdftex.def)             Requested size: 364.19536pt x 33.33612pt.

<background.jpg, id=82, 718.685pt x 541.02126pt>
File: background.jpg Graphic file (type jpg)
 <use background.jpg>
Package pdftex.def Info: background.jpg used on input line 39.
(pdftex.def)             Requested size: 362.85081pt x 273.15166pt.

Overfull \hbox (27.10818pt too wide) in paragraph at lines 39--39
[][]  
 []


Overfull \vbox (215.78351pt too high) detected at line 39
 []


LaTeX Font Warning: Font shape `OT1/cmss/m/n' in size <4> not available
(Font)              size <5> substituted on input line 39.

File: frise_blue.pdf Graphic file (type pdf)
<use frise_blue.pdf>
Package pdftex.def Info: frise_blue.pdf used on input line 39.
(pdftex.def)             Requested size: 364.19536pt x 33.33612pt.
 [1

 <./background.jpg> <./frise_blue.pdf>]
(./README_Slide.toc)
File: frise_blue.pdf Graphic file (type pdf)
 <use frise_blue.pdf>
Package pdftex.def Info: frise_blue.pdf used on input line 47.
(pdftex.def)             Requested size: 364.19536pt x 33.33612pt.
 [2

]
File: frise_blue.pdf Graphic file (type pdf)
 <use frise_blue.pdf>
Package pdftex.def Info: frise_blue.pdf used on input line 81.
(pdftex.def)             Requested size: 364.19536pt x 33.33612pt.
 [3

]
LaTeX Font Info:    Try loading font information for OML+zplm on input line 105
.

(d:/usr/texlive/2012/texmf-dist/tex/latex/psnfss/omlzplm.fd
File: omlzplm.fd 2002/09/08 Fontinst v1.914 font definitions for OML/zplm.
)
LaTeX Font Info:    Try loading font information for OMS+zplm on input line 105
.

(d:/usr/texlive/2012/texmf-dist/tex/latex/psnfss/omszplm.fd
File: omszplm.fd 2002/09/08 Fontinst v1.914 font definitions for OMS/zplm.
)
LaTeX Font Info:    Try loading font information for OMX+zplm on input line 105
.

(d:/usr/texlive/2012/texmf-dist/tex/latex/psnfss/omxzplm.fd
File: omxzplm.fd 2002/09/08 Fontinst v1.914 font definitions for OMX/zplm.
)
LaTeX Font Info:    Font shape `U/msa/m/n' will be
(Font)              scaled to size 8.33606pt on input line 105.
LaTeX Font Info:    Font shape `U/msa/m/n' will be
(Font)              scaled to size 6.25204pt on input line 105.
LaTeX Font Info:    Font shape `U/msa/m/n' will be
(Font)              scaled to size 5.21004pt on input line 105.
LaTeX Font Info:    Font shape `U/msb/m/n' will be
(Font)              scaled to size 8.33606pt on input line 105.
LaTeX Font Info:    Font shape `U/msb/m/n' will be
(Font)              scaled to size 6.25204pt on input line 105.
LaTeX Font Info:    Font shape `U/msb/m/n' will be
(Font)              scaled to size 5.21004pt on input line 105.
LaTeX Font Info:    Try loading font information for OT1+zplm on input line 105
.

(d:/usr/texlive/2012/texmf-dist/tex/latex/psnfss/ot1zplm.fd
File: ot1zplm.fd 2002/09/08 Fontinst v1.914 font definitions for OT1/zplm.
)
<images/image01.jpg, id=117, 1003.75pt x 1379.1525pt>
File: images/image01.jpg Graphic file (type jpg)
 <use images/image01.jpg>
Package pdftex.def Info: images/image01.jpg used on input line 105.
(pdftex.def)             Requested size: 47.29572pt x 65.0pt.
File: frise_blue.pdf Graphic file (type pdf)

<use frise_blue.pdf>
Package pdftex.def Info: frise_blue.pdf used on input line 105.
(pdftex.def)             Requested size: 364.19536pt x 33.33612pt.
 [4

 <./images/image01.jpg>]
<images/image02.jpg, id=127, 1509.64pt x 1133.23375pt>
File: images/image02.jpg Graphic file (type jpg)

<use images/image02.jpg>
Package pdftex.def Info: images/image02.jpg used on input line 126.
(pdftex.def)             Requested size: 133.21268pt x 100.0pt.
File: frise_blue.pdf Graphic file (type pdf)
 <use frise_blue.pdf>
Package pdftex.def Info: frise_blue.pdf used on input line 126.
(pdftex.def)             Requested size: 364.19536pt x 33.33612pt.
 [5

 <./images/image02.jpg>]
File: frise_blue.pdf Graphic file (type pdf)

<use frise_blue.pdf>
Package pdftex.def Info: frise_blue.pdf used on input line 143.
(pdftex.def)             Requested size: 364.19536pt x 33.33612pt.
 [6

]
File: frise_blue.pdf Graphic file (type pdf)
 <use frise_blue.pdf>
Package pdftex.def Info: frise_blue.pdf used on input line 158.
(pdftex.def)             Requested size: 364.19536pt x 33.33612pt.
 [7

]
File: frise_blue.pdf Graphic file (type pdf)
 <use frise_blue.pdf>
Package pdftex.def Info: frise_blue.pdf used on input line 173.
(pdftex.def)             Requested size: 364.19536pt x 33.33612pt.
 [8

]
File: frise_blue.pdf Graphic file (type pdf)

<use frise_blue.pdf>
Package pdftex.def Info: frise_blue.pdf used on input line 200.
(pdftex.def)             Requested size: 364.19536pt x 33.33612pt.
 [9

]
File: frise_blue.pdf Graphic file (type pdf)
 <use frise_blue.pdf>
Package pdftex.def Info: frise_blue.pdf used on input line 228.
(pdftex.def)             Requested size: 364.19536pt x 33.33612pt.
 [10

]

Package hyperref Warning: Token not allowed in a PDF string (PDFDocEncoding):
(hyperref)                removing `math shift' on input line 235.


Package hyperref Warning: Token not allowed in a PDF string (PDFDocEncoding):
(hyperref)                removing `math shift' on input line 235.


Package hyperref Warning: Token not allowed in a PDF string (PDFDocEncoding):
(hyperref)                removing `math shift' on input line 235.


Package hyperref Warning: Token not allowed in a PDF string (PDFDocEncoding):
(hyperref)                removing `math shift' on input line 235.

LaTeX Font Info:    Font shape `U/msa/m/n' will be
(Font)              scaled to size 15.0049pt on input line 275.
LaTeX Font Info:    Font shape `U/msa/m/n' will be
(Font)              scaled to size 10.42007pt on input line 275.
LaTeX Font Info:    Font shape `U/msb/m/n' will be
(Font)              scaled to size 15.0049pt on input line 275.
LaTeX Font Info:    Font shape `U/msb/m/n' will be
(Font)              scaled to size 10.42007pt on input line 275.
File: frise_blue.pdf Graphic file (type pdf)
<use frise_blue.pdf>
Package pdftex.def Info: frise_blue.pdf used on input line 275.
(pdftex.def)             Requested size: 364.19536pt x 33.33612pt.
 [11

]
<images/image24.jpg, id=165, 1707.37875pt x 947.54pt>
File: images/image24.jpg Graphic file (type jpg)
 <use images/image24.jpg>
Package pdftex.def Info: images/image24.jpg used on input line 288.
(pdftex.def)             Requested size: 306.32492pt x 170.0pt.
File: frise_blue.pdf Graphic file (type pdf)

<use frise_blue.pdf>
Package pdftex.def Info: frise_blue.pdf used on input line 288.
(pdftex.def)             Requested size: 364.19536pt x 33.33612pt.
 [12

 <./images/image24.jpg>]
<images/image23.jpg, id=172, 1445.4pt x 873.2625pt>
File: images/image23.jpg Graphic file (type jpg)
 <use images/image23.jpg>
Package pdftex.def Info: images/image23.jpg used on input line 299.
(pdftex.def)             Requested size: 281.37769pt x 170.0pt.
File: frise_blue.pdf Graphic file (type pdf)

<use frise_blue.pdf>
Package pdftex.def Info: frise_blue.pdf used on input line 299.
(pdftex.def)             Requested size: 364.19536pt x 33.33612pt.
 [13

 <./images/image23.jpg>] (./README_Slide.toc)
File: frise_blue.pdf Graphic file (type pdf)

<use frise_blue.pdf>
Package pdftex.def Info: frise_blue.pdf used on input line 309.
(pdftex.def)             Requested size: 364.19536pt x 33.33612pt.
 [14

]
File: frise_blue.pdf Graphic file (type pdf)
 <use frise_blue.pdf>
Package pdftex.def Info: frise_blue.pdf used on input line 328.
(pdftex.def)             Requested size: 364.19536pt x 33.33612pt.
 [15

]
File: frise_blue.pdf Graphic file (type pdf)
 <use frise_blue.pdf>
Package pdftex.def Info: frise_blue.pdf used on input line 350.
(pdftex.def)             Requested size: 364.19536pt x 33.33612pt.

[16

] <images/Model_Real_Asia.jpg, id=194, 1056.94875pt x 947.54pt>
File: images/Model_Real_Asia.jpg Graphic file (type jpg)

<use images/Model_Real_Asia.jpg>
Package pdftex.def Info: images/Model_Real_Asia.jpg used on input line 360.
(pdftex.def)             Requested size: 189.62971pt x 170.0pt.
File: frise_blue.pdf Graphic file (type pdf)
 <use frise_blue.pdf>
Package pdftex.def Info: frise_blue.pdf used on input line 360.
(pdftex.def)             Requested size: 364.19536pt x 33.33612pt.
 [17

 <./images/Model_Real_Asia.jpg>]
File: frise_blue.pdf Graphic file (type pdf)
 <use frise_blue.pdf>
Package pdftex.def Info: frise_blue.pdf used on input line 383.
(pdftex.def)             Requested size: 364.19536pt x 33.33612pt.
 [18

]
<images/Model_Real_Insurance.jpg, id=205, 1003.75pt x 1003.75pt>
File: images/Model_Real_Insurance.jpg Graphic file (type jpg)

<use images/Model_Real_Insurance.jpg>
Package pdftex.def Info: images/Model_Real_Insurance.jpg used on input line 394
.
(pdftex.def)             Requested size: 169.99197pt x 170.0pt.
File: frise_blue.pdf Graphic file (type pdf)
 <use frise_blue.pdf>
Package pdftex.def Info: frise_blue.pdf used on input line 394.
(pdftex.def)             Requested size: 364.19536pt x 33.33612pt.
 [19

 <./images/Model_Real_Insurance.jpg>]
File: frise_blue.pdf Graphic file (type pdf)
 <use frise_blue.pdf>
Package pdftex.def Info: frise_blue.pdf used on input line 417.
(pdftex.def)             Requested size: 364.19536pt x 33.33612pt.
 [20

]
<images/Model_Real_ALARM.jpg, id=217, 1003.75pt x 1003.75pt>
File: images/Model_Real_ALARM.jpg Graphic file (type jpg)

<use images/Model_Real_ALARM.jpg>
Package pdftex.def Info: images/Model_Real_ALARM.jpg used on input line 427.
(pdftex.def)             Requested size: 169.99197pt x 170.0pt.
File: frise_blue.pdf Graphic file (type pdf)
 <use frise_blue.pdf>
Package pdftex.def Info: frise_blue.pdf used on input line 427.
(pdftex.def)             Requested size: 364.19536pt x 33.33612pt.
 [21

 <./images/Model_Real_ALARM.jpg>]
File: frise_blue.pdf Graphic file (type pdf)
 <use frise_blue.pdf>
Package pdftex.def Info: frise_blue.pdf used on input line 450.
(pdftex.def)             Requested size: 364.19536pt x 33.33612pt.
 [22

]
<images/Model_Real_Hailfinder.jpg, id=228, 1003.75pt x 1003.75pt>
File: images/Model_Real_Hailfinder.jpg Graphic file (type jpg)

<use images/Model_Real_Hailfinder.jpg>
Package pdftex.def Info: images/Model_Real_Hailfinder.jpg used on input line 46
0.
(pdftex.def)             Requested size: 169.99197pt x 170.0pt.
File: frise_blue.pdf Graphic file (type pdf)
 <use frise_blue.pdf>
Package pdftex.def Info: frise_blue.pdf used on input line 460.
(pdftex.def)             Requested size: 364.19536pt x 33.33612pt.
 [23

 <./images/Model_Real_Hailfinder.jpg>]
<images/Real_Result.jpg, id=234, 2007.5pt x 842.14626pt>
File: images/Real_Result.jpg Graphic file (type jpg)

<use images/Real_Result.jpg>
Package pdftex.def Info: images/Real_Result.jpg used on input line 471.
(pdftex.def)             Requested size: 309.87274pt x 130.0pt.
File: frise_blue.pdf Graphic file (type pdf)
 <use frise_blue.pdf>
Package pdftex.def Info: frise_blue.pdf used on input line 471.
(pdftex.def)             Requested size: 364.19536pt x 33.33612pt.
 [24

 <./images/Real_Result.jpg>] <images/image21.jpg, id=240, 854.19125pt x 629.351
26pt>
File: images/image21.jpg Graphic file (type jpg)

<use images/image21.jpg>
Package pdftex.def Info: images/image21.jpg used on input line 489.
(pdftex.def)             Requested size: 203.58939pt x 150.0pt.
File: frise_blue.pdf Graphic file (type pdf)
 <use frise_blue.pdf>
Package pdftex.def Info: frise_blue.pdf used on input line 489.
(pdftex.def)             Requested size: 364.19536pt x 33.33612pt.
 [25

 <./images/image21.jpg>]
File: frise_blue.pdf Graphic file (type pdf)

<use frise_blue.pdf>
Package pdftex.def Info: frise_blue.pdf used on input line 512.
(pdftex.def)             Requested size: 364.19536pt x 33.33612pt.
 [26

]
<images/Topologies_Collapse.jpg, id=252, 849.1725pt x 132.495pt>
File: images/Topologies_Collapse.jpg Graphic file (type jpg)

<use images/Topologies_Collapse.jpg>
Package pdftex.def Info: images/Topologies_Collapse.jpg used on input line 522.

(pdftex.def)             Requested size: 320.46024pt x 50.0pt.
File: frise_blue.pdf Graphic file (type pdf)
 <use frise_blue.pdf>
Package pdftex.def Info: frise_blue.pdf used on input line 522.
(pdftex.def)             Requested size: 364.19536pt x 33.33612pt.
 [27

 <./images/Topologies_Collapse.jpg>]
<images/01_Collapse_Score.jpeg, id=258, 1505.625pt x 1816.7875pt>
File: images/01_Collapse_Score.jpeg Graphic file (type jpg)

<use images/01_Collapse_Score.jpeg>
Package pdftex.def Info: images/01_Collapse_Score.jpeg used on input line 533.
(pdftex.def)             Requested size: 140.87631pt x 170.0pt.
File: frise_blue.pdf Graphic file (type pdf)
 <use frise_blue.pdf>
Package pdftex.def Info: frise_blue.pdf used on input line 533.
(pdftex.def)             Requested size: 364.19536pt x 33.33612pt.
 [28

 <./images/01_Collapse_Score.jpeg>]
<images/01_Collapse_Arcs.jpeg, id=264, 1505.625pt x 1823.81375pt>
File: images/01_Collapse_Arcs.jpeg Graphic file (type jpg)

<use images/01_Collapse_Arcs.jpeg>
Package pdftex.def Info: images/01_Collapse_Arcs.jpeg used on input line 543.
(pdftex.def)             Requested size: 140.32494pt x 170.0pt.
File: frise_blue.pdf Graphic file (type pdf)
 <use frise_blue.pdf>
Package pdftex.def Info: frise_blue.pdf used on input line 543.
(pdftex.def)             Requested size: 364.19536pt x 33.33612pt.
 [29

 <./images/01_Collapse_Arcs.jpeg>] <images/Result_Collapse.jpg, id=270, 2007.5p
t x 961.5925pt>
File: images/Result_Collapse.jpg Graphic file (type jpg)

<use images/Result_Collapse.jpg>
Package pdftex.def Info: images/Result_Collapse.jpg used on input line 554.
(pdftex.def)             Requested size: 271.39902pt x 130.0pt.
File: frise_blue.pdf Graphic file (type pdf)
 <use frise_blue.pdf>
Package pdftex.def Info: frise_blue.pdf used on input line 554.
(pdftex.def)             Requested size: 364.19536pt x 33.33612pt.
 [30

 <./images/Result_Collapse.jpg>] <images/Topologies_Line.jpg, id=276, 849.1725p
t x 132.495pt>
File: images/Topologies_Line.jpg Graphic file (type jpg)

<use images/Topologies_Line.jpg>
Package pdftex.def Info: images/Topologies_Line.jpg used on input line 565.
(pdftex.def)             Requested size: 320.46024pt x 50.0pt.
File: frise_blue.pdf Graphic file (type pdf)
 <use frise_blue.pdf>
Package pdftex.def Info: frise_blue.pdf used on input line 565.
(pdftex.def)             Requested size: 364.19536pt x 33.33612pt.
 [31

 <./images/Topologies_Line.jpg>] <images/02_Line_Score.jpeg, id=283, 1505.625pt
 x 1816.7875pt>
File: images/02_Line_Score.jpeg Graphic file (type jpg)

<use images/02_Line_Score.jpeg>
Package pdftex.def Info: images/02_Line_Score.jpeg used on input line 576.
(pdftex.def)             Requested size: 140.87631pt x 170.0pt.
File: frise_blue.pdf Graphic file (type pdf)
 <use frise_blue.pdf>
Package pdftex.def Info: frise_blue.pdf used on input line 576.
(pdftex.def)             Requested size: 364.19536pt x 33.33612pt.
 [32

 <./images/02_Line_Score.jpeg>] <images/02_Line_Arcs.jpeg, id=289, 1505.625pt x
 1816.7875pt>
File: images/02_Line_Arcs.jpeg Graphic file (type jpg)

<use images/02_Line_Arcs.jpeg>
Package pdftex.def Info: images/02_Line_Arcs.jpeg used on input line 586.
(pdftex.def)             Requested size: 140.87631pt x 170.0pt.
File: frise_blue.pdf Graphic file (type pdf)
 <use frise_blue.pdf>
Package pdftex.def Info: frise_blue.pdf used on input line 586.
(pdftex.def)             Requested size: 364.19536pt x 33.33612pt.
 [33

 <./images/02_Line_Arcs.jpeg>] <images/Result_Line.jpg, id=295, 2007.5pt x 961.
5925pt>
File: images/Result_Line.jpg Graphic file (type jpg)

<use images/Result_Line.jpg>
Package pdftex.def Info: images/Result_Line.jpg used on input line 597.
(pdftex.def)             Requested size: 271.39902pt x 130.0pt.
File: frise_blue.pdf Graphic file (type pdf)
 <use frise_blue.pdf>
Package pdftex.def Info: frise_blue.pdf used on input line 597.
(pdftex.def)             Requested size: 364.19536pt x 33.33612pt.
 [34

 <./images/Result_Line.jpg>] <images/Topologies_Star.jpg, id=301, 849.1725pt x 
132.495pt>
File: images/Topologies_Star.jpg Graphic file (type jpg)

<use images/Topologies_Star.jpg>
Package pdftex.def Info: images/Topologies_Star.jpg used on input line 608.
(pdftex.def)             Requested size: 320.46024pt x 50.0pt.
File: frise_blue.pdf Graphic file (type pdf)
 <use frise_blue.pdf>
Package pdftex.def Info: frise_blue.pdf used on input line 608.
(pdftex.def)             Requested size: 364.19536pt x 33.33612pt.
 [35

 <./images/Topologies_Star.jpg>] <images/03_Star_Score.jpeg, id=307, 1505.625pt
 x 1816.7875pt>
File: images/03_Star_Score.jpeg Graphic file (type jpg)

<use images/03_Star_Score.jpeg>
Package pdftex.def Info: images/03_Star_Score.jpeg used on input line 619.
(pdftex.def)             Requested size: 140.87631pt x 170.0pt.
File: frise_blue.pdf Graphic file (type pdf)
 <use frise_blue.pdf>
Package pdftex.def Info: frise_blue.pdf used on input line 619.
(pdftex.def)             Requested size: 364.19536pt x 33.33612pt.
 [36

 <./images/03_Star_Score.jpeg>] <images/03_Star_Arcs.jpeg, id=314, 1505.625pt x
 1815.78375pt>
File: images/03_Star_Arcs.jpeg Graphic file (type jpg)

<use images/03_Star_Arcs.jpeg>
Package pdftex.def Info: images/03_Star_Arcs.jpeg used on input line 629.
(pdftex.def)             Requested size: 140.94522pt x 170.0pt.
File: frise_blue.pdf Graphic file (type pdf)
 <use frise_blue.pdf>
Package pdftex.def Info: frise_blue.pdf used on input line 629.
(pdftex.def)             Requested size: 364.19536pt x 33.33612pt.
 [37

 <./images/03_Star_Arcs.jpeg>] <images/Result_Star.jpg, id=321, 2007.5pt x 961.
5925pt>
File: images/Result_Star.jpg Graphic file (type jpg)

<use images/Result_Star.jpg>
Package pdftex.def Info: images/Result_Star.jpg used on input line 640.
(pdftex.def)             Requested size: 271.39902pt x 130.0pt.
File: frise_blue.pdf Graphic file (type pdf)
 <use frise_blue.pdf>
Package pdftex.def Info: frise_blue.pdf used on input line 640.
(pdftex.def)             Requested size: 364.19536pt x 33.33612pt.
 [38

 <./images/Result_Star.jpg>] <images/Topologies_PseudoLoop.jpg, id=327, 849.172
5pt x 132.495pt>
File: images/Topologies_PseudoLoop.jpg Graphic file (type jpg)

<use images/Topologies_PseudoLoop.jpg>
Package pdftex.def Info: images/Topologies_PseudoLoop.jpg used on input line 65
1.
(pdftex.def)             Requested size: 320.46024pt x 50.0pt.
File: frise_blue.pdf Graphic file (type pdf)
 <use frise_blue.pdf>
Package pdftex.def Info: frise_blue.pdf used on input line 651.
(pdftex.def)             Requested size: 364.19536pt x 33.33612pt.
 [39

 <./images/Topologies_PseudoLoop.jpg>]
<images/04_PseudoLoop_Score.jpeg, id=333, 1505.625pt x 1815.78375pt>
File: images/04_PseudoLoop_Score.jpeg Graphic file (type jpg)

<use images/04_PseudoLoop_Score.jpeg>
Package pdftex.def Info: images/04_PseudoLoop_Score.jpeg used on input line 662
.
(pdftex.def)             Requested size: 140.94522pt x 170.0pt.
File: frise_blue.pdf Graphic file (type pdf)
 <use frise_blue.pdf>
Package pdftex.def Info: frise_blue.pdf used on input line 662.
(pdftex.def)             Requested size: 364.19536pt x 33.33612pt.
 [40

 <./images/04_PseudoLoop_Score.jpeg>]
<images/04_PseudoLoop_Arcs.jpeg, id=339, 1505.625pt x 1816.7875pt>
File: images/04_PseudoLoop_Arcs.jpeg Graphic file (type jpg)

<use images/04_PseudoLoop_Arcs.jpeg>
Package pdftex.def Info: images/04_PseudoLoop_Arcs.jpeg used on input line 672.

(pdftex.def)             Requested size: 140.87631pt x 170.0pt.
File: frise_blue.pdf Graphic file (type pdf)
 <use frise_blue.pdf>
Package pdftex.def Info: frise_blue.pdf used on input line 672.
(pdftex.def)             Requested size: 364.19536pt x 33.33612pt.
 [41

 <./images/04_PseudoLoop_Arcs.jpeg>]
<images/Result_PseudoLoop.jpg, id=345, 2007.5pt x 961.5925pt>
File: images/Result_PseudoLoop.jpg Graphic file (type jpg)

<use images/Result_PseudoLoop.jpg>
Package pdftex.def Info: images/Result_PseudoLoop.jpg used on input line 682.
(pdftex.def)             Requested size: 271.39902pt x 130.0pt.
File: frise_blue.pdf Graphic file (type pdf)
 <use frise_blue.pdf>
Package pdftex.def Info: frise_blue.pdf used on input line 682.
(pdftex.def)             Requested size: 364.19536pt x 33.33612pt.
 [42

 <./images/Result_PseudoLoop.jpg>] <images/Topologies_Diamond.jpg, id=351, 849.
1725pt x 132.495pt>
File: images/Topologies_Diamond.jpg Graphic file (type jpg)

<use images/Topologies_Diamond.jpg>
Package pdftex.def Info: images/Topologies_Diamond.jpg used on input line 694.
(pdftex.def)             Requested size: 320.46024pt x 50.0pt.
File: frise_blue.pdf Graphic file (type pdf)
 <use frise_blue.pdf>
Package pdftex.def Info: frise_blue.pdf used on input line 694.
(pdftex.def)             Requested size: 364.19536pt x 33.33612pt.
 [43

 <./images/Topologies_Diamond.jpg>]
<images/05_Diamond_Score.jpeg, id=358, 1505.625pt x 1815.78375pt>
File: images/05_Diamond_Score.jpeg Graphic file (type jpg)

<use images/05_Diamond_Score.jpeg>
Package pdftex.def Info: images/05_Diamond_Score.jpeg used on input line 705.
(pdftex.def)             Requested size: 140.94522pt x 170.0pt.
File: frise_blue.pdf Graphic file (type pdf)
 <use frise_blue.pdf>
Package pdftex.def Info: frise_blue.pdf used on input line 705.
(pdftex.def)             Requested size: 364.19536pt x 33.33612pt.
 [44

 <./images/05_Diamond_Score.jpeg>]
<images/05_Diamond_Arcs.jpeg, id=364, 1505.625pt x 1815.78375pt>
File: images/05_Diamond_Arcs.jpeg Graphic file (type jpg)

<use images/05_Diamond_Arcs.jpeg>
Package pdftex.def Info: images/05_Diamond_Arcs.jpeg used on input line 715.
(pdftex.def)             Requested size: 140.94522pt x 170.0pt.
File: frise_blue.pdf Graphic file (type pdf)
 <use frise_blue.pdf>
Package pdftex.def Info: frise_blue.pdf used on input line 715.
(pdftex.def)             Requested size: 364.19536pt x 33.33612pt.
 [45

 <./images/05_Diamond_Arcs.jpeg>] <images/Result_Diamond.jpg, id=370, 2007.5pt 
x 842.14626pt>
File: images/Result_Diamond.jpg Graphic file (type jpg)

<use images/Result_Diamond.jpg>
Package pdftex.def Info: images/Result_Diamond.jpg used on input line 725.
(pdftex.def)             Requested size: 309.87274pt x 130.0pt.
File: frise_blue.pdf Graphic file (type pdf)
 <use frise_blue.pdf>
Package pdftex.def Info: frise_blue.pdf used on input line 725.
(pdftex.def)             Requested size: 364.19536pt x 33.33612pt.
 [46

 <./images/Result_Diamond.jpg>] <images/Topologies_Rhombus.jpg, id=376, 849.172
5pt x 132.495pt>
File: images/Topologies_Rhombus.jpg Graphic file (type jpg)

<use images/Topologies_Rhombus.jpg>
Package pdftex.def Info: images/Topologies_Rhombus.jpg used on input line 735.
(pdftex.def)             Requested size: 320.46024pt x 50.0pt.
File: frise_blue.pdf Graphic file (type pdf)
 <use frise_blue.pdf>
Package pdftex.def Info: frise_blue.pdf used on input line 735.
(pdftex.def)             Requested size: 364.19536pt x 33.33612pt.
 [47

 <./images/Topologies_Rhombus.jpg>]
<images/06_Rhombus_Score.jpeg, id=382, 1505.625pt x 1814.78pt>
File: images/06_Rhombus_Score.jpeg Graphic file (type jpg)

<use images/06_Rhombus_Score.jpeg>
Package pdftex.def Info: images/06_Rhombus_Score.jpeg used on input line 746.
(pdftex.def)             Requested size: 141.03712pt x 170.0pt.
File: frise_blue.pdf Graphic file (type pdf)
 <use frise_blue.pdf>
Package pdftex.def Info: frise_blue.pdf used on input line 746.
(pdftex.def)             Requested size: 364.19536pt x 33.33612pt.
 [48

 <./images/06_Rhombus_Score.jpeg>]
<images/06_Rhombus_Arcs.jpeg, id=388, 1506.62875pt x 1815.78375pt>
File: images/06_Rhombus_Arcs.jpeg Graphic file (type jpg)

<use images/06_Rhombus_Arcs.jpeg>
Package pdftex.def Info: images/06_Rhombus_Arcs.jpeg used on input line 756.
(pdftex.def)             Requested size: 141.03918pt x 170.0pt.
File: frise_blue.pdf Graphic file (type pdf)
 <use frise_blue.pdf>
Package pdftex.def Info: frise_blue.pdf used on input line 756.
(pdftex.def)             Requested size: 364.19536pt x 33.33612pt.
 [49

 <./images/06_Rhombus_Arcs.jpeg>] <images/Result_Rhombus.jpg, id=395, 2007.5pt 
x 842.14626pt>
File: images/Result_Rhombus.jpg Graphic file (type jpg)

<use images/Result_Rhombus.jpg>
Package pdftex.def Info: images/Result_Rhombus.jpg used on input line 767.
(pdftex.def)             Requested size: 309.87274pt x 130.0pt.
File: frise_blue.pdf Graphic file (type pdf)
 <use frise_blue.pdf>
Package pdftex.def Info: frise_blue.pdf used on input line 767.
(pdftex.def)             Requested size: 364.19536pt x 33.33612pt.
 [50

 <./images/Result_Rhombus.jpg>]
File: frise_blue.pdf Graphic file (type pdf)
 <use frise_blue.pdf>
Package pdftex.def Info: frise_blue.pdf used on input line 797.
(pdftex.def)             Requested size: 364.19536pt x 33.33612pt.
 [51

]
\tf@nav=\write6
\openout6 = `README_Slide.nav'.

\tf@toc=\write7
\openout7 = `README_Slide.toc'.

\tf@snm=\write8
\openout8 = `README_Slide.snm'.

Package atveryend Info: Empty hook `BeforeClearDocument' on input line 798.
Package atveryend Info: Empty hook `AfterLastShipout' on input line 798.
 (./README_Slide.aux)
Package atveryend Info: Executing hook `AtVeryEndDocument' on input line 798.
Package atveryend Info: Executing hook `AtEndAfterFileList' on input line 798.


Package rerunfilecheck Warning: File `README_Slide.out' has changed.
(rerunfilecheck)                Rerun to get outlines right
(rerunfilecheck)                or use package `bookmark'.

Package rerunfilecheck Info: Checksums for `README_Slide.out':
(rerunfilecheck)             Before: C9FD439B23917CE930AC45969F94ACEA;1170
(rerunfilecheck)             After:  DE479BA850CF3C23AE8B21527F559611;1154.

LaTeX Font Warning: Size substitutions with differences
(Font)              up to 1.0pt have occurred.

Package atveryend Info: Empty hook `AtVeryVeryEnd' on input line 798.
 ) 
Here is how much of TeX's memory you used:
 23431 strings out of 493481
 436042 string characters out of 3134960
 510379 words of memory out of 3000000
 26001 multiletter control sequences out of 15000+200000
 24410 words of font info for 78 fonts, out of 3000000 for 9000
 957 hyphenation exceptions out of 8191
 49i,14n,57p,952b,586s stack positions out of 5000i,500n,10000p,200000b,50000s
<d:/usr/texlive/2012/texmf-dist/fonts/type1/public/amsfonts/cm/cmr10.pfb><d:/
usr/texlive/2012/texmf-dist/fonts/type1/public/amsfonts/cm/cmss10.pfb><d:/usr/t
exlive/2012/texmf-dist/fonts/type1/public/amsfonts/cm/cmss8.pfb><d:/usr/texlive
/2012/texmf-dist/fonts/type1/public/amsfonts/cm/cmssbx10.pfb><d:/usr/texlive/20
12/texmf-dist/fonts/type1/public/amsfonts/cm/cmssi8.pfb><d:/usr/texlive/2012/te
xmf-dist/fonts/type1/public/amsfonts/cm/cmsy10.pfb><d:/usr/texlive/2012/texmf-d
ist/fonts/type1/public/mathpazo/fplmr.pfb><d:/usr/texlive/2012/texmf-dist/fonts
/type1/public/mathpazo/fplmri.pfb>
Output written on README_Slide.pdf (51 pages, 18382272 bytes).
PDF statistics:
 463 PDF objects out of 1000 (max. 8388607)
 346 compressed objects within 4 object streams
 119 named destinations out of 1000 (max. 500000)
 393 words of extra memory for PDF output out of 10000 (max. 10000000)

