This is pdfTeX, Version 3.1415926-2.5-1.40.14 (MiKTeX 2.9 64-bit) (preloaded format=pdflatex 2014.11.15)  21 NOV 2014 13:02
entering extended mode
**fete_science.tex
("D:\Dropbox\__베이지안 네트워크\_Meeting\20141121\fete_science.tex"
LaTeX2e <2011/06/27>
Babel <3.9l> and hyphenation patterns for 68 languages loaded.
("C:\Program Files\MiKTeX 2.9\tex\latex\beamer\base\beamer.cls"
("C:\Program Files\MiKTeX 2.9\tex\latex\beamer\base\beamerbasercs.sty"
Package: beamerbasercs 2013/12/25 (rcs-revision 31cc758a62ae)
)
Document Class: beamer 2013/12/02 3.33 A class for typesetting presentations (r
cs-revision 332bfd3ce558)
("C:\Program Files\MiKTeX 2.9\tex\latex\beamer\base\beamerbasemodes.sty"
Package: beamerbasemodes 2013/09/03 (rcs-revision 768f2d98ca64)
\beamer@tempbox=\box26
\beamer@tempcount=\count79
\c@beamerpauses=\count80

("C:\Program Files\MiKTeX 2.9\tex\latex\beamer\base\beamerbasedecode.sty"
Package: beamerbasedecode 2010/05/01 (rcs-revision efa082c6111d)
\beamer@slideinframe=\count81
\beamer@minimum=\count82
)
\beamer@commentbox=\box27
\beamer@modecount=\count83
)
("C:\Program Files\MiKTeX 2.9\tex\generic\oberdiek\ifpdf.sty"
Package: ifpdf 2011/01/30 v2.3 Provides the ifpdf switch (HO)
Package ifpdf Info: pdfTeX in PDF mode is detected.
)
\headheight=\dimen102
\headdp=\dimen103
\footheight=\dimen104
\sidebarheight=\dimen105
\beamer@tempdim=\dimen106
\beamer@finalheight=\dimen107
\beamer@animht=\dimen108
\beamer@animdp=\dimen109
\beamer@animwd=\dimen110
\beamer@leftmargin=\dimen111
\beamer@rightmargin=\dimen112
\beamer@leftsidebar=\dimen113
\beamer@rightsidebar=\dimen114
\beamer@boxsize=\dimen115
\beamer@vboxoffset=\dimen116
\beamer@descdefault=\dimen117
\beamer@descriptionwidth=\dimen118
\beamer@lastskip=\skip41
\beamer@areabox=\box28
\beamer@animcurrent=\box29
\beamer@animshowbox=\box30
\beamer@sectionbox=\box31
\beamer@logobox=\box32
\beamer@linebox=\box33
\beamer@sectioncount=\count84
\beamer@subsubsectionmax=\count85
\beamer@subsectionmax=\count86
\beamer@sectionmax=\count87
\beamer@totalheads=\count88
\beamer@headcounter=\count89
\beamer@partstartpage=\count90
\beamer@sectionstartpage=\count91
\beamer@subsectionstartpage=\count92
\beamer@animationtempa=\count93
\beamer@animationtempb=\count94
\beamer@xpos=\count95
\beamer@ypos=\count96
\beamer@showpartnumber=\count97
\beamer@currentsubsection=\count98
\beamer@coveringdepth=\count99
\beamer@sectionadjust=\count100
\beamer@tocsectionnumber=\count101

("C:\Program Files\MiKTeX 2.9\tex\latex\beamer\base\beamerbaseoptions.sty"
Package: beamerbaseoptions 2013/03/10 (rcs-revision 47431932db0d)

("C:\Program Files\MiKTeX 2.9\tex\latex\graphics\keyval.sty"
Package: keyval 1999/03/16 v1.13 key=value parser (DPC)
\KV@toks@=\toks14
))
\beamer@paperwidth=\skip42
\beamer@paperheight=\skip43

("C:\Program Files\MiKTeX 2.9\tex\latex\geometry\geometry.sty"
Package: geometry 2010/09/12 v5.6 Page Geometry

("C:\Program Files\MiKTeX 2.9\tex\generic\oberdiek\ifvtex.sty"
Package: ifvtex 2010/03/01 v1.5 Detect VTeX and its facilities (HO)
Package ifvtex Info: VTeX not detected.
)
("C:\Program Files\MiKTeX 2.9\tex\generic\ifxetex\ifxetex.sty"
Package: ifxetex 2010/09/12 v0.6 Provides ifxetex conditional
)
\Gm@cnth=\count102
\Gm@cntv=\count103
\c@Gm@tempcnt=\count104
\Gm@bindingoffset=\dimen119
\Gm@wd@mp=\dimen120
\Gm@odd@mp=\dimen121
\Gm@even@mp=\dimen122
\Gm@layoutwidth=\dimen123
\Gm@layoutheight=\dimen124
\Gm@layouthoffset=\dimen125
\Gm@layoutvoffset=\dimen126
\Gm@dimlist=\toks15

("C:\Program Files\MiKTeX 2.9\tex\latex\geometry\geometry.cfg"))
("C:\Program Files\MiKTeX 2.9\tex\latex\base\size11.clo"
File: size11.clo 2007/10/19 v1.4h Standard LaTeX file (size option)
)
("C:\Program Files\MiKTeX 2.9\tex\latex\pgf\basiclayer\pgfcore.sty"
("C:\Program Files\MiKTeX 2.9\tex\latex\graphics\graphicx.sty"
Package: graphicx 1999/02/16 v1.0f Enhanced LaTeX Graphics (DPC,SPQR)

("C:\Program Files\MiKTeX 2.9\tex\latex\graphics\graphics.sty"
Package: graphics 2009/02/05 v1.0o Standard LaTeX Graphics (DPC,SPQR)

("C:\Program Files\MiKTeX 2.9\tex\latex\graphics\trig.sty"
Package: trig 1999/03/16 v1.09 sin cos tan (DPC)
)
("C:\Program Files\MiKTeX 2.9\tex\latex\00miktex\graphics.cfg"
File: graphics.cfg 2007/01/18 v1.5 graphics configuration of teTeX/TeXLive
)
Package graphics Info: Driver file: pdftex.def on input line 91.

("C:\Program Files\MiKTeX 2.9\tex\latex\pdftex-def\pdftex.def"
File: pdftex.def 2011/05/27 v0.06d Graphics/color for pdfTeX

("C:\Program Files\MiKTeX 2.9\tex\generic\oberdiek\infwarerr.sty"
Package: infwarerr 2010/04/08 v1.3 Providing info/warning/error messages (HO)
)
("C:\Program Files\MiKTeX 2.9\tex\generic\oberdiek\ltxcmds.sty"
Package: ltxcmds 2011/11/09 v1.22 LaTeX kernel commands for general use (HO)
)
\Gread@gobject=\count105
))
\Gin@req@height=\dimen127
\Gin@req@width=\dimen128
)
("C:\Program Files\MiKTeX 2.9\tex\latex\pgf\systemlayer\pgfsys.sty"
("C:\Program Files\MiKTeX 2.9\tex\latex\pgf\utilities\pgfrcs.sty"
("C:\Program Files\MiKTeX 2.9\tex\generic\pgf\utilities\pgfutil-common.tex"
\pgfutil@everybye=\toks16
\pgfutil@tempdima=\dimen129
\pgfutil@tempdimb=\dimen130

("C:\Program Files\MiKTeX 2.9\tex\generic\pgf\utilities\pgfutil-common-lists.te
x")) ("C:\Program Files\MiKTeX 2.9\tex\generic\pgf\utilities\pgfutil-latex.def"
\pgfutil@abb=\box34
("C:\Program Files\MiKTeX 2.9\tex\latex\ms\everyshi.sty"
Package: everyshi 2001/05/15 v3.00 EveryShipout Package (MS)
))
("C:\Program Files\MiKTeX 2.9\tex\generic\pgf\utilities\pgfrcs.code.tex"
Package: pgfrcs 2013/12/20 v3.0.0 (rcs-revision 1.28)
))
("C:\Program Files\MiKTeX 2.9\tex\generic\pgf\systemlayer\pgfsys.code.tex"
Package: pgfsys 2013/11/30 v3.0.0 (rcs-revision 1.47)

("C:\Program Files\MiKTeX 2.9\tex\generic\pgf\utilities\pgfkeys.code.tex"
\pgfkeys@pathtoks=\toks17
\pgfkeys@temptoks=\toks18

("C:\Program Files\MiKTeX 2.9\tex\generic\pgf\utilities\pgfkeysfiltered.code.te
x"
\pgfkeys@tmptoks=\toks19
))
\pgf@x=\dimen131
\pgf@y=\dimen132
\pgf@xa=\dimen133
\pgf@ya=\dimen134
\pgf@xb=\dimen135
\pgf@yb=\dimen136
\pgf@xc=\dimen137
\pgf@yc=\dimen138
\w@pgf@writea=\write3
\r@pgf@reada=\read1
\c@pgf@counta=\count106
\c@pgf@countb=\count107
\c@pgf@countc=\count108
\c@pgf@countd=\count109
\t@pgf@toka=\toks20
\t@pgf@tokb=\toks21
\t@pgf@tokc=\toks22
 ("C:\Program Files\MiKTeX 2.9\tex\generic\pgf\systemlayer\pgf.cfg"
File: pgf.cfg 2008/05/14  (rcs-revision 1.7)
)
Driver file for pgf: pgfsys-pdftex.def

("C:\Program Files\MiKTeX 2.9\tex\generic\pgf\systemlayer\pgfsys-pdftex.def"
File: pgfsys-pdftex.def 2013/07/18  (rcs-revision 1.33)

("C:\Program Files\MiKTeX 2.9\tex\generic\pgf\systemlayer\pgfsys-common-pdf.def
"
File: pgfsys-common-pdf.def 2013/10/10  (rcs-revision 1.13)
)))
("C:\Program Files\MiKTeX 2.9\tex\generic\pgf\systemlayer\pgfsyssoftpath.code.t
ex"
File: pgfsyssoftpath.code.tex 2013/09/09  (rcs-revision 1.9)
\pgfsyssoftpath@smallbuffer@items=\count110
\pgfsyssoftpath@bigbuffer@items=\count111
)
("C:\Program Files\MiKTeX 2.9\tex\generic\pgf\systemlayer\pgfsysprotocol.code.t
ex"
File: pgfsysprotocol.code.tex 2006/10/16  (rcs-revision 1.4)
)) ("C:\Program Files\MiKTeX 2.9\tex\latex\xcolor\xcolor.sty"
Package: xcolor 2007/01/21 v2.11 LaTeX color extensions (UK)

("C:\Program Files\MiKTeX 2.9\tex\latex\00miktex\color.cfg"
File: color.cfg 2007/01/18 v1.5 color configuration of teTeX/TeXLive
)
Package xcolor Info: Driver file: pdftex.def on input line 225.
Package xcolor Info: Model `cmy' substituted by `cmy0' on input line 1337.
Package xcolor Info: Model `hsb' substituted by `rgb' on input line 1341.
Package xcolor Info: Model `RGB' extended on input line 1353.
Package xcolor Info: Model `HTML' substituted by `rgb' on input line 1355.
Package xcolor Info: Model `Hsb' substituted by `hsb' on input line 1356.
Package xcolor Info: Model `tHsb' substituted by `hsb' on input line 1357.
Package xcolor Info: Model `HSB' substituted by `hsb' on input line 1358.
Package xcolor Info: Model `Gray' substituted by `gray' on input line 1359.
Package xcolor Info: Model `wave' substituted by `hsb' on input line 1360.
)
("C:\Program Files\MiKTeX 2.9\tex\generic\pgf\basiclayer\pgfcore.code.tex"
Package: pgfcore 2010/04/11 v3.0.0 (rcs-revision 1.7)

("C:\Program Files\MiKTeX 2.9\tex\generic\pgf\math\pgfmath.code.tex"
("C:\Program Files\MiKTeX 2.9\tex\generic\pgf\math\pgfmathcalc.code.tex"
("C:\Program Files\MiKTeX 2.9\tex\generic\pgf\math\pgfmathutil.code.tex")
("C:\Program Files\MiKTeX 2.9\tex\generic\pgf\math\pgfmathparser.code.tex"
\pgfmath@dimen=\dimen139
\pgfmath@count=\count112
\pgfmath@box=\box35
\pgfmath@toks=\toks23
\pgfmath@stack@operand=\toks24
\pgfmath@stack@operation=\toks25
)
("C:\Program Files\MiKTeX 2.9\tex\generic\pgf\math\pgfmathfunctions.code.tex"
("C:\Program Files\MiKTeX 2.9\tex\generic\pgf\math\pgfmathfunctions.basic.code.
tex")
("C:\Program Files\MiKTeX 2.9\tex\generic\pgf\math\pgfmathfunctions.trigonometr
ic.code.tex")
("C:\Program Files\MiKTeX 2.9\tex\generic\pgf\math\pgfmathfunctions.random.code
.tex")
("C:\Program Files\MiKTeX 2.9\tex\generic\pgf\math\pgfmathfunctions.comparison.
code.tex")
("C:\Program Files\MiKTeX 2.9\tex\generic\pgf\math\pgfmathfunctions.base.code.t
ex")
("C:\Program Files\MiKTeX 2.9\tex\generic\pgf\math\pgfmathfunctions.round.code.
tex")
("C:\Program Files\MiKTeX 2.9\tex\generic\pgf\math\pgfmathfunctions.misc.code.t
ex")
("C:\Program Files\MiKTeX 2.9\tex\generic\pgf\math\pgfmathfunctions.integerarit
hmetics.code.tex")))
("C:\Program Files\MiKTeX 2.9\tex\generic\pgf\math\pgfmathfloat.code.tex"
\c@pgfmathroundto@lastzeros=\count113
))
("C:\Program Files\MiKTeX 2.9\tex\generic\pgf\basiclayer\pgfcorepoints.code.tex
"
File: pgfcorepoints.code.tex 2013/10/07  (rcs-revision 1.27)
\pgf@picminx=\dimen140
\pgf@picmaxx=\dimen141
\pgf@picminy=\dimen142
\pgf@picmaxy=\dimen143
\pgf@pathminx=\dimen144
\pgf@pathmaxx=\dimen145
\pgf@pathminy=\dimen146
\pgf@pathmaxy=\dimen147
\pgf@xx=\dimen148
\pgf@xy=\dimen149
\pgf@yx=\dimen150
\pgf@yy=\dimen151
\pgf@zx=\dimen152
\pgf@zy=\dimen153
)
("C:\Program Files\MiKTeX 2.9\tex\generic\pgf\basiclayer\pgfcorepathconstruct.c
ode.tex"
File: pgfcorepathconstruct.code.tex 2013/10/07  (rcs-revision 1.29)
\pgf@path@lastx=\dimen154
\pgf@path@lasty=\dimen155
)
("C:\Program Files\MiKTeX 2.9\tex\generic\pgf\basiclayer\pgfcorepathusage.code.
tex"
File: pgfcorepathusage.code.tex 2013/12/13  (rcs-revision 1.23)
\pgf@shorten@end@additional=\dimen156
\pgf@shorten@start@additional=\dimen157
)
("C:\Program Files\MiKTeX 2.9\tex\generic\pgf\basiclayer\pgfcorescopes.code.tex
"
File: pgfcorescopes.code.tex 2013/10/09  (rcs-revision 1.44)
\pgfpic=\box36
\pgf@hbox=\box37
\pgf@layerbox@main=\box38
\pgf@picture@serial@count=\count114
)
("C:\Program Files\MiKTeX 2.9\tex\generic\pgf\basiclayer\pgfcoregraphicstate.co
de.tex"
File: pgfcoregraphicstate.code.tex 2013/09/19  (rcs-revision 1.11)
\pgflinewidth=\dimen158
)
("C:\Program Files\MiKTeX 2.9\tex\generic\pgf\basiclayer\pgfcoretransformations
.code.tex"
File: pgfcoretransformations.code.tex 2013/10/10  (rcs-revision 1.17)
\pgf@pt@x=\dimen159
\pgf@pt@y=\dimen160
\pgf@pt@temp=\dimen161
)
("C:\Program Files\MiKTeX 2.9\tex\generic\pgf\basiclayer\pgfcorequick.code.tex"
File: pgfcorequick.code.tex 2008/10/09  (rcs-revision 1.3)
)
("C:\Program Files\MiKTeX 2.9\tex\generic\pgf\basiclayer\pgfcoreobjects.code.te
x"
File: pgfcoreobjects.code.tex 2006/10/11  (rcs-revision 1.2)
)
("C:\Program Files\MiKTeX 2.9\tex\generic\pgf\basiclayer\pgfcorepathprocessing.
code.tex"
File: pgfcorepathprocessing.code.tex 2013/09/09  (rcs-revision 1.9)
)
("C:\Program Files\MiKTeX 2.9\tex\generic\pgf\basiclayer\pgfcorearrows.code.tex
"
File: pgfcorearrows.code.tex 2013/11/07  (rcs-revision 1.40)
\pgfarrowsep=\dimen162
)
("C:\Program Files\MiKTeX 2.9\tex\generic\pgf\basiclayer\pgfcoreshade.code.tex"
File: pgfcoreshade.code.tex 2013/07/15  (rcs-revision 1.15)
\pgf@max=\dimen163
\pgf@sys@shading@range@num=\count115
) ("C:\Program Files\MiKTeX 2.9\tex\generic\pgf\basiclayer\pgfcoreimage.code.te
x"
File: pgfcoreimage.code.tex 2013/07/15  (rcs-revision 1.18)

("C:\Program Files\MiKTeX 2.9\tex\generic\pgf\basiclayer\pgfcoreexternal.code.t
ex"
File: pgfcoreexternal.code.tex 2013/07/15  (rcs-revision 1.20)
\pgfexternal@startupbox=\box39
))
("C:\Program Files\MiKTeX 2.9\tex\generic\pgf\basiclayer\pgfcorelayers.code.tex
"
File: pgfcorelayers.code.tex 2013/07/18  (rcs-revision 1.7)
)
("C:\Program Files\MiKTeX 2.9\tex\generic\pgf\basiclayer\pgfcoretransparency.co
de.tex"
File: pgfcoretransparency.code.tex 2013/09/30  (rcs-revision 1.5)
)
("C:\Program Files\MiKTeX 2.9\tex\generic\pgf\basiclayer\pgfcorepatterns.code.t
ex"
File: pgfcorepatterns.code.tex 2013/11/07  (rcs-revision 1.5)
))) ("C:\Program Files\MiKTeX 2.9\tex\latex\pgf\utilities\xxcolor.sty"
Package: xxcolor 2003/10/24 ver 0.1
\XC@nummixins=\count116
\XC@countmixins=\count117
)
("C:\Program Files\MiKTeX 2.9\tex\generic\oberdiek\atbegshi.sty"
Package: atbegshi 2011/10/05 v1.16 At begin shipout hook (HO)
)
("C:\Program Files\MiKTeX 2.9\tex\latex\hyperref\hyperref.sty"
Package: hyperref 2012/11/06 v6.83m Hypertext links for LaTeX

("C:\Program Files\MiKTeX 2.9\tex\generic\oberdiek\hobsub-hyperref.sty"
Package: hobsub-hyperref 2012/04/25 v1.12 Bundle oberdiek, subset hyperref (HO)


("C:\Program Files\MiKTeX 2.9\tex\generic\oberdiek\hobsub-generic.sty"
Package: hobsub-generic 2012/04/25 v1.12 Bundle oberdiek, subset generic (HO)
Package: hobsub 2012/04/25 v1.12 Construct package bundles (HO)
Package hobsub Info: Skipping package `infwarerr' (already loaded).
Package hobsub Info: Skipping package `ltxcmds' (already loaded).
Package: ifluatex 2010/03/01 v1.3 Provides the ifluatex switch (HO)
Package ifluatex Info: LuaTeX not detected.
Package hobsub Info: Skipping package `ifvtex' (already loaded).
Package: intcalc 2007/09/27 v1.1 Expandable calculations with integers (HO)
Package hobsub Info: Skipping package `ifpdf' (already loaded).
Package: etexcmds 2011/02/16 v1.5 Avoid name clashes with e-TeX commands (HO)
Package etexcmds Info: Could not find \expanded.
(etexcmds)             That can mean that you are not using pdfTeX 1.50 or
(etexcmds)             that some package has redefined \expanded.
(etexcmds)             In the latter case, load this package earlier.
Package: kvsetkeys 2012/04/25 v1.16 Key value parser (HO)
Package: kvdefinekeys 2011/04/07 v1.3 Define keys (HO)
Package: pdftexcmds 2011/11/29 v0.20 Utility functions of pdfTeX for LuaTeX (HO
)
Package pdftexcmds Info: LuaTeX not detected.
Package pdftexcmds Info: \pdf@primitive is available.
Package pdftexcmds Info: \pdf@ifprimitive is available.
Package pdftexcmds Info: \pdfdraftmode found.
Package: pdfescape 2011/11/25 v1.13 Implements pdfTeX's escape features (HO)
Package: bigintcalc 2012/04/08 v1.3 Expandable calculations on big integers (HO
)
Package: bitset 2011/01/30 v1.1 Handle bit-vector datatype (HO)
Package: uniquecounter 2011/01/30 v1.2 Provide unlimited unique counter (HO)
)
Package hobsub Info: Skipping package `hobsub' (already loaded).
Package: letltxmacro 2010/09/02 v1.4 Let assignment for LaTeX macros (HO)
Package: hopatch 2011/06/24 v1.1 Wrapper for package hooks (HO)
Package: xcolor-patch 2011/01/30 xcolor patch
Package: atveryend 2011/06/30 v1.8 Hooks at the very end of document (HO)
Package atveryend Info: \enddocument detected (standard20110627).
Package hobsub Info: Skipping package `atbegshi' (already loaded).
Package: refcount 2011/10/16 v3.4 Data extraction from label references (HO)
Package: hycolor 2011/01/30 v1.7 Color options for hyperref/bookmark (HO)
)
("C:\Program Files\MiKTeX 2.9\tex\latex\oberdiek\auxhook.sty"
Package: auxhook 2011/03/04 v1.3 Hooks for auxiliary files (HO)
)
("C:\Program Files\MiKTeX 2.9\tex\latex\oberdiek\kvoptions.sty"
Package: kvoptions 2011/06/30 v3.11 Key value format for package options (HO)
)
\@linkdim=\dimen164
\Hy@linkcounter=\count118
\Hy@pagecounter=\count119

("C:\Program Files\MiKTeX 2.9\tex\latex\hyperref\pd1enc.def"
File: pd1enc.def 2012/11/06 v6.83m Hyperref: PDFDocEncoding definition (HO)
)
\Hy@SavedSpaceFactor=\count120

("C:\Program Files\MiKTeX 2.9\tex\latex\00miktex\hyperref.cfg"
File: hyperref.cfg 2002/06/06 v1.2 hyperref configuration of TeXLive
)
Package hyperref Info: Option `bookmarks' set `true' on input line 4319.
Package hyperref Info: Option `bookmarksopen' set `true' on input line 4319.
Package hyperref Info: Option `implicit' set `false' on input line 4319.
Package hyperref Info: Hyper figures OFF on input line 4443.
Package hyperref Info: Link nesting OFF on input line 4448.
Package hyperref Info: Hyper index ON on input line 4451.
Package hyperref Info: Plain pages OFF on input line 4458.
Package hyperref Info: Backreferencing OFF on input line 4463.
Package hyperref Info: Implicit mode OFF; no redefinition of LaTeX internals.
Package hyperref Info: Bookmarks ON on input line 4688.
\c@Hy@tempcnt=\count121

("C:\Program Files\MiKTeX 2.9\tex\latex\url\url.sty"
\Urlmuskip=\muskip10
Package: url 2013/09/16  ver 3.4  Verb mode for urls, etc.
)
LaTeX Info: Redefining \url on input line 5041.
\XeTeXLinkMargin=\dimen165
\Fld@menulength=\count122
\Field@Width=\dimen166
\Fld@charsize=\dimen167
Package hyperref Info: Hyper figures OFF on input line 6295.
Package hyperref Info: Link nesting OFF on input line 6300.
Package hyperref Info: Hyper index ON on input line 6303.
Package hyperref Info: backreferencing OFF on input line 6310.
Package hyperref Info: Link coloring OFF on input line 6315.
Package hyperref Info: Link coloring with OCG OFF on input line 6320.
Package hyperref Info: PDF/A mode OFF on input line 6325.
LaTeX Info: Redefining \ref on input line 6365.
LaTeX Info: Redefining \pageref on input line 6369.
\Hy@abspage=\count123


Package hyperref Message: Stopped early.

)

Package hyperref Message: Driver (autodetected): hpdftex.

("C:\Program Files\MiKTeX 2.9\tex\latex\hyperref\hpdftex.def"
File: hpdftex.def 2012/11/06 v6.83m Hyperref driver for pdfTeX
\Fld@listcount=\count124
\c@bookmark@seq@number=\count125

("C:\Program Files\MiKTeX 2.9\tex\latex\oberdiek\rerunfilecheck.sty"
Package: rerunfilecheck 2011/04/15 v1.7 Rerun checks for auxiliary files (HO)
Package uniquecounter Info: New unique counter `rerunfilecheck' on input line 2
82.
))
("C:\Program Files\MiKTeX 2.9\tex\latex\beamer\base\beamerbaserequires.sty"
Package: beamerbaserequires 2010/05/01  (rcs-revision efa082c6111d)

("C:\Program Files\MiKTeX 2.9\tex\latex\beamer\base\beamerbasecompatibility.sty
"
Package: beamerbasecompatibility 2012/05/01  (rcs-revision 67c48b3b652d)
) ("C:\Program Files\MiKTeX 2.9\tex\latex\beamer\base\beamerbasefont.sty"
Package: beamerbasefont 2013/10/18  (rcs-revision 72f39e01808a)

("C:\Program Files\MiKTeX 2.9\tex\latex\amsfonts\amssymb.sty"
Package: amssymb 2013/01/14 v3.01 AMS font symbols

("C:\Program Files\MiKTeX 2.9\tex\latex\amsfonts\amsfonts.sty"
Package: amsfonts 2013/01/14 v3.01 Basic AMSFonts support
\@emptytoks=\toks26
\symAMSa=\mathgroup4
\symAMSb=\mathgroup5
LaTeX Font Info:    Overwriting math alphabet `\mathfrak' in version `bold'
(Font)                  U/euf/m/n --> U/euf/b/n on input line 106.
))
("C:\Program Files\MiKTeX 2.9\tex\latex\sansmathaccent\sansmathaccent.sty"
Package: sansmathaccent 2013/03/28

("C:\Program Files\MiKTeX 2.9\tex\latex\filehook\filehook.sty"
Package: filehook 2011/10/12 v0.5d Hooks for input files
)))
("C:\Program Files\MiKTeX 2.9\tex\latex\beamer\base\beamerbasetranslator.sty"
Package: beamerbasetranslator 2010/06/11  (rcs-revision 85fd1cc7fc42)

("C:\Program Files\MiKTeX 2.9\tex\latex\beamer\base\translator\translator.sty"
Package: translator 2010/06/12 ver 1.10

("C:\Program Files\MiKTeX 2.9\tex\latex\beamer\base\translator\translator-langu
age-mappings.tex")))
("C:\Program Files\MiKTeX 2.9\tex\latex\beamer\base\beamerbasemisc.sty"
Package: beamerbasemisc 2013/09/03  (rcs-revision a55719c41d85)
)
("C:\Program Files\MiKTeX 2.9\tex\latex\beamer\base\beamerbasetwoscreens.sty"
Package: beamerbasetwoscreens 2010/05/01  (rcs-revision efa082c6111d)
)
("C:\Program Files\MiKTeX 2.9\tex\latex\beamer\base\beamerbaseoverlay.sty"
Package: beamerbaseoverlay 2013/12/25  (rcs-revision f6bd5e3805da)
\beamer@argscount=\count126
\beamer@lastskipcover=\skip44
\beamer@trivlistdepth=\count127
)
("C:\Program Files\MiKTeX 2.9\tex\latex\beamer\base\beamerbasetitle.sty"
Package: beamerbasetitle 2010/09/21  (rcs-revision f0446ed0b6ae)
)
("C:\Program Files\MiKTeX 2.9\tex\latex\beamer\base\beamerbasesection.sty"
Package: beamerbasesection 2013/06/07  (rcs-revision 60b9fe0f342f)
\c@lecture=\count128
\c@part=\count129
\c@section=\count130
\c@subsection=\count131
\c@subsubsection=\count132
)
("C:\Program Files\MiKTeX 2.9\tex\latex\beamer\base\beamerbaseframe.sty"
Package: beamerbaseframe 2013/10/02  (rcs-revision cdc8e9a3aaac)
\beamer@framebox=\box40
\beamer@frametitlebox=\box41
\beamer@zoombox=\box42
\beamer@zoomcount=\count133
\beamer@zoomframecount=\count134
\beamer@frametextheight=\dimen168
\c@subsectionslide=\count135
\beamer@frametopskip=\skip45
\beamer@framebottomskip=\skip46
\beamer@frametopskipautobreak=\skip47
\beamer@framebottomskipautobreak=\skip48
\beamer@envbody=\toks27
\framewidth=\dimen169
\c@framenumber=\count136
)
("C:\Program Files\MiKTeX 2.9\tex\latex\beamer\base\beamerbaseverbatim.sty"
Package: beamerbaseverbatim 2012/08/30  (rcs-revision dfdb135076b3)
\beamer@verbatimfileout=\write4
)
("C:\Program Files\MiKTeX 2.9\tex\latex\beamer\base\beamerbaseframesize.sty"
Package: beamerbaseframesize 2011/09/12  (rcs-revision 70f9d8411e54)
\beamer@splitbox=\box43
\beamer@autobreakcount=\count137
\beamer@autobreaklastheight=\dimen170
\beamer@frametitletoks=\toks28
\beamer@framesubtitletoks=\toks29
)
("C:\Program Files\MiKTeX 2.9\tex\latex\beamer\base\beamerbaseframecomponents.s
ty"
Package: beamerbaseframecomponents 2013/10/18  (rcs-revision 5cf6c5555a45)
\beamer@footins=\box44
) ("C:\Program Files\MiKTeX 2.9\tex\latex\beamer\base\beamerbasecolor.sty"
Package: beamerbasecolor 2010/06/06  (rcs-revision d1a9b48be06d)
)
("C:\Program Files\MiKTeX 2.9\tex\latex\beamer\base\beamerbasenotes.sty"
Package: beamerbasenotes 2012/12/19  (rcs-revision 1686da3db3c9)
\beamer@frameboxcopy=\box45
)
("C:\Program Files\MiKTeX 2.9\tex\latex\beamer\base\beamerbasetoc.sty"
Package: beamerbasetoc 2013/05/23  (rcs-revision 0fdf5bc43be8)
)
("C:\Program Files\MiKTeX 2.9\tex\latex\beamer\base\beamerbasetemplates.sty"
Package: beamerbasetemplates 2010/05/01  (rcs-revision efa082c6111d)
\beamer@sbttoks=\toks30

("C:\Program Files\MiKTeX 2.9\tex\latex\beamer\base\beamerbaseauxtemplates.sty"
Package: beamerbaseauxtemplates 2013/09/04  (rcs-revision 4ac715c499d0)
("C:\Program Files\MiKTeX 2.9\tex\latex\beamer\base\beamerbaseboxes.sty"
Package: beamerbaseboxes 2012/05/13  (rcs-revision 56972908a390)
\bmb@box=\box46
\bmb@colorbox=\box47
\bmb@boxshadow=\box48
\bmb@boxshadowball=\box49
\bmb@boxshadowballlarge=\box50
\bmb@temp=\dimen171
\bmb@dima=\dimen172
\bmb@dimb=\dimen173
\bmb@prevheight=\dimen174
)
\beamer@blockheadheight=\dimen175
))
("C:\Program Files\MiKTeX 2.9\tex\latex\beamer\base\beamerbaselocalstructure.st
y"
Package: beamerbaselocalstructure 2013/09/04  (rcs-revision 4ac715c499d0)
 ("C:\Program Files\MiKTeX 2.9\tex\latex\tools\enumerate.sty"
Package: enumerate 1999/03/05 v3.00 enumerate extensions (DPC)
\@enLab=\toks31
)
\c@figure=\count138
\c@table=\count139
\abovecaptionskip=\skip49
\belowcaptionskip=\skip50
)
("C:\Program Files\MiKTeX 2.9\tex\latex\beamer\base\beamerbasenavigation.sty"
Package: beamerbasenavigation 2013/10/05  (rcs-revision 62be157fe783)
\beamer@section@min@dim=\dimen176
)
("C:\Program Files\MiKTeX 2.9\tex\latex\beamer\base\beamerbasetheorems.sty"
Package: beamerbasetheorems 2010/06/06  (rcs-revision 7e7cc5e53e9d)

("C:\Program Files\MiKTeX 2.9\tex\latex\amsmath\amsmath.sty"
Package: amsmath 2013/01/14 v2.14 AMS math features
\@mathmargin=\skip51

For additional information on amsmath, use the `?' option.
("C:\Program Files\MiKTeX 2.9\tex\latex\amsmath\amstext.sty"
Package: amstext 2000/06/29 v2.01

("C:\Program Files\MiKTeX 2.9\tex\latex\amsmath\amsgen.sty"
File: amsgen.sty 1999/11/30 v2.0
\@emptytoks=\toks32
\ex@=\dimen177
))
("C:\Program Files\MiKTeX 2.9\tex\latex\amsmath\amsbsy.sty"
Package: amsbsy 1999/11/29 v1.2d
\pmbraise@=\dimen178
)
("C:\Program Files\MiKTeX 2.9\tex\latex\amsmath\amsopn.sty"
Package: amsopn 1999/12/14 v2.01 operator names
)
\inf@bad=\count140
LaTeX Info: Redefining \frac on input line 210.
\uproot@=\count141
\leftroot@=\count142
LaTeX Info: Redefining \overline on input line 306.
\classnum@=\count143
\DOTSCASE@=\count144
LaTeX Info: Redefining \ldots on input line 378.
LaTeX Info: Redefining \dots on input line 381.
LaTeX Info: Redefining \cdots on input line 466.
\Mathstrutbox@=\box51
\strutbox@=\box52
\big@size=\dimen179
LaTeX Font Info:    Redeclaring font encoding OML on input line 566.
LaTeX Font Info:    Redeclaring font encoding OMS on input line 567.
\macc@depth=\count145
\c@MaxMatrixCols=\count146
\dotsspace@=\muskip11
\c@parentequation=\count147
\dspbrk@lvl=\count148
\tag@help=\toks33
\row@=\count149
\column@=\count150
\maxfields@=\count151
\andhelp@=\toks34
\eqnshift@=\dimen180
\alignsep@=\dimen181
\tagshift@=\dimen182
\tagwidth@=\dimen183
\totwidth@=\dimen184
\lineht@=\dimen185
\@envbody=\toks35
\multlinegap=\skip52
\multlinetaggap=\skip53
\mathdisplay@stack=\toks36
LaTeX Info: Redefining \[ on input line 2665.
LaTeX Info: Redefining \] on input line 2666.
)
("C:\Program Files\MiKTeX 2.9\tex\latex\amscls\amsthm.sty"
Package: amsthm 2009/07/02 v2.20.1
\thm@style=\toks37
\thm@bodyfont=\toks38
\thm@headfont=\toks39
\thm@notefont=\toks40
\thm@headpunct=\toks41
\thm@preskip=\skip54
\thm@postskip=\skip55
\thm@headsep=\skip56
\dth@everypar=\toks42
)
\c@theorem=\count152
)
("C:\Program Files\MiKTeX 2.9\tex\latex\beamer\base\beamerbasethemes.sty"
Package: beamerbasethemes 2010/05/01  (rcs-revision efa082c6111d)
))
("C:\Program Files\MiKTeX 2.9\tex\latex\beamer\base\themes\theme\beamerthemedef
ault.sty"
Package: beamerthemedefault 2010/06/17  (rcs-revision d02a7cf4d8ae)

("C:\Program Files\MiKTeX 2.9\tex\latex\beamer\base\themes\font\beamerfonttheme
default.sty"
Package: beamerfontthemedefault 2012/12/19  (rcs-revision 1686da3db3c9)
)
("C:\Program Files\MiKTeX 2.9\tex\latex\beamer\base\themes\color\beamercolorthe
medefault.sty"
Package: beamercolorthemedefault 2012/12/19  (rcs-revision 1686da3db3c9)
)
("C:\Program Files\MiKTeX 2.9\tex\latex\beamer\base\themes\inner\beamerinnerthe
medefault.sty"
Package: beamerinnerthemedefault 2013/10/15  (rcs-revision 65cb471f9634)
\beamer@dima=\dimen186
\beamer@dimb=\dimen187
)
("C:\Program Files\MiKTeX 2.9\tex\latex\beamer\base\themes\outer\beamerouterthe
medefault.sty"
Package: beamerouterthemedefault 2012/12/19  (rcs-revision 1686da3db3c9)
))) ("C:\Program Files\MiKTeX 2.9\tex\latex\psnfss\mathpazo.sty"
Package: mathpazo 2005/04/12 PSNFSS-v9.2a Palatino w/ Pazo Math (D.Puga, WaS) 
\symupright=\mathgroup6
) ("C:\Program Files\MiKTeX 2.9\tex\latex\babel\babel.sty"
Package: babel 2014/09/25 3.9l The Babel package

*************************************
* Local config file bblopts.cfg used
*
("C:\Program Files\MiKTeX 2.9\tex\latex\00miktex\bblopts.cfg"
File: bblopts.cfg 2006/07/31 v1.0 MiKTeX 'babel' configuration
)
("C:\Program Files\MiKTeX 2.9\tex\latex\babel-english\english.ldf"
Language: english 2012/08/20 v3.3p English support from the babel system

("C:\Program Files\MiKTeX 2.9\tex\latex\babel\babel.def"
File: babel.def 2014/09/25 3.9l Babel common definitions
\babel@savecnt=\count153
\U@D=\dimen188
LaTeX Info: Redefining \textlatin on input line 1431.
)
\l@canadian = a dialect from \language\l@american 
\l@australian = a dialect from \language\l@british 
\l@newzealand = a dialect from \language\l@british 
))
("C:\Program Files\MiKTeX 2.9\kotex-dist\texmf-dist\tex\latex\kotex\kotex.sty"
Package: kotex 2012/10/27 v0.1.1 Korean TeX (ko.TeX)

("C:\Program Files\MiKTeX 2.9\kotex-dist\texmf-dist\tex\latex\kotex\kotex.cfg")

("C:\Program Files\MiKTeX 2.9\kotex-dist\texmf-dist\tex\latex\kotex\utf\dhucs.s
ty"
Package: dhucs 2012/11/08 v5.3.2 typesetting UTF-8 Korean documents

("C:\Program Files\MiKTeX 2.9\kotex-dist\texmf-dist\tex\latex\kotex\utf\kotexut
f.sty"
Package: kotexutf 2012/09/14 v1.4 typesetting UTF-8 Korean documents
 ("C:\Program Files\MiKTeX 2.9\tex\latex\base\inputenc.sty"
Package: inputenc 2008/03/30 v1.1d Input encoding file
\inpenc@prehook=\toks43
\inpenc@posthook=\toks44

("C:\Program Files\MiKTeX 2.9\tex\latex\base\utf8.def"
File: utf8.def 2008/04/05 v1.1m UTF-8 support for inputenc
Now handling font encoding OML ...
... no UTF-8 mapping file for font encoding OML
Now handling font encoding T1 ...
... processing UTF-8 mapping file for font encoding T1

("C:\Program Files\MiKTeX 2.9\tex\latex\base\t1enc.dfu"
File: t1enc.dfu 2008/04/05 v1.1m UTF-8 support for inputenc
   defining Unicode char U+00A1 (decimal 161)
   defining Unicode char U+00A3 (decimal 163)
   defining Unicode char U+00AB (decimal 171)
   defining Unicode char U+00BB (decimal 187)
   defining Unicode char U+00BF (decimal 191)
   defining Unicode char U+00C0 (decimal 192)
   defining Unicode char U+00C1 (decimal 193)
   defining Unicode char U+00C2 (decimal 194)
   defining Unicode char U+00C3 (decimal 195)
   defining Unicode char U+00C4 (decimal 196)
   defining Unicode char U+00C5 (decimal 197)
   defining Unicode char U+00C6 (decimal 198)
   defining Unicode char U+00C7 (decimal 199)
   defining Unicode char U+00C8 (decimal 200)
   defining Unicode char U+00C9 (decimal 201)
   defining Unicode char U+00CA (decimal 202)
   defining Unicode char U+00CB (decimal 203)
   defining Unicode char U+00CC (decimal 204)
   defining Unicode char U+00CD (decimal 205)
   defining Unicode char U+00CE (decimal 206)
   defining Unicode char U+00CF (decimal 207)
   defining Unicode char U+00D0 (decimal 208)
   defining Unicode char U+00D1 (decimal 209)
   defining Unicode char U+00D2 (decimal 210)
   defining Unicode char U+00D3 (decimal 211)
   defining Unicode char U+00D4 (decimal 212)
   defining Unicode char U+00D5 (decimal 213)
   defining Unicode char U+00D6 (decimal 214)
   defining Unicode char U+00D8 (decimal 216)
   defining Unicode char U+00D9 (decimal 217)
   defining Unicode char U+00DA (decimal 218)
   defining Unicode char U+00DB (decimal 219)
   defining Unicode char U+00DC (decimal 220)
   defining Unicode char U+00DD (decimal 221)
   defining Unicode char U+00DE (decimal 222)
   defining Unicode char U+00DF (decimal 223)
   defining Unicode char U+00E0 (decimal 224)
   defining Unicode char U+00E1 (decimal 225)
   defining Unicode char U+00E2 (decimal 226)
   defining Unicode char U+00E3 (decimal 227)
   defining Unicode char U+00E4 (decimal 228)
   defining Unicode char U+00E5 (decimal 229)
   defining Unicode char U+00E6 (decimal 230)
   defining Unicode char U+00E7 (decimal 231)
   defining Unicode char U+00E8 (decimal 232)
   defining Unicode char U+00E9 (decimal 233)
   defining Unicode char U+00EA (decimal 234)
   defining Unicode char U+00EB (decimal 235)
   defining Unicode char U+00EC (decimal 236)
   defining Unicode char U+00ED (decimal 237)
   defining Unicode char U+00EE (decimal 238)
   defining Unicode char U+00EF (decimal 239)
   defining Unicode char U+00F0 (decimal 240)
   defining Unicode char U+00F1 (decimal 241)
   defining Unicode char U+00F2 (decimal 242)
   defining Unicode char U+00F3 (decimal 243)
   defining Unicode char U+00F4 (decimal 244)
   defining Unicode char U+00F5 (decimal 245)
   defining Unicode char U+00F6 (decimal 246)
   defining Unicode char U+00F8 (decimal 248)
   defining Unicode char U+00F9 (decimal 249)
   defining Unicode char U+00FA (decimal 250)
   defining Unicode char U+00FB (decimal 251)
   defining Unicode char U+00FC (decimal 252)
   defining Unicode char U+00FD (decimal 253)
   defining Unicode char U+00FE (decimal 254)
   defining Unicode char U+00FF (decimal 255)
   defining Unicode char U+0102 (decimal 258)
   defining Unicode char U+0103 (decimal 259)
   defining Unicode char U+0104 (decimal 260)
   defining Unicode char U+0105 (decimal 261)
   defining Unicode char U+0106 (decimal 262)
   defining Unicode char U+0107 (decimal 263)
   defining Unicode char U+010C (decimal 268)
   defining Unicode char U+010D (decimal 269)
   defining Unicode char U+010E (decimal 270)
   defining Unicode char U+010F (decimal 271)
   defining Unicode char U+0110 (decimal 272)
   defining Unicode char U+0111 (decimal 273)
   defining Unicode char U+0118 (decimal 280)
   defining Unicode char U+0119 (decimal 281)
   defining Unicode char U+011A (decimal 282)
   defining Unicode char U+011B (decimal 283)
   defining Unicode char U+011E (decimal 286)
   defining Unicode char U+011F (decimal 287)
   defining Unicode char U+0130 (decimal 304)
   defining Unicode char U+0131 (decimal 305)
   defining Unicode char U+0132 (decimal 306)
   defining Unicode char U+0133 (decimal 307)
   defining Unicode char U+0139 (decimal 313)
   defining Unicode char U+013A (decimal 314)
   defining Unicode char U+013D (decimal 317)
   defining Unicode char U+013E (decimal 318)
   defining Unicode char U+0141 (decimal 321)
   defining Unicode char U+0142 (decimal 322)
   defining Unicode char U+0143 (decimal 323)
   defining Unicode char U+0144 (decimal 324)
   defining Unicode char U+0147 (decimal 327)
   defining Unicode char U+0148 (decimal 328)
   defining Unicode char U+014A (decimal 330)
   defining Unicode char U+014B (decimal 331)
   defining Unicode char U+0150 (decimal 336)
   defining Unicode char U+0151 (decimal 337)
   defining Unicode char U+0152 (decimal 338)
   defining Unicode char U+0153 (decimal 339)
   defining Unicode char U+0154 (decimal 340)
   defining Unicode char U+0155 (decimal 341)
   defining Unicode char U+0158 (decimal 344)
   defining Unicode char U+0159 (decimal 345)
   defining Unicode char U+015A (decimal 346)
   defining Unicode char U+015B (decimal 347)
   defining Unicode char U+015E (decimal 350)
   defining Unicode char U+015F (decimal 351)
   defining Unicode char U+0160 (decimal 352)
   defining Unicode char U+0161 (decimal 353)
   defining Unicode char U+0162 (decimal 354)
   defining Unicode char U+0163 (decimal 355)
   defining Unicode char U+0164 (decimal 356)
   defining Unicode char U+0165 (decimal 357)
   defining Unicode char U+016E (decimal 366)
   defining Unicode char U+016F (decimal 367)
   defining Unicode char U+0170 (decimal 368)
   defining Unicode char U+0171 (decimal 369)
   defining Unicode char U+0178 (decimal 376)
   defining Unicode char U+0179 (decimal 377)
   defining Unicode char U+017A (decimal 378)
   defining Unicode char U+017B (decimal 379)
   defining Unicode char U+017C (decimal 380)
   defining Unicode char U+017D (decimal 381)
   defining Unicode char U+017E (decimal 382)
   defining Unicode char U+200C (decimal 8204)
   defining Unicode char U+2013 (decimal 8211)
   defining Unicode char U+2014 (decimal 8212)
   defining Unicode char U+2018 (decimal 8216)
   defining Unicode char U+2019 (decimal 8217)
   defining Unicode char U+201A (decimal 8218)
   defining Unicode char U+201C (decimal 8220)
   defining Unicode char U+201D (decimal 8221)
   defining Unicode char U+201E (decimal 8222)
   defining Unicode char U+2030 (decimal 8240)
   defining Unicode char U+2031 (decimal 8241)
   defining Unicode char U+2039 (decimal 8249)
   defining Unicode char U+203A (decimal 8250)
   defining Unicode char U+2423 (decimal 9251)
)
Now handling font encoding OT1 ...
... processing UTF-8 mapping file for font encoding OT1

("C:\Program Files\MiKTeX 2.9\tex\latex\base\ot1enc.dfu"
File: ot1enc.dfu 2008/04/05 v1.1m UTF-8 support for inputenc
   defining Unicode char U+00A1 (decimal 161)
   defining Unicode char U+00A3 (decimal 163)
   defining Unicode char U+00B8 (decimal 184)
   defining Unicode char U+00BF (decimal 191)
   defining Unicode char U+00C5 (decimal 197)
   defining Unicode char U+00C6 (decimal 198)
   defining Unicode char U+00D8 (decimal 216)
   defining Unicode char U+00DF (decimal 223)
   defining Unicode char U+00E6 (decimal 230)
   defining Unicode char U+00EC (decimal 236)
   defining Unicode char U+00ED (decimal 237)
   defining Unicode char U+00EE (decimal 238)
   defining Unicode char U+00EF (decimal 239)
   defining Unicode char U+00F8 (decimal 248)
   defining Unicode char U+0131 (decimal 305)
   defining Unicode char U+0141 (decimal 321)
   defining Unicode char U+0142 (decimal 322)
   defining Unicode char U+0152 (decimal 338)
   defining Unicode char U+0153 (decimal 339)
   defining Unicode char U+2013 (decimal 8211)
   defining Unicode char U+2014 (decimal 8212)
   defining Unicode char U+2018 (decimal 8216)
   defining Unicode char U+2019 (decimal 8217)
   defining Unicode char U+201C (decimal 8220)
   defining Unicode char U+201D (decimal 8221)
)
Now handling font encoding OMS ...
... processing UTF-8 mapping file for font encoding OMS

("C:\Program Files\MiKTeX 2.9\tex\latex\base\omsenc.dfu"
File: omsenc.dfu 2008/04/05 v1.1m UTF-8 support for inputenc
   defining Unicode char U+00A7 (decimal 167)
   defining Unicode char U+00B6 (decimal 182)
   defining Unicode char U+00B7 (decimal 183)
   defining Unicode char U+2020 (decimal 8224)
   defining Unicode char U+2021 (decimal 8225)
   defining Unicode char U+2022 (decimal 8226)
)
Now handling font encoding OMX ...
... no UTF-8 mapping file for font encoding OMX
Now handling font encoding U ...
... no UTF-8 mapping file for font encoding U
Now handling font encoding PD1 ...
... no UTF-8 mapping file for font encoding PD1
   defining Unicode char U+00A9 (decimal 169)
   defining Unicode char U+00AA (decimal 170)
   defining Unicode char U+00AE (decimal 174)
   defining Unicode char U+00BA (decimal 186)
   defining Unicode char U+02C6 (decimal 710)
   defining Unicode char U+02DC (decimal 732)
   defining Unicode char U+200C (decimal 8204)
   defining Unicode char U+2026 (decimal 8230)
   defining Unicode char U+2122 (decimal 8482)
   defining Unicode char U+2423 (decimal 9251)
))
("C:\Program Files\MiKTeX 2.9\kotex-dist\texmf-dist\tex\plain\kotex\utf\kotexut
f-core.tex"
\unih@ngulpoint=\count154
\dhucs@emph@raise=\dimen189
)
Now handling font encoding LUC ...
... processing UTF-8 mapping file for font encoding LUC

("C:\Program Files\MiKTeX 2.9\kotex-dist\texmf-dist\tex\latex\kotex\utf\lucenc.
dfu"
File: lucenc.dfu 2007/09/05 UTF-8 support for hangul-ucs
   defining Unicode char U+00B7 (decimal 183)
   defining Unicode char U+2018 (decimal 8216)
   defining Unicode char U+2019 (decimal 8217)
   defining Unicode char U+201C (decimal 8220)
   defining Unicode char U+201D (decimal 8221)
   defining Unicode char U+3001 (decimal 12289)
   defining Unicode char U+3002 (decimal 12290)
   defining Unicode char U+3008 (decimal 12296)
   defining Unicode char U+3009 (decimal 12297)
   defining Unicode char U+300A (decimal 12298)
   defining Unicode char U+300B (decimal 12299)
   defining Unicode char U+300C (decimal 12300)
   defining Unicode char U+300D (decimal 12301)
   defining Unicode char U+300E (decimal 12302)
   defining Unicode char U+300F (decimal 12303)
   defining Unicode char U+3010 (decimal 12304)
   defining Unicode char U+3011 (decimal 12305)
   defining Unicode char U+3014 (decimal 12308)
   defining Unicode char U+3015 (decimal 12309)
   defining Unicode char U+3016 (decimal 12310)
   defining Unicode char U+3017 (decimal 12311)
   defining Unicode char U+3018 (decimal 12312)
   defining Unicode char U+3019 (decimal 12313)
   defining Unicode char U+301A (decimal 12314)
   defining Unicode char U+301B (decimal 12315)
   defining Unicode char U+FF01 (decimal 65281)
   defining Unicode char U+FF08 (decimal 65288)
   defining Unicode char U+FF09 (decimal 65289)
   defining Unicode char U+FF0C (decimal 65292)
   defining Unicode char U+FF0E (decimal 65294)
   defining Unicode char U+FF1A (decimal 65306)
   defining Unicode char U+FF1B (decimal 65307)
   defining Unicode char U+FF1C (decimal 65308)
   defining Unicode char U+FF1D (decimal 65309)
   defining Unicode char U+FF1E (decimal 65310)
   defining Unicode char U+FF1F (decimal 65311)
   defining Unicode char U+FF3B (decimal 65339)
   defining Unicode char U+FF3D (decimal 65341)
   defining Unicode char U+FF5B (decimal 65371)
   defining Unicode char U+FF5D (decimal 65373)
   defining Unicode char U+FF61 (decimal 65377)
   defining Unicode char U+FF62 (decimal 65378)
   defining Unicode char U+FF63 (decimal 65379)
   defining Unicode char U+FF64 (decimal 65380)
   defining Unicode char U+FF65 (decimal 65381)
)
\@josa=\count155
\josatoks=\toks45

("C:\Program Files\MiKTeX 2.9\kotex-dist\texmf-dist\tex\latex\kotex\utf\kolabel
s-utf.tex")))) ("C:\Program Files\MiKTeX 2.9\tex\latex\wallpaper\wallpaper.sty"
Package: wallpaper 2005/01/18, v1.01 easy wallpaper formatting (MHFW)
("C:\Program Files\MiKTeX 2.9\tex\latex\base\ifthen.sty"
Package: ifthen 2001/05/26 v1.1c Standard LaTeX ifthen package (DPC)
)
("C:\Program Files\MiKTeX 2.9\tex\latex\tools\calc.sty"
Package: calc 2007/08/22 v4.3 Infix arithmetic (KKT,FJ)
\calc@Acount=\count156
\calc@Bcount=\count157
\calc@Adimen=\dimen190
\calc@Bdimen=\dimen191
\calc@Askip=\skip57
\calc@Bskip=\skip58
LaTeX Info: Redefining \setlength on input line 75.
LaTeX Info: Redefining \addtolength on input line 76.
\calc@Ccount=\count158
\calc@Cskip=\skip59
)
("C:\Program Files\MiKTeX 2.9\tex\latex\eso-pic\eso-pic.sty"
Package: eso-pic 2013/10/06 v2.0d eso-pic (RN)
)
\wpXoffset=\skip60
\wpYoffset=\skip61
\tileXoffset=\skip62
\tileYoffset=\skip63
\tilewidth=\skip64
\tileheight=\skip65
\tileX=\skip66
\tileY=\skip67
)
("C:\Program Files\MiKTeX 2.9\tex\latex\mdframed\mdframed.sty"
Package: mdframed 2013/07/01 1.9b: mdframed

("C:\Program Files\MiKTeX 2.9\tex\latex\l3packages\xparse\xparse.sty"
("C:\Program Files\MiKTeX 2.9\tex\latex\l3kernel\expl3.sty"
Package: expl3 2014/09/15 v5423 L3 programming layer (loader) 

("C:\Program Files\MiKTeX 2.9\tex\latex\l3kernel\expl3-code.tex"
Package: expl3 2014/09/15 v5423 L3 programming layer (code) 
L3 Module: l3bootstrap 2014/08/23 v5354 L3 Bootstrap code

("C:\Program Files\MiKTeX 2.9\tex\latex\misc\etex.sty"
Package: etex 1998/03/26 v2.0 eTeX basic definition package (PEB)
\et@xins=\count159
)
L3 Module: l3names 2014/08/22 v5343 L3 Namespace for primitives
L3 Module: l3basics 2014/08/24 v5364 L3 Basic definitions
L3 Module: l3expan 2014/08/22 v5349 L3 Argument expansion
L3 Module: l3tl 2014/08/24 v5359 L3 Token lists
L3 Module: l3str 2014/08/24 v5368 L3 Strings
L3 Module: l3seq 2014/08/23 v5354 L3 Sequences and stacks
L3 Module: l3int 2014/09/14 v5421 L3 Integers
\c_max_int=\count160
\l_tmpa_int=\count161
\l_tmpb_int=\count162
\g_tmpa_int=\count163
\g_tmpb_int=\count164
L3 Module: l3quark 2014/08/23 v5354 L3 Quarks
L3 Module: l3prg 2014/08/23 v5354 L3 Control structures
\g__prg_map_int=\count165
L3 Module: l3clist 2014/08/23 v5354 L3 Comma separated lists
L3 Module: l3token 2014/09/15 v5422 L3 Experimental token manipulation
L3 Module: l3prop 2014/08/23 v5354 L3 Property lists
L3 Module: l3msg 2014/08/24 v5358 L3 Messages
L3 Module: l3file 2014/08/24 v5369 L3 File and I/O operations
\l_iow_line_count_int=\count166
\l__iow_target_count_int=\count167
\l__iow_current_line_int=\count168
\l__iow_current_word_int=\count169
\l__iow_current_indentation_int=\count170
L3 Module: l3skip 2014/08/23 v5354 L3 Dimensions and skips
\c_zero_dim=\dimen192
\c_max_dim=\dimen193
\l_tmpa_dim=\dimen194
\l_tmpb_dim=\dimen195
\g_tmpa_dim=\dimen196
\g_tmpb_dim=\dimen197
\c_zero_skip=\skip68
\c_max_skip=\skip69
\l_tmpa_skip=\skip70
\l_tmpb_skip=\skip71
\g_tmpa_skip=\skip72
\g_tmpb_skip=\skip73
\c_zero_muskip=\muskip12
\c_max_muskip=\muskip13
\l_tmpa_muskip=\muskip14
\l_tmpb_muskip=\muskip15
\g_tmpa_muskip=\muskip16
\g_tmpb_muskip=\muskip17
L3 Module: l3keys 2014/08/23 v5354 L3 Key-value interfaces
\g__keyval_level_int=\count171
\l_keys_choice_int=\count172
L3 Module: l3fp 2014/08/22 v5336 L3 Floating points
\c__fp_leading_shift_int=\count173
\c__fp_middle_shift_int=\count174
\c__fp_trailing_shift_int=\count175
\c__fp_big_leading_shift_int=\count176
\c__fp_big_middle_shift_int=\count177
\c__fp_big_trailing_shift_int=\count178
\c__fp_Bigg_leading_shift_int=\count179
\c__fp_Bigg_middle_shift_int=\count180
\c__fp_Bigg_trailing_shift_int=\count181
L3 Module: l3box 2014/08/23 v5354 L3 Experimental boxes
\c_empty_box=\box53
\l_tmpa_box=\box54
\l_tmpb_box=\box55
\g_tmpa_box=\box56
\g_tmpb_box=\box57
L3 Module: l3coffins 2014/08/23 v5354 L3 Coffin code layer
\l__coffin_internal_box=\box58
\l__coffin_internal_dim=\dimen198
\l__coffin_offset_x_dim=\dimen199
\l__coffin_offset_y_dim=\dimen200
\l__coffin_x_dim=\dimen201
Normal \dimen register pool exhausted, switching to extended pool.
\l__coffin_y_dim=\dimen256
\l__coffin_x_prime_dim=\dimen257
\l__coffin_y_prime_dim=\dimen258
\c_empty_coffin=\box59
\l__coffin_aligned_coffin=\box60
\l__coffin_aligned_internal_coffin=\box61
\l_tmpa_coffin=\box62
\l_tmpb_coffin=\box63
\l__coffin_display_coffin=\box64
\l__coffin_display_coord_coffin=\box65
\l__coffin_display_pole_coffin=\box66
\l__coffin_display_offset_dim=\dimen259
\l__coffin_display_x_dim=\dimen260
\l__coffin_display_y_dim=\dimen261
L3 Module: l3color 2014/08/23 v5354 L3 Experimental color support
L3 Module: l3candidates 2014/08/24 v5366 L3 Experimental additions to l3kernel
\l__box_top_dim=\dimen262
\l__box_bottom_dim=\dimen263
\l__box_left_dim=\dimen264
\l__box_right_dim=\dimen265
\l__box_top_new_dim=\dimen266
\l__box_bottom_new_dim=\dimen267
\l__box_left_new_dim=\dimen268
\l__box_right_new_dim=\dimen269
\l__box_internal_box=\box67
\l__coffin_bounding_shift_dim=\dimen270
\l__coffin_left_corner_dim=\dimen271
\l__coffin_right_corner_dim=\dimen272
\l__coffin_bottom_corner_dim=\dimen273
\l__coffin_top_corner_dim=\dimen274
\l__coffin_scaled_total_height_dim=\dimen275
\l__coffin_scaled_width_dim=\dimen276
)
("C:\Program Files\MiKTeX 2.9\tex\latex\l3kernel\l3unicode-data.def"
File: l3unicode-data.def 2014/08/12 v5276 L3 Unicode data
)
("C:\Program Files\MiKTeX 2.9\tex\latex\l3kernel\l3pdfmode.def"
File: l3pdfmode.def 2014/08/24 v5366 L3 Experimental driver: PDF mode
\l__driver_color_stack_int=\count182
))
Package: xparse 2014/09/15 v5423 L3 Experimental document command parser
\l__xparse_current_arg_int=\count183
\l__xparse_m_args_int=\count184
\l__xparse_mandatory_args_int=\count185
\l__xparse_processor_int=\count186
\l__xparse_v_nesting_int=\count187
)
("C:\Program Files\MiKTeX 2.9\tex\latex\etoolbox\etoolbox.sty"
Package: etoolbox 2011/01/03 v2.1 e-TeX tools for LaTeX
\etb@tempcnta=\count188
)
("C:\Program Files\MiKTeX 2.9\tex\latex\oberdiek\zref-abspage.sty"
Package: zref-abspage 2012/04/04 v2.24 Module abspage for zref (HO)

("C:\Program Files\MiKTeX 2.9\tex\latex\oberdiek\zref-base.sty"
Package: zref-base 2012/04/04 v2.24 Module base for zref (HO)
Package zref Info: New property list: main on input line 759.
Package zref Info: New property: default on input line 760.
Package zref Info: New property: page on input line 761.
)
\c@abspage=\count189
Package zref Info: New property: abspage on input line 62.
)
("C:\Program Files\MiKTeX 2.9\tex\latex\needspace\needspace.sty"
Package: needspace 2010/09/12 v1.3d reserve vertical space
)
\mdf@templength=\skip74
\c@mdf@globalstyle@cnt=\count190
\mdf@skipabove@length=\skip75
\mdf@skipbelow@length=\skip76
\mdf@leftmargin@length=\skip77
\mdf@rightmargin@length=\skip78
\mdf@innerleftmargin@length=\skip79
\mdf@innerrightmargin@length=\skip80
\mdf@innertopmargin@length=\skip81
\mdf@innerbottommargin@length=\skip82
\mdf@splittopskip@length=\skip83
\mdf@splitbottomskip@length=\skip84
\mdf@outermargin@length=\skip85
\mdf@innermargin@length=\skip86
\mdf@linewidth@length=\skip87
\mdf@innerlinewidth@length=\skip88
\mdf@middlelinewidth@length=\skip89
\mdf@outerlinewidth@length=\skip90
\mdf@roundcorner@length=\skip91
\mdf@footenotedistance@length=\skip92
\mdf@userdefinedwidth@length=\skip93
\mdf@needspace@length=\skip94
\mdf@frametitleaboveskip@length=\skip95
\mdf@frametitlebelowskip@length=\skip96
\mdf@frametitlerulewidth@length=\skip97
\mdf@frametitleleftmargin@length=\skip98
\mdf@frametitlerightmargin@length=\skip99
\mdf@shadowsize@length=\skip100
\mdf@extratopheight@length=\skip101
\mdf@subtitleabovelinewidth@length=\skip102
\mdf@subtitlebelowlinewidth@length=\skip103
\mdf@subtitleaboveskip@length=\skip104
\mdf@subtitlebelowskip@length=\skip105
\mdf@subtitleinneraboveskip@length=\skip106
\mdf@subtitleinnerbelowskip@length=\skip107
\mdf@subsubtitleabovelinewidth@length=\skip108
\mdf@subsubtitlebelowlinewidth@length=\skip109
\mdf@subsubtitleaboveskip@length=\skip110
\mdf@subsubtitlebelowskip@length=\skip111
\mdf@subsubtitleinneraboveskip@length=\skip112
\mdf@subsubtitleinnerbelowskip@length=\skip113

("C:\Program Files\MiKTeX 2.9\tex\latex\mdframed\md-frame-0.mdf"
File: md-frame-0.mdf 2013/07/01\ 1.9b: md-frame-0
)
\mdf@frametitlebox=\box68
\mdf@footnotebox=\box69
\mdf@splitbox@one=\box70
\mdf@splitbox@two=\box71
\mdf@splitbox@save=\box72
\mdfsplitboxwidth=\skip114
\mdfsplitboxtotalwidth=\skip115
\mdfsplitboxheight=\skip116
\mdfsplitboxdepth=\skip117
\mdfsplitboxtotalheight=\skip118
\mdfframetitleboxwidth=\skip119
\mdfframetitleboxtotalwidth=\skip120
\mdfframetitleboxheight=\skip121
\mdfframetitleboxdepth=\skip122
\mdfframetitleboxtotalheight=\skip123
\mdffootnoteboxwidth=\skip124
\mdffootnoteboxtotalwidth=\skip125
\mdffootnoteboxheight=\skip126
\mdffootnoteboxdepth=\skip127
\mdffootnoteboxtotalheight=\skip128
\mdftotallinewidth=\skip129
\mdfboundingboxwidth=\skip130
\mdfboundingboxtotalwidth=\skip131
\mdfboundingboxheight=\skip132
\mdfboundingboxdepth=\skip133
\mdfboundingboxtotalheight=\skip134
\mdf@freevspace@length=\skip135
\mdf@horizontalwidthofbox@length=\skip136
\mdf@verticalmarginwhole@length=\skip137
\mdf@horizontalspaceofbox=\skip138
\mdfsubtitleheight=\skip139
\mdfsubsubtitleheight=\skip140
\c@mdfcountframes=\count191

****** mdframed patching \endmdf@trivlist

****** -- failed******

.................................................
. LaTeX info: "xparse/define-command"
. 
. Defining command \newmdtheoremenv with sig. 'O{} m o m o ' on line 601.
.................................................
.................................................
. LaTeX info: "xparse/define-command"
. 
. Defining command \mdtheorem with sig. ' O{} m o m o ' on line 701.
.................................................
\mdf@envdepth=\count192
\c@mdf@env@i=\count193
\c@mdf@env@ii=\count194
\c@mdf@zref@counter=\count195
Package zref Info: New property: mdf@pagevalue on input line 895.
)
("C:\Program Files\MiKTeX 2.9\tex\latex\multirow\multirow.sty"
\bigstrutjot=\dimen277
)
("D:\Dropbox\__베이지안 네트워크\_Meeting\20141121\beamerthemeENSLyon.s
ty"
Package: beamerthemeENSLyon 2010/06/12  (rcs-revision 0.1)

("C:\Program Files\MiKTeX 2.9\tex\latex\beamer\base\themes\inner\beamerinnerthe
merounded.sty"
Package: beamerinnerthemerounded 2010/06/17  (rcs-revision d02a7cf4d8ae)
)
("D:\Dropbox\__베이지안 네트워크\_Meeting\20141121\beamerouterthemeENSL
yon.sty"
Package: beamerouterthemeENSLyon 2010/06/12  (rcs-revision 0.1)

("D:\Dropbox\__베이지안 네트워크\_Meeting\20141121\beamerouterthemeENSL
yon_2.sty"
Package: beamerouterthemeENSLyon_2 2007/01/28  (rcs-revision 1.5)
)))
("D:\Dropbox\__베이지안 네트워크\_Meeting\20141121\beamercolorthemeENSL
yon_blue.sty"
Package: beamercolorthemeENSLyon_blue 2007/01/28  (rcs-revision 1.3)

("C:\Program Files\MiKTeX 2.9\tex\latex\beamer\base\themes\color\beamercolorthe
mestructure.sty"
Package: beamercolorthemestructure 2010/06/17  (rcs-revision d02a7cf4d8ae)
))
("D:\Dropbox\__베이지안 네트워크\_Meeting\20141121\fete_science.aux")
LaTeX Font Info:    Checking defaults for OML/cmm/m/it on input line 36.
LaTeX Font Info:    ... okay on input line 36.
LaTeX Font Info:    Checking defaults for T1/cmr/m/n on input line 36.
LaTeX Font Info:    ... okay on input line 36.
LaTeX Font Info:    Checking defaults for OT1/cmr/m/n on input line 36.
LaTeX Font Info:    ... okay on input line 36.
LaTeX Font Info:    Checking defaults for OMS/cmsy/m/n on input line 36.
LaTeX Font Info:    ... okay on input line 36.
LaTeX Font Info:    Checking defaults for OMX/cmex/m/n on input line 36.
LaTeX Font Info:    ... okay on input line 36.
LaTeX Font Info:    Checking defaults for U/cmr/m/n on input line 36.
LaTeX Font Info:    ... okay on input line 36.
LaTeX Font Info:    Checking defaults for PD1/pdf/m/n on input line 36.
LaTeX Font Info:    ... okay on input line 36.
LaTeX Font Info:    Checking defaults for LUC/utbt/m/n on input line 36.
LaTeX Font Info:    Try loading font information for LUC+utbt on input line 36.


("C:\Program Files\MiKTeX 2.9\kotex-dist\texmf-dist\tex\latex\kotex-base\utf\lu
cutbt.fd")
LaTeX Font Info:    ... okay on input line 36.

*geometry* driver: auto-detecting
*geometry* detected driver: pdftex
*geometry* verbose mode - [ preamble ] result:
* driver: pdftex
* paper: custom
* layout: <same size as paper>
* layoutoffset:(h,v)=(0.0pt,0.0pt)
* modes: includehead includefoot 
* h-part:(L,W,R)=(14.22636pt, 335.74263pt, 14.22636pt)
* v-part:(T,H,B)=(0.0pt, 273.14662pt, 0.0pt)
* \paperwidth=364.19536pt
* \paperheight=273.14662pt
* \textwidth=335.74263pt
* \textheight=244.6939pt
* \oddsidemargin=-58.04362pt
* \evensidemargin=-58.04362pt
* \topmargin=-72.26999pt
* \headheight=14.22636pt
* \headsep=0.0pt
* \topskip=11.0pt
* \footskip=14.22636pt
* \marginparwidth=4.0pt
* \marginparsep=10.0pt
* \columnsep=10.0pt
* \skip\footins=10.0pt plus 4.0pt minus 2.0pt
* \hoffset=0.0pt
* \voffset=0.0pt
* \mag=1000
* \@twocolumnfalse
* \@twosidefalse
* \@mparswitchfalse
* \@reversemarginfalse
* (1in=72.27pt=25.4mm, 1cm=28.453pt)

("C:\Program Files\MiKTeX 2.9\tex\context\base\supp-pdf.mkii"
[Loading MPS to PDF converter (version 2006.09.02).]
\scratchcounter=\count196
\scratchdimen=\dimen278
\scratchbox=\box73
\nofMPsegments=\count197
\nofMParguments=\count198
\everyMPshowfont=\toks46
\MPscratchCnt=\count199
\MPscratchDim=\dimen279
\MPnumerator=\count200
\makeMPintoPDFobject=\count201
\everyMPtoPDFconversion=\toks47
) ABD: EveryShipout initializing macros
\AtBeginShipoutBox=\box74
Package hyperref Info: Link coloring OFF on input line 36.

("C:\Program Files\MiKTeX 2.9\tex\latex\hyperref\nameref.sty"
Package: nameref 2012/10/27 v2.43 Cross-referencing by name of section

("C:\Program Files\MiKTeX 2.9\tex\generic\oberdiek\gettitlestring.sty"
Package: gettitlestring 2010/12/03 v1.4 Cleanup title references (HO)
)
Normal \count register pool exhausted, switching to extended pool.
\c@section@level=\count277
)
LaTeX Info: Redefining \ref on input line 36.
LaTeX Info: Redefining \pageref on input line 36.
LaTeX Info: Redefining \nameref on input line 36.

("D:\Dropbox\__베이지안 네트워크\_Meeting\20141121\fete_science.out")
("D:\Dropbox\__베이지안 네트워크\_Meeting\20141121\fete_science.out")
\@outlinefile=\write5
LaTeX Font Info:    Overwriting symbol font `operators' in version `normal'
(Font)                  OT1/ppl/m/n --> OT1/cmss/m/n on input line 36.
LaTeX Font Info:    Overwriting symbol font `operators' in version `bold'
(Font)                  OT1/ppl/b/n --> OT1/cmss/bx/n on input line 36.
\symnumbers=\mathgroup7
\sympureletters=\mathgroup8
LaTeX Font Info:    Overwriting math alphabet `\mathrm' in version `normal'
(Font)                  OT1/cmss/m/n --> OT1/ppl/m/n on input line 36.
LaTeX Font Info:    Redeclaring math alphabet \mathbf on input line 36.
LaTeX Font Info:    Overwriting math alphabet `\mathbf' in version `normal'
(Font)                  OT1/zplm/b/n --> OT1/cmss/bx/n on input line 36.
LaTeX Font Info:    Overwriting math alphabet `\mathbf' in version `bold'
(Font)                  OT1/zplm/b/n --> OT1/cmss/bx/n on input line 36.
LaTeX Font Info:    Redeclaring math alphabet \mathsf on input line 36.
LaTeX Font Info:    Overwriting math alphabet `\mathsf' in version `normal'
(Font)                  OT1/cmss/m/n --> OT1/cmss/m/n on input line 36.
LaTeX Font Info:    Overwriting math alphabet `\mathsf' in version `bold'
(Font)                  OT1/cmss/bx/n --> OT1/cmss/m/n on input line 36.
LaTeX Font Info:    Redeclaring math alphabet \mathit on input line 36.
LaTeX Font Info:    Overwriting math alphabet `\mathit' in version `normal'
(Font)                  OT1/ppl/m/it --> OT1/cmss/m/it on input line 36.
LaTeX Font Info:    Overwriting math alphabet `\mathit' in version `bold'
(Font)                  OT1/ppl/b/it --> OT1/cmss/m/it on input line 36.
LaTeX Font Info:    Redeclaring math alphabet \mathtt on input line 36.
LaTeX Font Info:    Overwriting math alphabet `\mathtt' in version `normal'
(Font)                  OT1/cmtt/m/n --> OT1/cmtt/m/n on input line 36.
LaTeX Font Info:    Overwriting math alphabet `\mathtt' in version `bold'
(Font)                  OT1/cmtt/m/n --> OT1/cmtt/m/n on input line 36.
LaTeX Font Info:    Overwriting symbol font `numbers' in version `bold'
(Font)                  OT1/cmss/m/n --> OT1/cmss/bx/n on input line 36.
LaTeX Font Info:    Overwriting symbol font `pureletters' in version `bold'
(Font)                  OT1/cmss/m/it --> OT1/cmss/bx/it on input line 36.
LaTeX Font Info:    Overwriting math alphabet `\mathrm' in version `bold'
(Font)                  OT1/cmss/bx/n --> OT1/ppl/bx/n on input line 36.
LaTeX Font Info:    Overwriting math alphabet `\mathbf' in version `bold'
(Font)                  OT1/cmss/bx/n --> OT1/cmss/bx/n on input line 36.
LaTeX Font Info:    Overwriting math alphabet `\mathsf' in version `bold'
(Font)                  OT1/cmss/m/n --> OT1/cmss/bx/n on input line 36.
LaTeX Font Info:    Overwriting math alphabet `\mathit' in version `bold'
(Font)                  OT1/cmss/m/it --> OT1/cmss/bx/it on input line 36.
LaTeX Font Info:    Overwriting math alphabet `\mathtt' in version `bold'
(Font)                  OT1/cmtt/m/n --> OT1/cmtt/bx/n on input line 36.
LaTeX Font Info:    Redeclaring symbol font `pureletters' on input line 36.
LaTeX Font Info:    Overwriting symbol font `pureletters' in version `normal'
(Font)                  OT1/cmss/m/it --> OT1/mathkerncmss/m/sl on input line 3
6.
LaTeX Font Info:    Overwriting symbol font `pureletters' in version `bold'
(Font)                  OT1/cmss/bx/it --> OT1/mathkerncmss/m/sl on input line 
36.
LaTeX Font Info:    Overwriting symbol font `pureletters' in version `bold'
(Font)                  OT1/mathkerncmss/m/sl --> OT1/mathkerncmss/bx/sl on inp
ut line 36.

("C:\Program Files\MiKTeX 2.9\tex\latex\beamer\base\translator\dicts\translator
-basic-dictionary\translator-basic-dictionary-English.dict"
Dictionary: translator-basic-dictionary, Language: English 
)
("C:\Program Files\MiKTeX 2.9\tex\latex\beamer\base\translator\dicts\translator
-bibliography-dictionary\translator-bibliography-dictionary-English.dict"
Dictionary: translator-bibliography-dictionary, Language: English 
)
("C:\Program Files\MiKTeX 2.9\tex\latex\beamer\base\translator\dicts\translator
-environment-dictionary\translator-environment-dictionary-English.dict"
Dictionary: translator-environment-dictionary, Language: English 
)
("C:\Program Files\MiKTeX 2.9\tex\latex\beamer\base\translator\dicts\translator
-months-dictionary\translator-months-dictionary-English.dict"
Dictionary: translator-months-dictionary, Language: English 
)
("C:\Program Files\MiKTeX 2.9\tex\latex\beamer\base\translator\dicts\translator
-numbers-dictionary\translator-numbers-dictionary-English.dict"
Dictionary: translator-numbers-dictionary, Language: English 
)
("C:\Program Files\MiKTeX 2.9\tex\latex\beamer\base\translator\dicts\translator
-theorem-dictionary\translator-theorem-dictionary-English.dict"
Dictionary: translator-theorem-dictionary, Language: English 
)
LaTeX Info: Redefining \includegraphics on input line 36.

("D:\Dropbox\__베이지안 네트워크\_Meeting\20141121\fete_science.nav")

pdfTeX warning: pdflatex (file D:/Dropbox/__베이지안 네트워크/_Meeting/
20141121/frise_blue.pdf): PDF inclusion: found PDF version <1.6>, but at most v
ersion <1.5> allowed
<frise_blue.pdf, id=78, 789.54973pt x 72.27pt>
File: frise_blue.pdf Graphic file (type pdf)
 <use frise_blue.pdf>
Package pdftex.def Info: frise_blue.pdf used on input line 36.
(pdftex.def)             Requested size: 364.19536pt x 33.33612pt.
LaTeX Font Info:    Try loading font information for LUC+utgt on input line 36.


("C:\Program Files\MiKTeX 2.9\kotex-dist\texmf-dist\tex\latex\kotex-base\utf\lu
cutgt.fd") <background.jpg, id=91, 718.685pt x 541.02126pt>
File: background.jpg Graphic file (type jpg)

<use background.jpg>
Package pdftex.def Info: background.jpg used on input line 44.
(pdftex.def)             Requested size: 362.85081pt x 273.15166pt.

Overfull \hbox (27.10818pt too wide) in paragraph at lines 44--44
[][]  
 []


Overfull \vbox (257.82832pt too high) detected at line 44
 []


LaTeX Font Warning: Font shape `OT1/cmss/m/n' in size <4> not available
(Font)              size <5> substituted on input line 44.

File: frise_blue.pdf Graphic file (type pdf)
<use frise_blue.pdf>
Package pdftex.def Info: frise_blue.pdf used on input line 44.
(pdftex.def)             Requested size: 364.19536pt x 33.33612pt.
 [1{C:/Users/JaeseongYoo/AppData/Local/MiKTeX/2.9/pdftex/config/pdftex.map}

 <D:/Dropbox/__베이지안 네트워크/_Meeting/20141121/background.jpg> <D:/
Dropbox/__베이지안 네트워크/_Meeting/20141121/frise_blue.pdf>]
("D:\Dropbox\__베이지안 네트워크\_Meeting\20141121\fete_science.toc")
File: frise_blue.pdf Graphic file (type pdf)

<use frise_blue.pdf>
Package pdftex.def Info: frise_blue.pdf used on input line 53.
(pdftex.def)             Requested size: 364.19536pt x 33.33612pt.
 [2

]
LaTeX Font Info:    Font shape `LUC/utgt/bx/n' in size <14.4> not available
(Font)              Font shape `LUC/utgt/b/n' tried instead on input line 71.
File: frise_blue.pdf Graphic file (type pdf)
 <use frise_blue.pdf>
Package pdftex.def Info: frise_blue.pdf used on input line 71.
(pdftex.def)             Requested size: 364.19536pt x 33.33612pt.
 [3

]
("D:\Dropbox\__베이지안 네트워크\_Meeting\20141121\fete_science.toc")
File: frise_blue.pdf Graphic file (type pdf)

<use frise_blue.pdf>
Package pdftex.def Info: frise_blue.pdf used on input line 81.
(pdftex.def)             Requested size: 364.19536pt x 33.33612pt.
 [4

]
File: frise_blue.pdf Graphic file (type pdf)
 <use frise_blue.pdf>
Package pdftex.def Info: frise_blue.pdf used on input line 124.
(pdftex.def)             Requested size: 364.19536pt x 33.33612pt.
 [5

]
File: frise_blue.pdf Graphic file (type pdf)
 <use frise_blue.pdf>
Package pdftex.def Info: frise_blue.pdf used on input line 142.
(pdftex.def)             Requested size: 364.19536pt x 33.33612pt.
 [6

]
File: frise_blue.pdf Graphic file (type pdf)

<use frise_blue.pdf>
Package pdftex.def Info: frise_blue.pdf used on input line 162.
(pdftex.def)             Requested size: 364.19536pt x 33.33612pt.
 [7

]
("D:\Dropbox\__베이지안 네트워크\_Meeting\20141121\fete_science.toc")
File: frise_blue.pdf Graphic file (type pdf)

<use frise_blue.pdf>
Package pdftex.def Info: frise_blue.pdf used on input line 172.
(pdftex.def)             Requested size: 364.19536pt x 33.33612pt.
 [8

]
File: frise_blue.pdf Graphic file (type pdf)
 <use frise_blue.pdf>
Package pdftex.def Info: frise_blue.pdf used on input line 195.
(pdftex.def)             Requested size: 364.19536pt x 33.33612pt.
 [9

]
<images/image01.jpg, id=330, 1056.94875pt x 947.54pt>
File: images/image01.jpg Graphic file (type jpg)
 <use images/image01.jpg>
Package pdftex.def Info: images/image01.jpg used on input line 205.
(pdftex.def)             Requested size: 189.62971pt x 170.0pt.

Overfull \vbox (14.12689pt too high) detected at line 205
 []

File: frise_blue.pdf Graphic file (type pdf)
<use frise_blue.pdf>
Package pdftex.def Info: frise_blue.pdf used on input line 205.
(pdftex.def)             Requested size: 364.19536pt x 33.33612pt.
 [10

 <D:/Dropbox/__베이지안 네트워크/_Meeting/20141121/images/image01.jpg>]

<images/Real_1_Asia.jpeg, id=346, 1285.80376pt x 659.46375pt>
File: images/Real_1_Asia.jpeg Graphic file (type jpg)

<use images/Real_1_Asia.jpeg>
Package pdftex.def Info: images/Real_1_Asia.jpeg used on input line 216.
(pdftex.def)             Requested size: 331.45622pt x 170.0pt.

Overfull \vbox (14.12689pt too high) detected at line 216
 []

File: frise_blue.pdf Graphic file (type pdf)
<use frise_blue.pdf>
Package pdftex.def Info: frise_blue.pdf used on input line 216.
(pdftex.def)             Requested size: 364.19536pt x 33.33612pt.
 [11

 <D:/Dropbox/__베이지안 네트워크/_Meeting/20141121/images/Real_1_Asia.j
peg>]
File: frise_blue.pdf Graphic file (type pdf)
 <use frise_blue.pdf>
Package pdftex.def Info: frise_blue.pdf used on input line 240.
(pdftex.def)             Requested size: 364.19536pt x 33.33612pt.
 [12

]
<images/image02.jpg, id=378, 1003.75pt x 1003.75pt>
File: images/image02.jpg Graphic file (type jpg)
 <use images/image02.jpg>
Package pdftex.def Info: images/image02.jpg used on input line 250.
(pdftex.def)             Requested size: 169.99197pt x 170.0pt.

Overfull \vbox (14.12689pt too high) detected at line 250
 []

File: frise_blue.pdf Graphic file (type pdf)
<use frise_blue.pdf>
Package pdftex.def Info: frise_blue.pdf used on input line 250.
(pdftex.def)             Requested size: 364.19536pt x 33.33612pt.
 [13

 <D:/Dropbox/__베이지안 네트워크/_Meeting/20141121/images/image02.jpg>]

<images/Real_2_Insurance.jpeg, id=395, 1285.80376pt x 659.46375pt>
File: images/Real_2_Insurance.jpeg Graphic file (type jpg)

<use images/Real_2_Insurance.jpeg>
Package pdftex.def Info: images/Real_2_Insurance.jpeg used on input line 260.
(pdftex.def)             Requested size: 331.45622pt x 170.0pt.

Overfull \vbox (14.12689pt too high) detected at line 260
 []

File: frise_blue.pdf Graphic file (type pdf)
<use frise_blue.pdf>
Package pdftex.def Info: frise_blue.pdf used on input line 260.
(pdftex.def)             Requested size: 364.19536pt x 33.33612pt.
 [14

 <D:/Dropbox/__베이지안 네트워크/_Meeting/20141121/images/Real_2_Insura
nce.jpeg>]
File: frise_blue.pdf Graphic file (type pdf)
 <use frise_blue.pdf>
Package pdftex.def Info: frise_blue.pdf used on input line 284.
(pdftex.def)             Requested size: 364.19536pt x 33.33612pt.
 [15

]
<images/image03.jpg, id=425, 1003.75pt x 1003.75pt>
File: images/image03.jpg Graphic file (type jpg)
 <use images/image03.jpg>
Package pdftex.def Info: images/image03.jpg used on input line 294.
(pdftex.def)             Requested size: 169.99197pt x 170.0pt.

Overfull \vbox (14.12689pt too high) detected at line 294
 []

File: frise_blue.pdf Graphic file (type pdf)
<use frise_blue.pdf>
Package pdftex.def Info: frise_blue.pdf used on input line 294.
(pdftex.def)             Requested size: 364.19536pt x 33.33612pt.
 [16

 <D:/Dropbox/__베이지안 네트워크/_Meeting/20141121/images/image03.jpg>]

<images/Real_3_Alarm.jpeg, id=441, 1285.80376pt x 659.46375pt>
File: images/Real_3_Alarm.jpeg Graphic file (type jpg)

<use images/Real_3_Alarm.jpeg>
Package pdftex.def Info: images/Real_3_Alarm.jpeg used on input line 304.
(pdftex.def)             Requested size: 331.45622pt x 170.0pt.

Overfull \vbox (14.12689pt too high) detected at line 304
 []

File: frise_blue.pdf Graphic file (type pdf)
<use frise_blue.pdf>
Package pdftex.def Info: frise_blue.pdf used on input line 304.
(pdftex.def)             Requested size: 364.19536pt x 33.33612pt.
 [17

 <D:/Dropbox/__베이지안 네트워크/_Meeting/20141121/images/Real_3_Alarm.
jpeg>]
File: frise_blue.pdf Graphic file (type pdf)
 <use frise_blue.pdf>
Package pdftex.def Info: frise_blue.pdf used on input line 328.
(pdftex.def)             Requested size: 364.19536pt x 33.33612pt.
 [18

]
<images/image04.jpg, id=471, 1003.75pt x 1003.75pt>
File: images/image04.jpg Graphic file (type jpg)
 <use images/image04.jpg>
Package pdftex.def Info: images/image04.jpg used on input line 338.
(pdftex.def)             Requested size: 169.99197pt x 170.0pt.

Overfull \vbox (14.12689pt too high) detected at line 338
 []

File: frise_blue.pdf Graphic file (type pdf)
<use frise_blue.pdf>
Package pdftex.def Info: frise_blue.pdf used on input line 338.
(pdftex.def)             Requested size: 364.19536pt x 33.33612pt.
 [19

 <D:/Dropbox/__베이지안 네트워크/_Meeting/20141121/images/image04.jpg>]

<images/Real_4_Halifinder.jpeg, id=488, 1285.80376pt x 659.46375pt>
File: images/Real_4_Halifinder.jpeg Graphic file (type jpg)

<use images/Real_4_Halifinder.jpeg>
Package pdftex.def Info: images/Real_4_Halifinder.jpeg used on input line 346.
(pdftex.def)             Requested size: 331.45622pt x 170.0pt.

Overfull \vbox (2.12689pt too high) detected at line 346
 []

File: frise_blue.pdf Graphic file (type pdf)
<use frise_blue.pdf>
Package pdftex.def Info: frise_blue.pdf used on input line 346.
(pdftex.def)             Requested size: 364.19536pt x 33.33612pt.
 [20

 <D:/Dropbox/__베이지안 네트워크/_Meeting/20141121/images/Real_4_Halifi
nder.jpeg>]
<images/Real_Result.jpg, id=504, 2007.5pt x 842.14626pt>
File: images/Real_Result.jpg Graphic file (type jpg)

<use images/Real_Result.jpg>
Package pdftex.def Info: images/Real_Result.jpg used on input line 356.
(pdftex.def)             Requested size: 309.87274pt x 130.0pt.
File: frise_blue.pdf Graphic file (type pdf)
 <use frise_blue.pdf>
Package pdftex.def Info: frise_blue.pdf used on input line 356.
(pdftex.def)             Requested size: 364.19536pt x 33.33612pt.
 [21

 <D:/Dropbox/__베이지안 네트워크/_Meeting/20141121/images/Real_Result.j
pg>]
("D:\Dropbox\__베이지안 네트워크\_Meeting\20141121\fete_science.toc")
File: frise_blue.pdf Graphic file (type pdf)

<use frise_blue.pdf>
Package pdftex.def Info: frise_blue.pdf used on input line 365.
(pdftex.def)             Requested size: 364.19536pt x 33.33612pt.
 [22

]
LaTeX Font Info:    Try loading font information for OML+zplm on input line 400
.

("C:\Program Files\MiKTeX 2.9\tex\latex\psnfss\omlzplm.fd"
File: omlzplm.fd 2002/09/08 Fontinst v1.914 font definitions for OML/zplm.
)
LaTeX Font Info:    Try loading font information for OMS+zplm on input line 400
.

("C:\Program Files\MiKTeX 2.9\tex\latex\psnfss\omszplm.fd"
File: omszplm.fd 2002/09/08 Fontinst v1.914 font definitions for OMS/zplm.
)
LaTeX Font Info:    Try loading font information for OMX+zplm on input line 400
.

("C:\Program Files\MiKTeX 2.9\tex\latex\psnfss\omxzplm.fd"
File: omxzplm.fd 2002/09/08 Fontinst v1.914 font definitions for OMX/zplm.
)
LaTeX Font Info:    Font shape `U/msa/m/n' will be
(Font)              scaled to size 8.33606pt on input line 400.
LaTeX Font Info:    Font shape `U/msa/m/n' will be
(Font)              scaled to size 6.25204pt on input line 400.
LaTeX Font Info:    Font shape `U/msa/m/n' will be
(Font)              scaled to size 5.21004pt on input line 400.
LaTeX Font Info:    Font shape `U/msb/m/n' will be
(Font)              scaled to size 8.33606pt on input line 400.
LaTeX Font Info:    Font shape `U/msb/m/n' will be
(Font)              scaled to size 6.25204pt on input line 400.
LaTeX Font Info:    Font shape `U/msb/m/n' will be
(Font)              scaled to size 5.21004pt on input line 400.
LaTeX Font Info:    Try loading font information for OT1+zplm on input line 400
.

("C:\Program Files\MiKTeX 2.9\tex\latex\psnfss\ot1zplm.fd"
File: ot1zplm.fd 2002/09/08 Fontinst v1.914 font definitions for OT1/zplm.
)
LaTeX Font Info:    Try loading font information for OT1+mathkerncmss on input 
line 400.

("C:\Program Files\MiKTeX 2.9\tex\latex\sansmathaccent\ot1mathkerncmss.fd"
File: ot1mathkerncmss.fd 2013/03/27 Fontinst v1.933 font definitions for OT1/ma
thkerncmss.
)
File: frise_blue.pdf Graphic file (type pdf)

<use frise_blue.pdf>
Package pdftex.def Info: frise_blue.pdf used on input line 400.
(pdftex.def)             Requested size: 364.19536pt x 33.33612pt.
 [23

]
<images/image22.jpg, id=563, 1003.75pt x 1218.5525pt>
File: images/image22.jpg Graphic file (type jpg)
 <use images/image22.jpg>
Package pdftex.def Info: images/image22.jpg used on input line 411.
(pdftex.def)             Requested size: 140.01862pt x 170.0pt.

Overfull \vbox (14.12689pt too high) detected at line 411
 []

File: frise_blue.pdf Graphic file (type pdf)
<use frise_blue.pdf>
Package pdftex.def Info: frise_blue.pdf used on input line 411.
(pdftex.def)             Requested size: 364.19536pt x 33.33612pt.
 [24

 <D:/Dropbox/__베이지안 네트워크/_Meeting/20141121/images/image22.jpg>]
 <images/image24.jpg, id=575, 1707.37875pt x 947.54pt>
File: images/image24.jpg Graphic file (type jpg)

<use images/image24.jpg>
Package pdftex.def Info: images/image24.jpg used on input line 422.
(pdftex.def)             Requested size: 306.32492pt x 170.0pt.

Overfull \vbox (14.12689pt too high) detected at line 422
 []

File: frise_blue.pdf Graphic file (type pdf)
<use frise_blue.pdf>
Package pdftex.def Info: frise_blue.pdf used on input line 422.
(pdftex.def)             Requested size: 364.19536pt x 33.33612pt.
 [25

 <D:/Dropbox/__베이지안 네트워크/_Meeting/20141121/images/image24.jpg>]
 <images/image23.jpg, id=588, 1445.4pt x 873.2625pt>
File: images/image23.jpg Graphic file (type jpg)

<use images/image23.jpg>
Package pdftex.def Info: images/image23.jpg used on input line 433.
(pdftex.def)             Requested size: 281.37769pt x 170.0pt.

Overfull \vbox (14.12689pt too high) detected at line 433
 []

File: frise_blue.pdf Graphic file (type pdf)
<use frise_blue.pdf>
Package pdftex.def Info: frise_blue.pdf used on input line 433.
(pdftex.def)             Requested size: 364.19536pt x 33.33612pt.
 [26

 <D:/Dropbox/__베이지안 네트워크/_Meeting/20141121/images/image23.jpg>]
File: frise_blue.pdf Graphic file (type pdf)
 <use frise_blue.pdf>
Package pdftex.def Info: frise_blue.pdf used on input line 450.
(pdftex.def)             Requested size: 364.19536pt x 33.33612pt.
 [27

]
File: frise_blue.pdf Graphic file (type pdf)
 <use frise_blue.pdf>
Package pdftex.def Info: frise_blue.pdf used on input line 481.
(pdftex.def)             Requested size: 364.19536pt x 33.33612pt.

[28

]
File: frise_blue.pdf Graphic file (type pdf)
 <use frise_blue.pdf>
Package pdftex.def Info: frise_blue.pdf used on input line 511.
(pdftex.def)             Requested size: 364.19536pt x 33.33612pt.
 [29

]
File: frise_blue.pdf Graphic file (type pdf)
 <use frise_blue.pdf>
Package pdftex.def Info: frise_blue.pdf used on input line 540.
(pdftex.def)             Requested size: 364.19536pt x 33.33612pt.
 [30

]
File: frise_blue.pdf Graphic file (type pdf)
 <use frise_blue.pdf>
Package pdftex.def Info: frise_blue.pdf used on input line 570.
(pdftex.def)             Requested size: 364.19536pt x 33.33612pt.

[31

] ("D:\Dropbox\__베이지안 네트워크\_Meeting\20141121\fete_science.toc")
File: frise_blue.pdf Graphic file (type pdf)
 <use frise_blue.pdf>
Package pdftex.def Info: frise_blue.pdf used on input line 580.
(pdftex.def)             Requested size: 364.19536pt x 33.33612pt.
 [32

]
<images/image21.jpg, id=683, 854.19125pt x 629.35126pt>
File: images/image21.jpg Graphic file (type jpg)

<use images/image21.jpg>
Package pdftex.def Info: images/image21.jpg used on input line 597.
(pdftex.def)             Requested size: 203.58939pt x 150.0pt.

Overfull \vbox (16.29355pt too high) detected at line 597
 []

File: frise_blue.pdf Graphic file (type pdf)
<use frise_blue.pdf>
Package pdftex.def Info: frise_blue.pdf used on input line 597.
(pdftex.def)             Requested size: 364.19536pt x 33.33612pt.
 [33

 <D:/Dropbox/__베이지안 네트워크/_Meeting/20141121/images/image21.jpg>]

<images/Topologies_Collapse.jpg, id=695, 849.1725pt x 132.495pt>
File: images/Topologies_Collapse.jpg Graphic file (type jpg)

<use images/Topologies_Collapse.jpg>
Package pdftex.def Info: images/Topologies_Collapse.jpg used on input line 607.

(pdftex.def)             Requested size: 320.46024pt x 50.0pt.
File: frise_blue.pdf Graphic file (type pdf)
 <use frise_blue.pdf>
Package pdftex.def Info: frise_blue.pdf used on input line 607.
(pdftex.def)             Requested size: 364.19536pt x 33.33612pt.
 [34

 <D:/Dropbox/__베이지안 네트워크/_Meeting/20141121/images/Topologies_Co
llapse.jpg>]
<images/01_Collapse_Score.jpeg, id=708, 1505.625pt x 1806.75pt>
File: images/01_Collapse_Score.jpeg Graphic file (type jpg)

<use images/01_Collapse_Score.jpeg>
Package pdftex.def Info: images/01_Collapse_Score.jpeg used on input line 618.
(pdftex.def)             Requested size: 141.65742pt x 170.0pt.

Overfull \vbox (14.12689pt too high) detected at line 618
 []

File: frise_blue.pdf Graphic file (type pdf)
<use frise_blue.pdf>
Package pdftex.def Info: frise_blue.pdf used on input line 618.
(pdftex.def)             Requested size: 364.19536pt x 33.33612pt.
 [35

 <D:/Dropbox/__베이지안 네트워크/_Meeting/20141121/images/01_Collapse_S
core.jpeg>]
<images/01_Collapse_Arcs.jpeg, id=720, 1505.625pt x 1806.75pt>
File: images/01_Collapse_Arcs.jpeg Graphic file (type jpg)

<use images/01_Collapse_Arcs.jpeg>
Package pdftex.def Info: images/01_Collapse_Arcs.jpeg used on input line 628.
(pdftex.def)             Requested size: 141.65742pt x 170.0pt.

Overfull \vbox (14.12689pt too high) detected at line 628
 []

File: frise_blue.pdf Graphic file (type pdf)
<use frise_blue.pdf>
Package pdftex.def Info: frise_blue.pdf used on input line 628.
(pdftex.def)             Requested size: 364.19536pt x 33.33612pt.
 [36

 <D:/Dropbox/__베이지안 네트워크/_Meeting/20141121/images/01_Collapse_A
rcs.jpeg>]
<images/Result_Collapse.jpg, id=732, 2007.5pt x 961.5925pt>
File: images/Result_Collapse.jpg Graphic file (type jpg)

<use images/Result_Collapse.jpg>
Package pdftex.def Info: images/Result_Collapse.jpg used on input line 639.
(pdftex.def)             Requested size: 271.39902pt x 130.0pt.
File: frise_blue.pdf Graphic file (type pdf)
 <use frise_blue.pdf>
Package pdftex.def Info: frise_blue.pdf used on input line 639.
(pdftex.def)             Requested size: 364.19536pt x 33.33612pt.
 [37

 <D:/Dropbox/__베이지안 네트워크/_Meeting/20141121/images/Result_Collap
se.jpg>]
<images/Topologies_Line.jpg, id=745, 849.1725pt x 132.495pt>
File: images/Topologies_Line.jpg Graphic file (type jpg)

<use images/Topologies_Line.jpg>
Package pdftex.def Info: images/Topologies_Line.jpg used on input line 650.
(pdftex.def)             Requested size: 320.46024pt x 50.0pt.
File: frise_blue.pdf Graphic file (type pdf)
 <use frise_blue.pdf>
Package pdftex.def Info: frise_blue.pdf used on input line 650.
(pdftex.def)             Requested size: 364.19536pt x 33.33612pt.
 [38

 <D:/Dropbox/__베이지안 네트워크/_Meeting/20141121/images/Topologies_Li
ne.jpg>]
<images/02_Line_Score.jpeg, id=757, 1505.625pt x 1806.75pt>
File: images/02_Line_Score.jpeg Graphic file (type jpg)

<use images/02_Line_Score.jpeg>
Package pdftex.def Info: images/02_Line_Score.jpeg used on input line 661.
(pdftex.def)             Requested size: 141.65742pt x 170.0pt.

Overfull \vbox (14.12689pt too high) detected at line 661
 []

File: frise_blue.pdf Graphic file (type pdf)
<use frise_blue.pdf>
Package pdftex.def Info: frise_blue.pdf used on input line 661.
(pdftex.def)             Requested size: 364.19536pt x 33.33612pt.
 [39

 <D:/Dropbox/__베이지안 네트워크/_Meeting/20141121/images/02_Line_Score
.jpeg>]
<images/02_Line_Arcs.jpeg, id=769, 1505.625pt x 1806.75pt>
File: images/02_Line_Arcs.jpeg Graphic file (type jpg)

<use images/02_Line_Arcs.jpeg>
Package pdftex.def Info: images/02_Line_Arcs.jpeg used on input line 671.
(pdftex.def)             Requested size: 141.65742pt x 170.0pt.

Overfull \vbox (14.12689pt too high) detected at line 671
 []

File: frise_blue.pdf Graphic file (type pdf)
<use frise_blue.pdf>
Package pdftex.def Info: frise_blue.pdf used on input line 671.
(pdftex.def)             Requested size: 364.19536pt x 33.33612pt.
 [40

 <D:/Dropbox/__베이지안 네트워크/_Meeting/20141121/images/02_Line_Arcs.
jpeg>]
<images/Result_Line.jpg, id=781, 2007.5pt x 961.5925pt>
File: images/Result_Line.jpg Graphic file (type jpg)

<use images/Result_Line.jpg>
Package pdftex.def Info: images/Result_Line.jpg used on input line 682.
(pdftex.def)             Requested size: 271.39902pt x 130.0pt.
File: frise_blue.pdf Graphic file (type pdf)
 <use frise_blue.pdf>
Package pdftex.def Info: frise_blue.pdf used on input line 682.
(pdftex.def)             Requested size: 364.19536pt x 33.33612pt.
 [41

 <D:/Dropbox/__베이지안 네트워크/_Meeting/20141121/images/Result_Line.j
pg>]
<images/Topologies_Star.jpg, id=793, 849.1725pt x 132.495pt>
File: images/Topologies_Star.jpg Graphic file (type jpg)

<use images/Topologies_Star.jpg>
Package pdftex.def Info: images/Topologies_Star.jpg used on input line 693.
(pdftex.def)             Requested size: 320.46024pt x 50.0pt.
File: frise_blue.pdf Graphic file (type pdf)
 <use frise_blue.pdf>
Package pdftex.def Info: frise_blue.pdf used on input line 693.
(pdftex.def)             Requested size: 364.19536pt x 33.33612pt.
 [42

 <D:/Dropbox/__베이지안 네트워크/_Meeting/20141121/images/Topologies_St
ar.jpg>]
<images/03_Star_Score.jpeg, id=805, 1505.625pt x 1806.75pt>
File: images/03_Star_Score.jpeg Graphic file (type jpg)

<use images/03_Star_Score.jpeg>
Package pdftex.def Info: images/03_Star_Score.jpeg used on input line 704.
(pdftex.def)             Requested size: 141.65742pt x 170.0pt.

Overfull \vbox (14.12689pt too high) detected at line 704
 []

File: frise_blue.pdf Graphic file (type pdf)
<use frise_blue.pdf>
Package pdftex.def Info: frise_blue.pdf used on input line 704.
(pdftex.def)             Requested size: 364.19536pt x 33.33612pt.
 [43

 <D:/Dropbox/__베이지안 네트워크/_Meeting/20141121/images/03_Star_Score
.jpeg>]
<images/03_Star_Arcs.jpeg, id=818, 1505.625pt x 1806.75pt>
File: images/03_Star_Arcs.jpeg Graphic file (type jpg)

<use images/03_Star_Arcs.jpeg>
Package pdftex.def Info: images/03_Star_Arcs.jpeg used on input line 714.
(pdftex.def)             Requested size: 141.65742pt x 170.0pt.

Overfull \vbox (14.12689pt too high) detected at line 714
 []

File: frise_blue.pdf Graphic file (type pdf)
<use frise_blue.pdf>
Package pdftex.def Info: frise_blue.pdf used on input line 714.
(pdftex.def)             Requested size: 364.19536pt x 33.33612pt.
 [44

 <D:/Dropbox/__베이지안 네트워크/_Meeting/20141121/images/03_Star_Arcs.
jpeg>]
<images/Result_Star.jpg, id=830, 2007.5pt x 961.5925pt>
File: images/Result_Star.jpg Graphic file (type jpg)

<use images/Result_Star.jpg>
Package pdftex.def Info: images/Result_Star.jpg used on input line 725.
(pdftex.def)             Requested size: 271.39902pt x 130.0pt.
File: frise_blue.pdf Graphic file (type pdf)
 <use frise_blue.pdf>
Package pdftex.def Info: frise_blue.pdf used on input line 725.
(pdftex.def)             Requested size: 364.19536pt x 33.33612pt.
 [45

 <D:/Dropbox/__베이지안 네트워크/_Meeting/20141121/images/Result_Star.j
pg>]
<images/Topologies_PseudoLoop.jpg, id=842, 849.1725pt x 132.495pt>
File: images/Topologies_PseudoLoop.jpg Graphic file (type jpg)

<use images/Topologies_PseudoLoop.jpg>
Package pdftex.def Info: images/Topologies_PseudoLoop.jpg used on input line 73
6.
(pdftex.def)             Requested size: 320.46024pt x 50.0pt.
File: frise_blue.pdf Graphic file (type pdf)
 <use frise_blue.pdf>
Package pdftex.def Info: frise_blue.pdf used on input line 736.
(pdftex.def)             Requested size: 364.19536pt x 33.33612pt.
 [46

 <D:/Dropbox/__베이지안 네트워크/_Meeting/20141121/images/Topologies_Ps
eudoLoop.jpg>]
<images/04_PseudoLoop_Score.jpeg, id=854, 1505.625pt x 1806.75pt>
File: images/04_PseudoLoop_Score.jpeg Graphic file (type jpg)

<use images/04_PseudoLoop_Score.jpeg>
Package pdftex.def Info: images/04_PseudoLoop_Score.jpeg used on input line 747
.
(pdftex.def)             Requested size: 141.65742pt x 170.0pt.

Overfull \vbox (14.12689pt too high) detected at line 747
 []

File: frise_blue.pdf Graphic file (type pdf)
<use frise_blue.pdf>
Package pdftex.def Info: frise_blue.pdf used on input line 747.
(pdftex.def)             Requested size: 364.19536pt x 33.33612pt.
 [47

 <D:/Dropbox/__베이지안 네트워크/_Meeting/20141121/images/04_PseudoLoop
_Score.jpeg>]
<images/04_PseudoLoop_Arcs.jpeg, id=866, 1505.625pt x 1806.75pt>
File: images/04_PseudoLoop_Arcs.jpeg Graphic file (type jpg)

<use images/04_PseudoLoop_Arcs.jpeg>
Package pdftex.def Info: images/04_PseudoLoop_Arcs.jpeg used on input line 757.

(pdftex.def)             Requested size: 141.65742pt x 170.0pt.

Overfull \vbox (14.12689pt too high) detected at line 757
 []

File: frise_blue.pdf Graphic file (type pdf)
<use frise_blue.pdf>
Package pdftex.def Info: frise_blue.pdf used on input line 757.
(pdftex.def)             Requested size: 364.19536pt x 33.33612pt.
 [48

 <D:/Dropbox/__베이지안 네트워크/_Meeting/20141121/images/04_PseudoLoop
_Arcs.jpeg>]
<images/Result_PseudoLoop.jpg, id=878, 2007.5pt x 961.5925pt>
File: images/Result_PseudoLoop.jpg Graphic file (type jpg)

<use images/Result_PseudoLoop.jpg>
Package pdftex.def Info: images/Result_PseudoLoop.jpg used on input line 767.
(pdftex.def)             Requested size: 271.39902pt x 130.0pt.
File: frise_blue.pdf Graphic file (type pdf)
 <use frise_blue.pdf>
Package pdftex.def Info: frise_blue.pdf used on input line 767.
(pdftex.def)             Requested size: 364.19536pt x 33.33612pt.
 [49

 <D:/Dropbox/__베이지안 네트워크/_Meeting/20141121/images/Result_Pseudo
Loop.jpg>]
<images/Topologies_Diamond.jpg, id=891, 849.1725pt x 132.495pt>
File: images/Topologies_Diamond.jpg Graphic file (type jpg)

<use images/Topologies_Diamond.jpg>
Package pdftex.def Info: images/Topologies_Diamond.jpg used on input line 779.
(pdftex.def)             Requested size: 320.46024pt x 50.0pt.
File: frise_blue.pdf Graphic file (type pdf)
 <use frise_blue.pdf>
Package pdftex.def Info: frise_blue.pdf used on input line 779.
(pdftex.def)             Requested size: 364.19536pt x 33.33612pt.
 [50

 <D:/Dropbox/__베이지안 네트워크/_Meeting/20141121/images/Topologies_Di
amond.jpg>]
<images/05_Diamond_Score.jpeg, id=903, 1505.625pt x 1806.75pt>
File: images/05_Diamond_Score.jpeg Graphic file (type jpg)

<use images/05_Diamond_Score.jpeg>
Package pdftex.def Info: images/05_Diamond_Score.jpeg used on input line 790.
(pdftex.def)             Requested size: 141.65742pt x 170.0pt.

Overfull \vbox (14.12689pt too high) detected at line 790
 []

File: frise_blue.pdf Graphic file (type pdf)
<use frise_blue.pdf>
Package pdftex.def Info: frise_blue.pdf used on input line 790.
(pdftex.def)             Requested size: 364.19536pt x 33.33612pt.
 [51

 <D:/Dropbox/__베이지안 네트워크/_Meeting/20141121/images/05_Diamond_Sc
ore.jpeg>]
<images/05_Diamond_Arcs.jpeg, id=915, 1505.625pt x 1806.75pt>
File: images/05_Diamond_Arcs.jpeg Graphic file (type jpg)

<use images/05_Diamond_Arcs.jpeg>
Package pdftex.def Info: images/05_Diamond_Arcs.jpeg used on input line 800.
(pdftex.def)             Requested size: 141.65742pt x 170.0pt.

Overfull \vbox (14.12689pt too high) detected at line 800
 []

File: frise_blue.pdf Graphic file (type pdf)
<use frise_blue.pdf>
Package pdftex.def Info: frise_blue.pdf used on input line 800.
(pdftex.def)             Requested size: 364.19536pt x 33.33612pt.
 [52

 <D:/Dropbox/__베이지안 네트워크/_Meeting/20141121/images/05_Diamond_Ar
cs.jpeg>]
<images/Result_Diamond.jpg, id=927, 2007.5pt x 842.14626pt>
File: images/Result_Diamond.jpg Graphic file (type jpg)

<use images/Result_Diamond.jpg>
Package pdftex.def Info: images/Result_Diamond.jpg used on input line 810.
(pdftex.def)             Requested size: 309.87274pt x 130.0pt.
File: frise_blue.pdf Graphic file (type pdf)
 <use frise_blue.pdf>
Package pdftex.def Info: frise_blue.pdf used on input line 810.
(pdftex.def)             Requested size: 364.19536pt x 33.33612pt.
 [53

 <D:/Dropbox/__베이지안 네트워크/_Meeting/20141121/images/Result_Diamon
d.jpg>]
<images/Topologies_Rhombus.jpg, id=939, 849.1725pt x 132.495pt>
File: images/Topologies_Rhombus.jpg Graphic file (type jpg)

<use images/Topologies_Rhombus.jpg>
Package pdftex.def Info: images/Topologies_Rhombus.jpg used on input line 820.
(pdftex.def)             Requested size: 320.46024pt x 50.0pt.
File: frise_blue.pdf Graphic file (type pdf)
 <use frise_blue.pdf>
Package pdftex.def Info: frise_blue.pdf used on input line 820.
(pdftex.def)             Requested size: 364.19536pt x 33.33612pt.
 [54

 <D:/Dropbox/__베이지안 네트워크/_Meeting/20141121/images/Topologies_Rh
ombus.jpg>]
<images/06_Rhombus_Score.jpeg, id=951, 1505.625pt x 1806.75pt>
File: images/06_Rhombus_Score.jpeg Graphic file (type jpg)

<use images/06_Rhombus_Score.jpeg>
Package pdftex.def Info: images/06_Rhombus_Score.jpeg used on input line 831.
(pdftex.def)             Requested size: 141.65742pt x 170.0pt.

Overfull \vbox (14.12689pt too high) detected at line 831
 []

File: frise_blue.pdf Graphic file (type pdf)
<use frise_blue.pdf>
Package pdftex.def Info: frise_blue.pdf used on input line 831.
(pdftex.def)             Requested size: 364.19536pt x 33.33612pt.
 [55

 <D:/Dropbox/__베이지안 네트워크/_Meeting/20141121/images/06_Rhombus_Sc
ore.jpeg>]
<images/06_Rhombus_Arcs.jpeg, id=964, 1505.625pt x 1806.75pt>
File: images/06_Rhombus_Arcs.jpeg Graphic file (type jpg)

<use images/06_Rhombus_Arcs.jpeg>
Package pdftex.def Info: images/06_Rhombus_Arcs.jpeg used on input line 841.
(pdftex.def)             Requested size: 141.65742pt x 170.0pt.

Overfull \vbox (14.12689pt too high) detected at line 841
 []

File: frise_blue.pdf Graphic file (type pdf)
<use frise_blue.pdf>
Package pdftex.def Info: frise_blue.pdf used on input line 841.
(pdftex.def)             Requested size: 364.19536pt x 33.33612pt.
 [56

 <D:/Dropbox/__베이지안 네트워크/_Meeting/20141121/images/06_Rhombus_Ar
cs.jpeg>]
<images/Result_Rhombus.jpg, id=976, 2007.5pt x 842.14626pt>
File: images/Result_Rhombus.jpg Graphic file (type jpg)

<use images/Result_Rhombus.jpg>
Package pdftex.def Info: images/Result_Rhombus.jpg used on input line 852.
(pdftex.def)             Requested size: 309.87274pt x 130.0pt.
File: frise_blue.pdf Graphic file (type pdf)
 <use frise_blue.pdf>
Package pdftex.def Info: frise_blue.pdf used on input line 852.
(pdftex.def)             Requested size: 364.19536pt x 33.33612pt.
 [57

 <D:/Dropbox/__베이지안 네트워크/_Meeting/20141121/images/Result_Rhombu
s.jpg>]
File: frise_blue.pdf Graphic file (type pdf)

<use frise_blue.pdf>
Package pdftex.def Info: frise_blue.pdf used on input line 867.
(pdftex.def)             Requested size: 364.19536pt x 33.33612pt.
 [58

]
File: frise_blue.pdf Graphic file (type pdf)
 <use frise_blue.pdf>
Package pdftex.def Info: frise_blue.pdf used on input line 889.
(pdftex.def)             Requested size: 364.19536pt x 33.33612pt.
 [59

]
File: frise_blue.pdf Graphic file (type pdf)
 <use frise_blue.pdf>
Package pdftex.def Info: frise_blue.pdf used on input line 903.
(pdftex.def)             Requested size: 364.19536pt x 33.33612pt.

[60

]
Overfull \vbox (3.83488pt too high) detected at line 940
 []

File: frise_blue.pdf Graphic file (type pdf)
<use frise_blue.pdf>
Package pdftex.def Info: frise_blue.pdf used on input line 940.
(pdftex.def)             Requested size: 364.19536pt x 33.33612pt.
 [61

]
\tf@nav=\write6
\tf@toc=\write7
\tf@snm=\write8
Package atveryend Info: Empty hook `BeforeClearDocument' on input line 942.
Package atveryend Info: Empty hook `AfterLastShipout' on input line 942.

("D:\Dropbox\__베이지안 네트워크\_Meeting\20141121\fete_science.aux")
Package atveryend Info: Executing hook `AtVeryEndDocument' on input line 942.
Package atveryend Info: Executing hook `AtEndAfterFileList' on input line 942.
Package rerunfilecheck Info: File `fete_science.out' has not changed.
(rerunfilecheck)             Checksum: F8D73652E01CA25F8BDF9100C3A7CAF9;987.


LaTeX Font Warning: Size substitutions with differences
(Font)              up to 1.0pt have occurred.

Package atveryend Info: Empty hook `AtVeryVeryEnd' on input line 942.
 ) 
Here is how much of TeX's memory you used:
 25264 strings out of 493889
 487426 string characters out of 3146781
 558910 words of memory out of 3000000
 27816 multiletter control sequences out of 15000+200000
 36747 words of font info for 125 fonts, out of 3000000 for 9000
 841 hyphenation exceptions out of 8191
 57i,20n,63p,10422b,746s stack positions out of 5000i,500n,10000p,200000b,50000s
<C:/Program Files/MiKTeX 2.9/fonts/type1/public/amsfonts/cm/cmss10.pfb><C:/Pr
ogram Files/MiKTeX 2.9/fonts/type1/public/amsfonts/cm/cmss8.pfb><C:/Program Fil
es/MiKTeX 2.9/fonts/type1/public/amsfonts/cm/cmssbx10.pfb><C:/Program Files/MiK
TeX 2.9/fonts/type1/public/amsfonts/cm/cmsy10.pfb><C:/Program Files/MiKTeX 2.9/
kotex-dist/texmf-dist/fonts/type1/kotex-base/gothic/outgtbac.pfb><C:/Program Fi
les/MiKTeX 2.9/kotex-dist/texmf-dist/fonts/type1/kotex-base/gothic/outgtbad.pfb
><C:/Program Files/MiKTeX 2.9/kotex-dist/texmf-dist/fonts/type1/kotex-base/goth
ic/outgtbae.pfb><C:/Program Files/MiKTeX 2.9/kotex-dist/texmf-dist/fonts/type1/
kotex-base/gothic/outgtbb2.pfb><C:/Program Files/MiKTeX 2.9/kotex-dist/texmf-di
st/fonts/type1/kotex-base/gothic/outgtbb5.pfb><C:/Program Files/MiKTeX 2.9/kote
x-dist/texmf-dist/fonts/type1/kotex-base/gothic/outgtbb8.pfb><C:/Program Files/
MiKTeX 2.9/kotex-dist/texmf-dist/fonts/type1/kotex-base/gothic/outgtbb9.pfb><C:
/Program Files/MiKTeX 2.9/kotex-dist/texmf-dist/fonts/type1/kotex-base/gothic/o
utgtbba.pfb><C:/Program Files/MiKTeX 2.9/kotex-dist/texmf-dist/fonts/type1/kote
x-base/gothic/outgtbbd.pfb><C:/Program Files/MiKTeX 2.9/kotex-dist/texmf-dist/f
onts/type1/kotex-base/gothic/outgtbbe.pfb><C:/Program Files/MiKTeX 2.9/kotex-di
st/texmf-dist/fonts/type1/kotex-base/gothic/outgtbc1.pfb><C:/Program Files/MiKT
eX 2.9/kotex-dist/texmf-dist/fonts/type1/kotex-base/gothic/outgtbc5.pfb><C:/Pro
gram Files/MiKTeX 2.9/kotex-dist/texmf-dist/fonts/type1/kotex-base/gothic/outgt
bc6.pfb><C:/Program Files/MiKTeX 2.9/kotex-dist/texmf-dist/fonts/type1/kotex-ba
se/gothic/outgtbc7.pfb><C:/Program Files/MiKTeX 2.9/kotex-dist/texmf-dist/fonts
/type1/kotex-base/gothic/outgtbc8.pfb><C:/Program Files/MiKTeX 2.9/kotex-dist/t
exmf-dist/fonts/type1/kotex-base/gothic/outgtbc9.pfb><C:/Program Files/MiKTeX 2
.9/kotex-dist/texmf-dist/fonts/type1/kotex-base/gothic/outgtbd3.pfb><C:/Program
 Files/MiKTeX 2.9/kotex-dist/texmf-dist/fonts/type1/kotex-base/gothic/outgtbd4.
pfb><C:/Program Files/MiKTeX 2.9/kotex-dist/texmf-dist/fonts/type1/kotex-base/g
othic/outgtbd5.pfb><C:/Program Files/MiKTeX 2.9/kotex-dist/texmf-dist/fonts/typ
e1/kotex-base/gothic/outgtmac.pfb><C:/Program Files/MiKTeX 2.9/kotex-dist/texmf
-dist/fonts/type1/kotex-base/gothic/outgtmad.pfb><C:/Program Files/MiKTeX 2.9/k
otex-dist/texmf-dist/fonts/type1/kotex-base/gothic/outgtmae.pfb><C:/Program Fil
es/MiKTeX 2.9/kotex-dist/texmf-dist/fonts/type1/kotex-base/gothic/outgtmb0.pfb>
<C:/Program Files/MiKTeX 2.9/kotex-dist/texmf-dist/fonts/type1/kotex-base/gothi
c/outgtmb1.pfb><C:/Program Files/MiKTeX 2.9/kotex-dist/texmf-dist/fonts/type1/k
otex-base/gothic/outgtmb2.pfb><C:/Program Files/MiKTeX 2.9/kotex-dist/texmf-dis
t/fonts/type1/kotex-base/gothic/outgtmb3.pfb><C:/Program Files/MiKTeX 2.9/kotex
-dist/texmf-dist/fonts/type1/kotex-base/gothic/outgtmb4.pfb><C:/Program Files/M
iKTeX 2.9/kotex-dist/texmf-dist/fonts/type1/kotex-base/gothic/outgtmb5.pfb><C:/
Program Files/MiKTeX 2.9/kotex-dist/texmf-dist/fonts/type1/kotex-base/gothic/ou
tgtmb7.pfb><C:/Program Files/MiKTeX 2.9/kotex-dist/texmf-dist/fonts/type1/kotex
-base/gothic/outgtmb8.pfb><C:/Program Files/MiKTeX 2.9/kotex-dist/texmf-dist/fo
nts/type1/kotex-base/gothic/outgtmb9.pfb><C:/Program Files/MiKTeX 2.9/kotex-dis
t/texmf-dist/fonts/type1/kotex-base/gothic/outgtmba.pfb><C:/Program Files/MiKTe
X 2.9/kotex-dist/texmf-dist/fonts/type1/kotex-base/gothic/outgtmbb.pfb><C:/Prog
ram Files/MiKTeX 2.9/kotex-dist/texmf-dist/fonts/type1/kotex-base/gothic/outgtm
bc.pfb><C:/Program Files/MiKTeX 2.9/kotex-dist/texmf-dist/fonts/type1/kotex-bas
e/gothic/outgtmbd.pfb><C:/Program Files/MiKTeX 2.9/kotex-dist/texmf-dist/fonts/
type1/kotex-base/gothic/outgtmbe.pfb><C:/Program Files/MiKTeX 2.9/kotex-dist/te
xmf-dist/fonts/type1/kotex-base/gothic/outgtmc0.pfb><C:/Program Files/MiKTeX 2.
9/kotex-dist/texmf-dist/fonts/type1/kotex-base/gothic/outgtmc1.pfb><C:/Program 
Files/MiKTeX 2.9/kotex-dist/texmf-dist/fonts/type1/kotex-base/gothic/outgtmc2.p
fb><C:/Program Files/MiKTeX 2.9/kotex-dist/texmf-dist/fonts/type1/kotex-base/go
thic/outgtmc5.pfb><C:/Program Files/MiKTeX 2.9/kotex-dist/texmf-dist/fonts/type
1/kotex-base/gothic/outgtmc6.pfb><C:/Program Files/MiKTeX 2.9/kotex-dist/texmf-
dist/fonts/type1/kotex-base/gothic/outgtmc7.pfb><C:/Program Files/MiKTeX 2.9/ko
tex-dist/texmf-dist/fonts/type1/kotex-base/gothic/outgtmc8.pfb><C:/Program File
s/MiKTeX 2.9/kotex-dist/texmf-dist/fonts/type1/kotex-base/gothic/outgtmc9.pfb><
C:/Program Files/MiKTeX 2.9/kotex-dist/texmf-dist/fonts/type1/kotex-base/gothic
/outgtmcc.pfb><C:/Program Files/MiKTeX 2.9/kotex-dist/texmf-dist/fonts/type1/ko
tex-base/gothic/outgtmcd.pfb><C:/Program Files/MiKTeX 2.9/kotex-dist/texmf-dist
/fonts/type1/kotex-base/gothic/outgtmce.pfb><C:/Program Files/MiKTeX 2.9/kotex-
dist/texmf-dist/fonts/type1/kotex-base/gothic/outgtmcf.pfb><C:/Program Files/Mi
KTeX 2.9/kotex-dist/texmf-dist/fonts/type1/kotex-base/gothic/outgtmd0.pfb><C:/P
rogram Files/MiKTeX 2.9/kotex-dist/texmf-dist/fonts/type1/kotex-base/gothic/out
gtmd1.pfb><C:/Program Files/MiKTeX 2.9/kotex-dist/texmf-dist/fonts/type1/kotex-
base/gothic/outgtmd2.pfb><C:/Program Files/MiKTeX 2.9/kotex-dist/texmf-dist/fon
ts/type1/kotex-base/gothic/outgtmd3.pfb><C:/Program Files/MiKTeX 2.9/kotex-dist
/texmf-dist/fonts/type1/kotex-base/gothic/outgtmd4.pfb><C:/Program Files/MiKTeX
 2.9/kotex-dist/texmf-dist/fonts/type1/kotex-base/gothic/outgtmd5.pfb><C:/Progr
am Files/MiKTeX 2.9/kotex-dist/texmf-dist/fonts/type1/kotex-base/gothic/outgtmd
6.pfb><C:/Program Files/MiKTeX 2.9/kotex-dist/texmf-dist/fonts/type1/kotex-base
/gothic/outgtmd7.pfb>
Output written on fete_science.pdf (61 pages, 17462142 bytes).
PDF statistics:
 1258 PDF objects out of 1440 (max. 8388607)
 139 named destinations out of 1000 (max. 500000)
 420 words of extra memory for PDF output out of 10000 (max. 10000000)

